{"meta": {"format": 3, "version": "7.10.7", "timestamp": "2025-10-12T20:59:46.670173", "branch_coverage": false, "show_contexts": false}, "files": {"app/__init__.py": {"executed_lines": [0], "summary": {"covered_lines": 0, "num_statements": 0, "percent_covered": 100.0, "percent_covered_display": "100", "missing_lines": 0, "excluded_lines": 0}, "missing_lines": [], "excluded_lines": [], "functions": {"": {"executed_lines": [], "summary": {"covered_lines": 0, "num_statements": 0, "percent_covered": 100.0, "percent_covered_display": "100", "missing_lines": 0, "excluded_lines": 0}, "missing_lines": [], "excluded_lines": []}}, "classes": {"": {"executed_lines": [], "summary": {"covered_lines": 0, "num_statements": 0, "percent_covered": 100.0, "percent_covered_display": "100", "missing_lines": 0, "excluded_lines": 0}, "missing_lines": [], "excluded_lines": []}}}, "app/core/__init__.py": {"executed_lines": [0], "summary": {"covered_lines": 0, "num_statements": 0, "percent_covered": 100.0, "percent_covered_display": "100", "missing_lines": 0, "excluded_lines": 0}, "missing_lines": [], "excluded_lines": [], "functions": {"": {"executed_lines": [], "summary": {"covered_lines": 0, "num_statements": 0, "percent_covered": 100.0, "percent_covered_display": "100", "missing_lines": 0, "excluded_lines": 0}, "missing_lines": [], "excluded_lines": []}}, "classes": {"": {"executed_lines": [], "summary": {"covered_lines": 0, "num_statements": 0, "percent_covered": 100.0, "percent_covered_display": "100", "missing_lines": 0, "excluded_lines": 0}, "missing_lines": [], "excluded_lines": []}}}, "app/core/config.py": {"executed_lines": [1, 6, 8, 9, 11, 14, 24, 25, 31, 39, 43, 49, 55, 61, 65, 69, 74, 75, 76, 78, 79, 83, 86, 90, 94, 100, 105, 110, 117, 121, 127, 131, 135, 140, 141, 142, 144, 149, 152, 156, 162, 169, 173, 179, 185, 191, 195, 199, 204, 205, 206, 208, 209, 213, 215, 219, 225, 229, 235, 241, 249, 253, 257, 261, 268, 273, 278, 283, 290, 296, 302, 306, 310, 314, 321, 324, 332], "summary": {"covered_lines": 75, "num_statements": 76, "percent_covered": 98.6842105263158, "percent_covered_display": "99", "missing_lines": 1, "excluded_lines": 0}, "missing_lines": [145], "excluded_lines": [], "functions": {"Settings.validate_neo4j_password": {"executed_lines": [78, 79, 83], "summary": {"covered_lines": 3, "num_statements": 3, "percent_covered": 100.0, "percent_covered_display": "100", "missing_lines": 0, "excluded_lines": 0}, "missing_lines": [], "excluded_lines": []}, "Settings.validate_postgres_password": {"executed_lines": [144, 149], "summary": {"covered_lines": 2, "num_statements": 3, "percent_covered": 66.66666666666667, "percent_covered_display": "67", "missing_lines": 1, "excluded_lines": 0}, "missing_lines": [145], "excluded_lines": []}, "Settings.validate_minio_secret": {"executed_lines": [208, 209, 213], "summary": {"covered_lines": 3, "num_statements": 3, "percent_covered": 100.0, "percent_covered_display": "100", "missing_lines": 0, "excluded_lines": 0}, "missing_lines": [], "excluded_lines": []}, "get_settings": {"executed_lines": [332], "summary": {"covered_lines": 1, "num_statements": 1, "percent_covered": 100.0, "percent_covered_display": "100", "missing_lines": 0, "excluded_lines": 0}, "missing_lines": [], "excluded_lines": []}, "": {"executed_lines": [1, 6, 8, 9, 11, 14, 24, 25, 31, 39, 43, 49, 55, 61, 65, 69, 74, 75, 76, 86, 90, 94, 100, 105, 110, 117, 121, 127, 131, 135, 140, 141, 142, 152, 156, 162, 169, 173, 179, 185, 191, 195, 199, 204, 205, 206, 215, 219, 225, 229, 235, 241, 249, 253, 257, 261, 268, 273, 278, 283, 290, 296, 302, 306, 310, 314, 321, 324], "summary": {"covered_lines": 66, "num_statements": 66, "percent_covered": 100.0, "percent_covered_display": "100", "missing_lines": 0, "excluded_lines": 0}, "missing_lines": [], "excluded_lines": []}}, "classes": {"Settings": {"executed_lines": [78, 79, 83, 144, 149, 208, 209, 213], "summary": {"covered_lines": 8, "num_statements": 9, "percent_covered": 88.88888888888889, "percent_covered_display": "89", "missing_lines": 1, "excluded_lines": 0}, "missing_lines": [145], "excluded_lines": []}, "": {"executed_lines": [1, 6, 8, 9, 11, 14, 24, 25, 31, 39, 43, 49, 55, 61, 65, 69, 74, 75, 76, 86, 90, 94, 100, 105, 110, 117, 121, 127, 131, 135, 140, 141, 142, 152, 156, 162, 169, 173, 179, 185, 191, 195, 199, 204, 205, 206, 215, 219, 225, 229, 235, 241, 249, 253, 257, 261, 268, 273, 278, 283, 290, 296, 302, 306, 310, 314, 321, 324, 332], "summary": {"covered_lines": 67, "num_statements": 67, "percent_covered": 100.0, "percent_covered_display": "100", "missing_lines": 0, "excluded_lines": 0}, "missing_lines": [], "excluded_lines": []}}}, "app/core/exceptions.py": {"executed_lines": [1, 6, 9, 10, 20, 32, 33, 44, 47, 48, 59, 62, 63, 74, 77, 78, 89, 92, 93, 104, 107, 108, 119, 122, 123, 134], "summary": {"covered_lines": 17, "num_statements": 20, "percent_covered": 85.0, "percent_covered_display": "85", "missing_lines": 3, "excluded_lines": 0}, "missing_lines": [27, 28, 29], "excluded_lines": [], "functions": {"LibrarianException.__init__": {"executed_lines": [], "summary": {"covered_lines": 0, "num_statements": 3, "percent_covered": 0.0, "percent_covered_display": "0", "missing_lines": 3, "excluded_lines": 0}, "missing_lines": [27, 28, 29], "excluded_lines": []}, "": {"executed_lines": [1, 6, 9, 10, 20, 32, 33, 44, 47, 48, 59, 62, 63, 74, 77, 78, 89, 92, 93, 104, 107, 108, 119, 122, 123, 134], "summary": {"covered_lines": 17, "num_statements": 17, "percent_covered": 100.0, "percent_covered_display": "100", "missing_lines": 0, "excluded_lines": 0}, "missing_lines": [], "excluded_lines": []}}, "classes": {"LibrarianException": {"executed_lines": [], "summary": {"covered_lines": 0, "num_statements": 3, "percent_covered": 0.0, "percent_covered_display": "0", "missing_lines": 3, "excluded_lines": 0}, "missing_lines": [27, 28, 29], "excluded_lines": []}, "ExtractionError": {"executed_lines": [], "summary": {"covered_lines": 0, "num_statements": 0, "percent_covered": 100.0, "percent_covered_display": "100", "missing_lines": 0, "excluded_lines": 0}, "missing_lines": [], "excluded_lines": []}, "ScreeningError": {"executed_lines": [], "summary": {"covered_lines": 0, "num_statements": 0, "percent_covered": 100.0, "percent_covered_display": "100", "missing_lines": 0, "excluded_lines": 0}, "missing_lines": [], "excluded_lines": []}, "BudgetExceededError": {"executed_lines": [], "summary": {"covered_lines": 0, "num_statements": 0, "percent_covered": 100.0, "percent_covered_display": "100", "missing_lines": 0, "excluded_lines": 0}, "missing_lines": [], "excluded_lines": []}, "PluginError": {"executed_lines": [], "summary": {"covered_lines": 0, "num_statements": 0, "percent_covered": 100.0, "percent_covered_display": "100", "missing_lines": 0, "excluded_lines": 0}, "missing_lines": [], "excluded_lines": []}, "ValidationError": {"executed_lines": [], "summary": {"covered_lines": 0, "num_statements": 0, "percent_covered": 100.0, "percent_covered_display": "100", "missing_lines": 0, "excluded_lines": 0}, "missing_lines": [], "excluded_lines": []}, "StorageError": {"executed_lines": [], "summary": {"covered_lines": 0, "num_statements": 0, "percent_covered": 100.0, "percent_covered_display": "100", "missing_lines": 0, "excluded_lines": 0}, "missing_lines": [], "excluded_lines": []}, "ConfigurationError": {"executed_lines": [], "summary": {"covered_lines": 0, "num_statements": 0, "percent_covered": 100.0, "percent_covered_display": "100", "missing_lines": 0, "excluded_lines": 0}, "missing_lines": [], "excluded_lines": []}, "": {"executed_lines": [1, 6, 9, 10, 20, 32, 33, 44, 47, 48, 59, 62, 63, 74, 77, 78, 89, 92, 93, 104, 107, 108, 119, 122, 123, 134], "summary": {"covered_lines": 17, "num_statements": 17, "percent_covered": 100.0, "percent_covered_display": "100", "missing_lines": 0, "excluded_lines": 0}, "missing_lines": [], "excluded_lines": []}}}, "app/core/id_generator.py": {"executed_lines": [1, 14, 15, 18, 79, 104, 128, 162, 196], "summary": {"covered_lines": 8, "num_statements": 39, "percent_covered": 20.512820512820515, "percent_covered_display": "21", "missing_lines": 31, "excluded_lines": 0}, "missing_lines": [43, 46, 49, 50, 51, 54, 55, 56, 59, 60, 61, 63, 64, 67, 76, 100, 101, 125, 154, 157, 159, 186, 189, 191, 193, 215, 217, 218, 219, 220, 223], "excluded_lines": [], "functions": {"normalize_url": {"executed_lines": [], "summary": {"covered_lines": 0, "num_statements": 15, "percent_covered": 0.0, "percent_covered_display": "0", "missing_lines": 15, "excluded_lines": 0}, "missing_lines": [43, 46, 49, 50, 51, 54, 55, 56, 59, 60, 61, 63, 64, 67, 76], "excluded_lines": []}, "generate_doc_id": {"executed_lines": [], "summary": {"covered_lines": 0, "num_statements": 2, "percent_covered": 0.0, "percent_covered_display": "0", "missing_lines": 2, "excluded_lines": 0}, "missing_lines": [100, 101], "excluded_lines": []}, "generate_chunk_id": {"executed_lines": [], "summary": {"covered_lines": 0, "num_statements": 1, "percent_covered": 0.0, "percent_covered_display": "0", "missing_lines": 1, "excluded_lines": 0}, "missing_lines": [125], "excluded_lines": []}, "generate_mention_id": {"executed_lines": [], "summary": {"covered_lines": 0, "num_statements": 3, "percent_covered": 0.0, "percent_covered_display": "0", "missing_lines": 3, "excluded_lines": 0}, "missing_lines": [154, 157, 159], "excluded_lines": []}, "generate_entity_id": {"executed_lines": [], "summary": {"covered_lines": 0, "num_statements": 4, "percent_covered": 0.0, "percent_covered_display": "0", "missing_lines": 4, "excluded_lines": 0}, "missing_lines": [186, 189, 191, 193], "excluded_lines": []}, "generate_file_id": {"executed_lines": [], "summary": {"covered_lines": 0, "num_statements": 6, "percent_covered": 0.0, "percent_covered_display": "0", "missing_lines": 6, "excluded_lines": 0}, "missing_lines": [215, 217, 218, 219, 220, 223], "excluded_lines": []}, "": {"executed_lines": [1, 14, 15, 18, 79, 104, 128, 162, 196], "summary": {"covered_lines": 8, "num_statements": 8, "percent_covered": 100.0, "percent_covered_display": "100", "missing_lines": 0, "excluded_lines": 0}, "missing_lines": [], "excluded_lines": []}}, "classes": {"": {"executed_lines": [1, 14, 15, 18, 79, 104, 128, 162, 196], "summary": {"covered_lines": 8, "num_statements": 39, "percent_covered": 20.512820512820515, "percent_covered_display": "21", "missing_lines": 31, "excluded_lines": 0}, "missing_lines": [43, 46, 49, 50, 51, 54, 55, 56, 59, 60, 61, 63, 64, 67, 76, 100, 101, 125, 154, 157, 159, 186, 189, 191, 193, 215, 217, 218, 219, 220, 223], "excluded_lines": []}}}, "app/core/models.py": {"executed_lines": [1, 6, 7, 8, 10, 12, 15, 16, 28, 30, 37, 42, 48, 55, 56, 57, 64, 65, 78, 83, 88, 94, 99, 104, 105, 106, 113, 114, 130, 135, 140, 146, 152, 157, 162, 167, 172, 173, 174, 181, 182, 198, 203, 208, 213, 218, 225, 231, 236, 242, 243, 256, 262, 268, 273, 278, 284, 285, 297, 303, 309, 314, 321, 327, 328, 343, 348, 354, 359, 366, 371, 376, 382, 383, 397, 403, 408, 413, 418, 423, 429, 430, 445, 451, 456, 461, 466, 471, 476, 481, 487, 488, 502, 507, 512, 517, 522, 527, 532, 539, 546, 552, 553, 564, 570, 575, 582, 588, 594, 605, 606, 623, 629, 634, 640, 645, 650, 655, 660, 665], "summary": {"covered_lines": 107, "num_statements": 116, "percent_covered": 92.24137931034483, "percent_covered_display": "92", "missing_lines": 9, "excluded_lines": 0}, "missing_lines": [59, 60, 61, 108, 109, 110, 176, 177, 178], "excluded_lines": [], "functions": {"ScreeningResult.reasoning_not_empty": {"executed_lines": [], "summary": {"covered_lines": 0, "num_statements": 3, "percent_covered": 0.0, "percent_covered_display": "0", "missing_lines": 3, "excluded_lines": 0}, "missing_lines": [59, 60, 61], "excluded_lines": []}, "RawContent.raw_text_not_empty": {"executed_lines": [], "summary": {"covered_lines": 0, "num_statements": 3, "percent_covered": 0.0, "percent_covered_display": "0", "missing_lines": 3, "excluded_lines": 0}, "missing_lines": [108, 109, 110], "excluded_lines": []}, "ProcessedContent.text_not_empty": {"executed_lines": [], "summary": {"covered_lines": 0, "num_statements": 3, "percent_covered": 0.0, "percent_covered_display": "0", "missing_lines": 3, "excluded_lines": 0}, "missing_lines": [176, 177, 178], "excluded_lines": []}, "": {"executed_lines": [1, 6, 7, 8, 10, 12, 15, 16, 28, 30, 37, 42, 48, 55, 56, 57, 64, 65, 78, 83, 88, 94, 99, 104, 105, 106, 113, 114, 130, 135, 140, 146, 152, 157, 162, 167, 172, 173, 174, 181, 182, 198, 203, 208, 213, 218, 225, 231, 236, 242, 243, 256, 262, 268, 273, 278, 284, 285, 297, 303, 309, 314, 321, 327, 328, 343, 348, 354, 359, 366, 371, 376, 382, 383, 397, 403, 408, 413, 418, 423, 429, 430, 445, 451, 456, 461, 466, 471, 476, 481, 487, 488, 502, 507, 512, 517, 522, 527, 532, 539, 546, 552, 553, 564, 570, 575, 582, 588, 594, 605, 606, 623, 629, 634, 640, 645, 650, 655, 660, 665], "summary": {"covered_lines": 107, "num_statements": 107, "percent_covered": 100.0, "percent_covered_display": "100", "missing_lines": 0, "excluded_lines": 0}, "missing_lines": [], "excluded_lines": []}}, "classes": {"ScreeningResult": {"executed_lines": [], "summary": {"covered_lines": 0, "num_statements": 3, "percent_covered": 0.0, "percent_covered_display": "0", "missing_lines": 3, "excluded_lines": 0}, "missing_lines": [59, 60, 61], "excluded_lines": []}, "RawContent": {"executed_lines": [], "summary": {"covered_lines": 0, "num_statements": 3, "percent_covered": 0.0, "percent_covered_display": "0", "missing_lines": 3, "excluded_lines": 0}, "missing_lines": [108, 109, 110], "excluded_lines": []}, "ProcessedContent": {"executed_lines": [], "summary": {"covered_lines": 0, "num_statements": 3, "percent_covered": 0.0, "percent_covered_display": "0", "missing_lines": 3, "excluded_lines": 0}, "missing_lines": [176, 177, 178], "excluded_lines": []}, "LibraryFile": {"executed_lines": [], "summary": {"covered_lines": 0, "num_statements": 0, "percent_covered": 100.0, "percent_covered_display": "100", "missing_lines": 0, "excluded_lines": 0}, "missing_lines": [], "excluded_lines": []}, "KnowledgeGraphNode": {"executed_lines": [], "summary": {"covered_lines": 0, "num_statements": 0, "percent_covered": 100.0, "percent_covered_display": "100", "missing_lines": 0, "excluded_lines": 0}, "missing_lines": [], "excluded_lines": []}, "Relationship": {"executed_lines": [], "summary": {"covered_lines": 0, "num_statements": 0, "percent_covered": 100.0, "percent_covered_display": "100", "missing_lines": 0, "excluded_lines": 0}, "missing_lines": [], "excluded_lines": []}, "DigestItem": {"executed_lines": [], "summary": {"covered_lines": 0, "num_statements": 0, "percent_covered": 100.0, "percent_covered_display": "100", "missing_lines": 0, "excluded_lines": 0}, "missing_lines": [], "excluded_lines": []}, "MaintenanceTask": {"executed_lines": [], "summary": {"covered_lines": 0, "num_statements": 0, "percent_covered": 100.0, "percent_covered_display": "100", "missing_lines": 0, "excluded_lines": 0}, "missing_lines": [], "excluded_lines": []}, "ProcessingRecord": {"executed_lines": [], "summary": {"covered_lines": 0, "num_statements": 0, "percent_covered": 100.0, "percent_covered_display": "100", "missing_lines": 0, "excluded_lines": 0}, "missing_lines": [], "excluded_lines": []}, "SearchResult": {"executed_lines": [], "summary": {"covered_lines": 0, "num_statements": 0, "percent_covered": 100.0, "percent_covered_display": "100", "missing_lines": 0, "excluded_lines": 0}, "missing_lines": [], "excluded_lines": []}, "LibraryStats": {"executed_lines": [], "summary": {"covered_lines": 0, "num_statements": 0, "percent_covered": 100.0, "percent_covered_display": "100", "missing_lines": 0, "excluded_lines": 0}, "missing_lines": [], "excluded_lines": []}, "Digest": {"executed_lines": [], "summary": {"covered_lines": 0, "num_statements": 0, "percent_covered": 100.0, "percent_covered_display": "100", "missing_lines": 0, "excluded_lines": 0}, "missing_lines": [], "excluded_lines": []}, "": {"executed_lines": [1, 6, 7, 8, 10, 12, 15, 16, 28, 30, 37, 42, 48, 55, 56, 57, 64, 65, 78, 83, 88, 94, 99, 104, 105, 106, 113, 114, 130, 135, 140, 146, 152, 157, 162, 167, 172, 173, 174, 181, 182, 198, 203, 208, 213, 218, 225, 231, 236, 242, 243, 256, 262, 268, 273, 278, 284, 285, 297, 303, 309, 314, 321, 327, 328, 343, 348, 354, 359, 366, 371, 376, 382, 383, 397, 403, 408, 413, 418, 423, 429, 430, 445, 451, 456, 461, 466, 471, 476, 481, 487, 488, 502, 507, 512, 517, 522, 527, 532, 539, 546, 552, 553, 564, 570, 575, 582, 588, 594, 605, 606, 623, 629, 634, 640, 645, 650, 655, 660, 665], "summary": {"covered_lines": 107, "num_statements": 107, "percent_covered": 100.0, "percent_covered_display": "100", "missing_lines": 0, "excluded_lines": 0}, "missing_lines": [], "excluded_lines": []}}}, "app/core/telemetry.py": {"executed_lines": [1, 2, 3, 4, 5, 6, 7, 8, 10, 19, 22, 25, 29, 37, 42, 49, 57, 65, 72, 80, 87, 95, 96, 105, 107, 108, 110, 113, 114, 116, 118, 119, 121, 133, 145, 157, 164, 169, 182, 187, 191, 195, 199, 208], "summary": {"covered_lines": 42, "num_statements": 76, "percent_covered": 55.26315789473684, "percent_covered_display": "55", "missing_lines": 34, "excluded_lines": 0}, "missing_lines": [98, 99, 100, 102, 109, 123, 129, 130, 131, 135, 141, 142, 143, 147, 148, 149, 151, 152, 161, 162, 166, 167, 177, 180, 184, 185, 189, 193, 197, 201, 202, 203, 204, 205], "excluded_lines": [], "functions": {"track_operation": {"executed_lines": [], "summary": {"covered_lines": 0, "num_statements": 4, "percent_covered": 0.0, "percent_covered_display": "0", "missing_lines": 4, "excluded_lines": 0}, "missing_lines": [98, 99, 100, 102], "excluded_lines": []}, "log_event": {"executed_lines": [107, 108, 110], "summary": {"covered_lines": 3, "num_statements": 4, "percent_covered": 75.0, "percent_covered_display": "75", "missing_lines": 1, "excluded_lines": 0}, "missing_lines": [109], "excluded_lines": []}, "TelemetryService.__init__": {"executed_lines": [118, 119], "summary": {"covered_lines": 2, "num_statements": 2, "percent_covered": 100.0, "percent_covered_display": "100", "missing_lines": 0, "excluded_lines": 0}, "missing_lines": [], "excluded_lines": []}, "TelemetryService.track_cache_hit": {"executed_lines": [], "summary": {"covered_lines": 0, "num_statements": 4, "percent_covered": 0.0, "percent_covered_display": "0", "missing_lines": 4, "excluded_lines": 0}, "missing_lines": [123, 129, 130, 131], "excluded_lines": []}, "TelemetryService.track_cache_miss": {"executed_lines": [], "summary": {"covered_lines": 0, "num_statements": 4, "percent_covered": 0.0, "percent_covered_display": "0", "missing_lines": 4, "excluded_lines": 0}, "missing_lines": [135, 141, 142, 143], "excluded_lines": []}, "TelemetryService.log_event": {"executed_lines": [], "summary": {"covered_lines": 0, "num_statements": 5, "percent_covered": 0.0, "percent_covered_display": "0", "missing_lines": 5, "excluded_lines": 0}, "missing_lines": [147, 148, 149, 151, 152], "excluded_lines": []}, "TelemetryService.track_content_processed": {"executed_lines": [], "summary": {"covered_lines": 0, "num_statements": 2, "percent_covered": 0.0, "percent_covered_display": "0", "missing_lines": 2, "excluded_lines": 0}, "missing_lines": [161, 162], "excluded_lines": []}, "TelemetryService.track_search": {"executed_lines": [], "summary": {"covered_lines": 0, "num_statements": 2, "percent_covered": 0.0, "percent_covered_display": "0", "missing_lines": 2, "excluded_lines": 0}, "missing_lines": [166, 167], "excluded_lines": []}, "TelemetryService.track_ai_request": {"executed_lines": [], "summary": {"covered_lines": 0, "num_statements": 2, "percent_covered": 0.0, "percent_covered_display": "0", "missing_lines": 2, "excluded_lines": 0}, "missing_lines": [177, 180], "excluded_lines": []}, "TelemetryService.update_library_stats": {"executed_lines": [], "summary": {"covered_lines": 0, "num_statements": 2, "percent_covered": 0.0, "percent_covered_display": "0", "missing_lines": 2, "excluded_lines": 0}, "missing_lines": [184, 185], "excluded_lines": []}, "TelemetryService.get_metrics": {"executed_lines": [], "summary": {"covered_lines": 0, "num_statements": 1, "percent_covered": 0.0, "percent_covered_display": "0", "missing_lines": 1, "excluded_lines": 0}, "missing_lines": [189], "excluded_lines": []}, "TelemetryService.get_events": {"executed_lines": [], "summary": {"covered_lines": 0, "num_statements": 1, "percent_covered": 0.0, "percent_covered_display": "0", "missing_lines": 1, "excluded_lines": 0}, "missing_lines": [193], "excluded_lines": []}, "TelemetryService.clear_events": {"executed_lines": [], "summary": {"covered_lines": 0, "num_statements": 1, "percent_covered": 0.0, "percent_covered_display": "0", "missing_lines": 1, "excluded_lines": 0}, "missing_lines": [197], "excluded_lines": []}, "TelemetryService.get_event_summary": {"executed_lines": [], "summary": {"covered_lines": 0, "num_statements": 5, "percent_covered": 0.0, "percent_covered_display": "0", "missing_lines": 5, "excluded_lines": 0}, "missing_lines": [201, 202, 203, 204, 205], "excluded_lines": []}, "": {"executed_lines": [1, 2, 3, 4, 5, 6, 7, 8, 10, 19, 22, 25, 29, 37, 42, 49, 57, 65, 72, 80, 87, 95, 96, 105, 113, 114, 116, 121, 133, 145, 157, 164, 169, 182, 187, 191, 195, 199, 208], "summary": {"covered_lines": 37, "num_statements": 37, "percent_covered": 100.0, "percent_covered_display": "100", "missing_lines": 0, "excluded_lines": 0}, "missing_lines": [], "excluded_lines": []}}, "classes": {"TelemetryService": {"executed_lines": [118, 119], "summary": {"covered_lines": 2, "num_statements": 31, "percent_covered": 6.451612903225806, "percent_covered_display": "6", "missing_lines": 29, "excluded_lines": 0}, "missing_lines": [123, 129, 130, 131, 135, 141, 142, 143, 147, 148, 149, 151, 152, 161, 162, 166, 167, 177, 180, 184, 185, 189, 193, 197, 201, 202, 203, 204, 205], "excluded_lines": []}, "": {"executed_lines": [1, 2, 3, 4, 5, 6, 7, 8, 10, 19, 22, 25, 29, 37, 42, 49, 57, 65, 72, 80, 87, 95, 96, 105, 107, 108, 110, 113, 114, 116, 121, 133, 145, 157, 164, 169, 182, 187, 191, 195, 199, 208], "summary": {"covered_lines": 40, "num_statements": 45, "percent_covered": 88.88888888888889, "percent_covered_display": "89", "missing_lines": 5, "excluded_lines": 0}, "missing_lines": [98, 99, 100, 102, 109], "excluded_lines": []}}}, "app/core/types.py": {"executed_lines": [1, 6, 9, 10, 22, 23, 24, 25], "summary": {"covered_lines": 6, "num_statements": 6, "percent_covered": 100.0, "percent_covered_display": "100", "missing_lines": 0, "excluded_lines": 0}, "missing_lines": [], "excluded_lines": [], "functions": {"": {"executed_lines": [1, 6, 9, 10, 22, 23, 24, 25], "summary": {"covered_lines": 6, "num_statements": 6, "percent_covered": 100.0, "percent_covered_display": "100", "missing_lines": 0, "excluded_lines": 0}, "missing_lines": [], "excluded_lines": []}}, "classes": {"ContentSource": {"executed_lines": [], "summary": {"covered_lines": 0, "num_statements": 0, "percent_covered": 100.0, "percent_covered_display": "100", "missing_lines": 0, "excluded_lines": 0}, "missing_lines": [], "excluded_lines": []}, "": {"executed_lines": [1, 6, 9, 10, 22, 23, 24, 25], "summary": {"covered_lines": 6, "num_statements": 6, "percent_covered": 100.0, "percent_covered_display": "100", "missing_lines": 0, "excluded_lines": 0}, "missing_lines": [], "excluded_lines": []}}}, "app/intelligence/__init__.py": {"executed_lines": [0], "summary": {"covered_lines": 0, "num_statements": 0, "percent_covered": 100.0, "percent_covered_display": "100", "missing_lines": 0, "excluded_lines": 0}, "missing_lines": [], "excluded_lines": [], "functions": {"": {"executed_lines": [], "summary": {"covered_lines": 0, "num_statements": 0, "percent_covered": 100.0, "percent_covered_display": "100", "missing_lines": 0, "excluded_lines": 0}, "missing_lines": [], "excluded_lines": []}}, "classes": {"": {"executed_lines": [], "summary": {"covered_lines": 0, "num_statements": 0, "percent_covered": 100.0, "percent_covered_display": "100", "missing_lines": 0, "excluded_lines": 0}, "missing_lines": [], "excluded_lines": []}}}, "app/intelligence/embeddings.py": {"executed_lines": [1, 8, 10, 11, 12, 13, 14, 15, 17, 20, 30, 31, 66], "summary": {"covered_lines": 12, "num_statements": 32, "percent_covered": 37.5, "percent_covered_display": "38", "missing_lines": 20, "excluded_lines": 2}, "missing_lines": [22, 23, 24, 26, 27, 39, 40, 42, 43, 44, 47, 50, 55, 56, 57, 58, 60, 61, 63, 68], "excluded_lines": [51, 52], "functions": {"_normalise": {"executed_lines": [], "summary": {"covered_lines": 0, "num_statements": 5, "percent_covered": 0.0, "percent_covered_display": "0", "missing_lines": 5, "excluded_lines": 0}, "missing_lines": [22, 23, 24, 26, 27], "excluded_lines": []}, "_generate_embedding": {"executed_lines": [], "summary": {"covered_lines": 0, "num_statements": 14, "percent_covered": 0.0, "percent_covered_display": "0", "missing_lines": 14, "excluded_lines": 2}, "missing_lines": [39, 40, 42, 43, 44, 47, 50, 55, 56, 57, 58, 60, 61, 63], "excluded_lines": [51, 52]}, "generate_embedding": {"executed_lines": [], "summary": {"covered_lines": 0, "num_statements": 1, "percent_covered": 0.0, "percent_covered_display": "0", "missing_lines": 1, "excluded_lines": 0}, "missing_lines": [68], "excluded_lines": []}, "": {"executed_lines": [1, 8, 10, 11, 12, 13, 14, 15, 17, 20, 30, 31, 66], "summary": {"covered_lines": 12, "num_statements": 12, "percent_covered": 100.0, "percent_covered_display": "100", "missing_lines": 0, "excluded_lines": 0}, "missing_lines": [], "excluded_lines": []}}, "classes": {"": {"executed_lines": [1, 8, 10, 11, 12, 13, 14, 15, 17, 20, 30, 31, 66], "summary": {"covered_lines": 12, "num_statements": 32, "percent_covered": 37.5, "percent_covered_display": "38", "missing_lines": 20, "excluded_lines": 2}, "missing_lines": [22, 23, 24, 26, 27, 39, 40, 42, 43, 44, 47, 50, 55, 56, 57, 58, 60, 61, 63, 68], "excluded_lines": [51, 52]}}}, "app/intelligence/providers/__init__.py": {"executed_lines": [1, 14, 15, 16, 18], "summary": {"covered_lines": 4, "num_statements": 4, "percent_covered": 100.0, "percent_covered_display": "100", "missing_lines": 0, "excluded_lines": 0}, "missing_lines": [], "excluded_lines": [], "functions": {"": {"executed_lines": [1, 14, 15, 16, 18], "summary": {"covered_lines": 4, "num_statements": 4, "percent_covered": 100.0, "percent_covered_display": "100", "missing_lines": 0, "excluded_lines": 0}, "missing_lines": [], "excluded_lines": []}}, "classes": {"": {"executed_lines": [1, 14, 15, 16, 18], "summary": {"covered_lines": 4, "num_statements": 4, "percent_covered": 100.0, "percent_covered_display": "100", "missing_lines": 0, "excluded_lines": 0}, "missing_lines": [], "excluded_lines": []}}}, "app/intelligence/providers/abstract_embedding.py": {"executed_lines": [1, 8, 10, 13, 14, 21, 32, 33, 49, 50, 59, 60, 69, 73, 77], "summary": {"covered_lines": 13, "num_statements": 24, "percent_covered": 54.166666666666664, "percent_covered_display": "54", "missing_lines": 11, "excluded_lines": 0}, "missing_lines": [29, 30, 47, 57, 67, 71, 75, 87, 89, 90, 92], "excluded_lines": [], "functions": {"AbstractEmbeddingProvider.__init__": {"executed_lines": [], "summary": {"covered_lines": 0, "num_statements": 2, "percent_covered": 0.0, "percent_covered_display": "0", "missing_lines": 2, "excluded_lines": 0}, "missing_lines": [29, 30], "excluded_lines": []}, "AbstractEmbeddingProvider.embed": {"executed_lines": [], "summary": {"covered_lines": 0, "num_statements": 1, "percent_covered": 0.0, "percent_covered_display": "0", "missing_lines": 1, "excluded_lines": 0}, "missing_lines": [47], "excluded_lines": []}, "AbstractEmbeddingProvider.get_dimensions": {"executed_lines": [], "summary": {"covered_lines": 0, "num_statements": 1, "percent_covered": 0.0, "percent_covered_display": "0", "missing_lines": 1, "excluded_lines": 0}, "missing_lines": [57], "excluded_lines": []}, "AbstractEmbeddingProvider.supports_batch": {"executed_lines": [], "summary": {"covered_lines": 0, "num_statements": 1, "percent_covered": 0.0, "percent_covered_display": "0", "missing_lines": 1, "excluded_lines": 0}, "missing_lines": [67], "excluded_lines": []}, "AbstractEmbeddingProvider.get_model_name": {"executed_lines": [], "summary": {"covered_lines": 0, "num_statements": 1, "percent_covered": 0.0, "percent_covered_display": "0", "missing_lines": 1, "excluded_lines": 0}, "missing_lines": [71], "excluded_lines": []}, "AbstractEmbeddingProvider.get_config": {"executed_lines": [], "summary": {"covered_lines": 0, "num_statements": 1, "percent_covered": 0.0, "percent_covered_display": "0", "missing_lines": 1, "excluded_lines": 0}, "missing_lines": [75], "excluded_lines": []}, "AbstractEmbeddingProvider.validate_dimensions": {"executed_lines": [], "summary": {"covered_lines": 0, "num_statements": 4, "percent_covered": 0.0, "percent_covered_display": "0", "missing_lines": 4, "excluded_lines": 0}, "missing_lines": [87, 89, 90, 92], "excluded_lines": []}, "": {"executed_lines": [1, 8, 10, 13, 14, 21, 32, 33, 49, 50, 59, 60, 69, 73, 77], "summary": {"covered_lines": 13, "num_statements": 13, "percent_covered": 100.0, "percent_covered_display": "100", "missing_lines": 0, "excluded_lines": 0}, "missing_lines": [], "excluded_lines": []}}, "classes": {"AbstractEmbeddingProvider": {"executed_lines": [], "summary": {"covered_lines": 0, "num_statements": 11, "percent_covered": 0.0, "percent_covered_display": "0", "missing_lines": 11, "excluded_lines": 0}, "missing_lines": [29, 30, 47, 57, 67, 71, 75, 87, 89, 90, 92], "excluded_lines": []}, "": {"executed_lines": [1, 8, 10, 13, 14, 21, 32, 33, 49, 50, 59, 60, 69, 73, 77], "summary": {"covered_lines": 13, "num_statements": 13, "percent_covered": 100.0, "percent_covered_display": "100", "missing_lines": 0, "excluded_lines": 0}, "missing_lines": [], "excluded_lines": []}}}, "app/intelligence/providers/abstract_llm.py": {"executed_lines": [1, 8, 9, 12, 13, 20, 31, 32, 59, 60, 87, 88, 97, 98, 110, 114, 118], "summary": {"covered_lines": 15, "num_statements": 27, "percent_covered": 55.55555555555556, "percent_covered_display": "56", "missing_lines": 12, "excluded_lines": 0}, "missing_lines": [28, 29, 57, 85, 95, 108, 112, 116, 129, 130, 131, 133], "excluded_lines": [], "functions": {"AbstractLLMProvider.__init__": {"executed_lines": [], "summary": {"covered_lines": 0, "num_statements": 2, "percent_covered": 0.0, "percent_covered_display": "0", "missing_lines": 2, "excluded_lines": 0}, "missing_lines": [28, 29], "excluded_lines": []}, "AbstractLLMProvider.generate": {"executed_lines": [], "summary": {"covered_lines": 0, "num_statements": 1, "percent_covered": 0.0, "percent_covered_display": "0", "missing_lines": 1, "excluded_lines": 0}, "missing_lines": [57], "excluded_lines": []}, "AbstractLLMProvider.stream_generate": {"executed_lines": [], "summary": {"covered_lines": 0, "num_statements": 1, "percent_covered": 0.0, "percent_covered_display": "0", "missing_lines": 1, "excluded_lines": 0}, "missing_lines": [85], "excluded_lines": []}, "AbstractLLMProvider.get_context_window": {"executed_lines": [], "summary": {"covered_lines": 0, "num_statements": 1, "percent_covered": 0.0, "percent_covered_display": "0", "missing_lines": 1, "excluded_lines": 0}, "missing_lines": [95], "excluded_lines": []}, "AbstractLLMProvider.count_tokens": {"executed_lines": [], "summary": {"covered_lines": 0, "num_statements": 1, "percent_covered": 0.0, "percent_covered_display": "0", "missing_lines": 1, "excluded_lines": 0}, "missing_lines": [108], "excluded_lines": []}, "AbstractLLMProvider.get_model_name": {"executed_lines": [], "summary": {"covered_lines": 0, "num_statements": 1, "percent_covered": 0.0, "percent_covered_display": "0", "missing_lines": 1, "excluded_lines": 0}, "missing_lines": [112], "excluded_lines": []}, "AbstractLLMProvider.get_config": {"executed_lines": [], "summary": {"covered_lines": 0, "num_statements": 1, "percent_covered": 0.0, "percent_covered_display": "0", "missing_lines": 1, "excluded_lines": 0}, "missing_lines": [116], "excluded_lines": []}, "AbstractLLMProvider.validate_prompt_length": {"executed_lines": [], "summary": {"covered_lines": 0, "num_statements": 4, "percent_covered": 0.0, "percent_covered_display": "0", "missing_lines": 4, "excluded_lines": 0}, "missing_lines": [129, 130, 131, 133], "excluded_lines": []}, "": {"executed_lines": [1, 8, 9, 12, 13, 20, 31, 32, 59, 60, 87, 88, 97, 98, 110, 114, 118], "summary": {"covered_lines": 15, "num_statements": 15, "percent_covered": 100.0, "percent_covered_display": "100", "missing_lines": 0, "excluded_lines": 0}, "missing_lines": [], "excluded_lines": []}}, "classes": {"AbstractLLMProvider": {"executed_lines": [], "summary": {"covered_lines": 0, "num_statements": 12, "percent_covered": 0.0, "percent_covered_display": "0", "missing_lines": 12, "excluded_lines": 0}, "missing_lines": [28, 29, 57, 85, 95, 108, 112, 116, 129, 130, 131, 133], "excluded_lines": []}, "": {"executed_lines": [1, 8, 9, 12, 13, 20, 31, 32, 59, 60, 87, 88, 97, 98, 110, 114, 118], "summary": {"covered_lines": 15, "num_statements": 15, "percent_covered": 100.0, "percent_covered_display": "100", "missing_lines": 0, "excluded_lines": 0}, "missing_lines": [], "excluded_lines": []}}}, "app/intelligence/providers/anthropic_llm_provider.py": {"executed_lines": [], "summary": {"covered_lines": 0, "num_statements": 47, "percent_covered": 0.0, "percent_covered_display": "0", "missing_lines": 47, "excluded_lines": 0}, "missing_lines": [8, 9, 10, 12, 14, 17, 29, 46, 48, 49, 50, 51, 56, 57, 58, 60, 61, 62, 64, 69, 89, 90, 92, 93, 100, 101, 103, 105, 107, 108, 109, 111, 131, 132, 134, 135, 142, 143, 145, 146, 148, 149, 150, 152, 154, 156, 163], "excluded_lines": [], "functions": {"AnthropicLLMProvider.__init__": {"executed_lines": [], "summary": {"covered_lines": 0, "num_statements": 12, "percent_covered": 0.0, "percent_covered_display": "0", "missing_lines": 12, "excluded_lines": 0}, "missing_lines": [46, 48, 49, 50, 51, 56, 57, 58, 60, 61, 62, 64], "excluded_lines": []}, "AnthropicLLMProvider.generate": {"executed_lines": [], "summary": {"covered_lines": 0, "num_statements": 11, "percent_covered": 0.0, "percent_covered_display": "0", "missing_lines": 11, "excluded_lines": 0}, "missing_lines": [89, 90, 92, 93, 100, 101, 103, 105, 107, 108, 109], "excluded_lines": []}, "AnthropicLLMProvider.stream_generate": {"executed_lines": [], "summary": {"covered_lines": 0, "num_statements": 11, "percent_covered": 0.0, "percent_covered_display": "0", "missing_lines": 11, "excluded_lines": 0}, "missing_lines": [131, 132, 134, 135, 142, 143, 145, 146, 148, 149, 150], "excluded_lines": []}, "AnthropicLLMProvider.get_context_window": {"executed_lines": [], "summary": {"covered_lines": 0, "num_statements": 1, "percent_covered": 0.0, "percent_covered_display": "0", "missing_lines": 1, "excluded_lines": 0}, "missing_lines": [154], "excluded_lines": []}, "AnthropicLLMProvider.count_tokens": {"executed_lines": [], "summary": {"covered_lines": 0, "num_statements": 1, "percent_covered": 0.0, "percent_covered_display": "0", "missing_lines": 1, "excluded_lines": 0}, "missing_lines": [163], "excluded_lines": []}, "": {"executed_lines": [], "summary": {"covered_lines": 0, "num_statements": 11, "percent_covered": 0.0, "percent_covered_display": "0", "missing_lines": 11, "excluded_lines": 0}, "missing_lines": [8, 9, 10, 12, 14, 17, 29, 69, 111, 152, 156], "excluded_lines": []}}, "classes": {"AnthropicLLMProvider": {"executed_lines": [], "summary": {"covered_lines": 0, "num_statements": 36, "percent_covered": 0.0, "percent_covered_display": "0", "missing_lines": 36, "excluded_lines": 0}, "missing_lines": [46, 48, 49, 50, 51, 56, 57, 58, 60, 61, 62, 64, 89, 90, 92, 93, 100, 101, 103, 105, 107, 108, 109, 131, 132, 134, 135, 142, 143, 145, 146, 148, 149, 150, 154, 163], "excluded_lines": []}, "": {"executed_lines": [], "summary": {"covered_lines": 0, "num_statements": 11, "percent_covered": 0.0, "percent_covered_display": "0", "missing_lines": 11, "excluded_lines": 0}, "missing_lines": [8, 9, 10, 12, 14, 17, 29, 69, 111, 152, 156], "excluded_lines": []}}}, "app/intelligence/providers/factory.py": {"executed_lines": [1, 8, 9, 10, 12, 14, 15, 17, 20, 21, 27, 43, 63, 111, 159, 187, 213, 217], "summary": {"covered_lines": 16, "num_statements": 96, "percent_covered": 16.666666666666668, "percent_covered_display": "17", "missing_lines": 80, "excluded_lines": 0}, "missing_lines": [35, 36, 38, 39, 40, 41, 54, 55, 57, 58, 60, 61, 80, 81, 83, 84, 87, 88, 91, 92, 94, 95, 98, 99, 100, 101, 102, 103, 105, 106, 107, 108, 109, 128, 129, 131, 132, 135, 136, 139, 140, 142, 143, 146, 147, 148, 149, 150, 151, 153, 154, 155, 156, 157, 169, 170, 173, 174, 177, 178, 179, 180, 181, 182, 183, 185, 197, 198, 201, 202, 203, 204, 205, 206, 207, 208, 209, 211, 215, 219], "excluded_lines": [], "functions": {"ProviderFactory.__init__": {"executed_lines": [], "summary": {"covered_lines": 0, "num_statements": 6, "percent_covered": 0.0, "percent_covered_display": "0", "missing_lines": 6, "excluded_lines": 0}, "missing_lines": [35, 36, 38, 39, 40, 41], "excluded_lines": []}, "ProviderFactory._load_config": {"executed_lines": [], "summary": {"covered_lines": 0, "num_statements": 6, "percent_covered": 0.0, "percent_covered_display": "0", "missing_lines": 6, "excluded_lines": 0}, "missing_lines": [54, 55, 57, 58, 60, 61], "excluded_lines": []}, "ProviderFactory.create_embedding_provider": {"executed_lines": [], "summary": {"covered_lines": 0, "num_statements": 21, "percent_covered": 0.0, "percent_covered_display": "0", "missing_lines": 21, "excluded_lines": 0}, "missing_lines": [80, 81, 83, 84, 87, 88, 91, 92, 94, 95, 98, 99, 100, 101, 102, 103, 105, 106, 107, 108, 109], "excluded_lines": []}, "ProviderFactory.create_llm_provider": {"executed_lines": [], "summary": {"covered_lines": 0, "num_statements": 21, "percent_covered": 0.0, "percent_covered_display": "0", "missing_lines": 21, "excluded_lines": 0}, "missing_lines": [128, 129, 131, 132, 135, 136, 139, 140, 142, 143, 146, 147, 148, 149, 150, 151, 153, 154, 155, 156, 157], "excluded_lines": []}, "ProviderFactory._instantiate_embedding_provider": {"executed_lines": [], "summary": {"covered_lines": 0, "num_statements": 12, "percent_covered": 0.0, "percent_covered_display": "0", "missing_lines": 12, "excluded_lines": 0}, "missing_lines": [169, 170, 173, 174, 177, 178, 179, 180, 181, 182, 183, 185], "excluded_lines": []}, "ProviderFactory._instantiate_llm_provider": {"executed_lines": [], "summary": {"covered_lines": 0, "num_statements": 12, "percent_covered": 0.0, "percent_covered_display": "0", "missing_lines": 12, "excluded_lines": 0}, "missing_lines": [197, 198, 201, 202, 203, 204, 205, 206, 207, 208, 209, 211], "excluded_lines": []}, "ProviderFactory.list_embedding_providers": {"executed_lines": [], "summary": {"covered_lines": 0, "num_statements": 1, "percent_covered": 0.0, "percent_covered_display": "0", "missing_lines": 1, "excluded_lines": 0}, "missing_lines": [215], "excluded_lines": []}, "ProviderFactory.list_llm_providers": {"executed_lines": [], "summary": {"covered_lines": 0, "num_statements": 1, "percent_covered": 0.0, "percent_covered_display": "0", "missing_lines": 1, "excluded_lines": 0}, "missing_lines": [219], "excluded_lines": []}, "": {"executed_lines": [1, 8, 9, 10, 12, 14, 15, 17, 20, 21, 27, 43, 63, 111, 159, 187, 213, 217], "summary": {"covered_lines": 16, "num_statements": 16, "percent_covered": 100.0, "percent_covered_display": "100", "missing_lines": 0, "excluded_lines": 0}, "missing_lines": [], "excluded_lines": []}}, "classes": {"ProviderFactory": {"executed_lines": [], "summary": {"covered_lines": 0, "num_statements": 80, "percent_covered": 0.0, "percent_covered_display": "0", "missing_lines": 80, "excluded_lines": 0}, "missing_lines": [35, 36, 38, 39, 40, 41, 54, 55, 57, 58, 60, 61, 80, 81, 83, 84, 87, 88, 91, 92, 94, 95, 98, 99, 100, 101, 102, 103, 105, 106, 107, 108, 109, 128, 129, 131, 132, 135, 136, 139, 140, 142, 143, 146, 147, 148, 149, 150, 151, 153, 154, 155, 156, 157, 169, 170, 173, 174, 177, 178, 179, 180, 181, 182, 183, 185, 197, 198, 201, 202, 203, 204, 205, 206, 207, 208, 209, 211, 215, 219], "excluded_lines": []}, "": {"executed_lines": [1, 8, 9, 10, 12, 14, 15, 17, 20, 21, 27, 43, 63, 111, 159, 187, 213, 217], "summary": {"covered_lines": 16, "num_statements": 16, "percent_covered": 100.0, "percent_covered_display": "100", "missing_lines": 0, "excluded_lines": 0}, "missing_lines": [], "excluded_lines": []}}}, "app/intelligence/providers/ollama_llm_provider.py": {"executed_lines": [], "summary": {"covered_lines": 0, "num_statements": 67, "percent_covered": 0.0, "percent_covered_display": "0", "missing_lines": 67, "excluded_lines": 0}, "missing_lines": [8, 9, 10, 11, 13, 15, 17, 20, 31, 50, 52, 53, 55, 56, 57, 58, 59, 61, 66, 86, 89, 98, 99, 101, 102, 104, 105, 109, 111, 112, 114, 115, 116, 118, 138, 141, 150, 151, 153, 154, 156, 157, 162, 164, 165, 166, 167, 168, 169, 172, 173, 175, 176, 178, 179, 180, 182, 184, 186, 192, 194, 196, 197, 199, 201, 203, 205], "excluded_lines": [], "functions": {"OllamaLLMProvider.__init__": {"executed_lines": [], "summary": {"covered_lines": 0, "num_statements": 9, "percent_covered": 0.0, "percent_covered_display": "0", "missing_lines": 9, "excluded_lines": 0}, "missing_lines": [50, 52, 53, 55, 56, 57, 58, 59, 61], "excluded_lines": []}, "OllamaLLMProvider.generate": {"executed_lines": [], "summary": {"covered_lines": 0, "num_statements": 14, "percent_covered": 0.0, "percent_covered_display": "0", "missing_lines": 14, "excluded_lines": 0}, "missing_lines": [86, 89, 98, 99, 101, 102, 104, 105, 109, 111, 112, 114, 115, 116], "excluded_lines": []}, "OllamaLLMProvider.stream_generate": {"executed_lines": [], "summary": {"covered_lines": 0, "num_statements": 22, "percent_covered": 0.0, "percent_covered_display": "0", "missing_lines": 22, "excluded_lines": 0}, "missing_lines": [138, 141, 150, 151, 153, 154, 156, 157, 162, 164, 165, 166, 167, 168, 169, 172, 173, 175, 176, 178, 179, 180], "excluded_lines": []}, "OllamaLLMProvider.get_context_window": {"executed_lines": [], "summary": {"covered_lines": 0, "num_statements": 1, "percent_covered": 0.0, "percent_covered_display": "0", "missing_lines": 1, "excluded_lines": 0}, "missing_lines": [184], "excluded_lines": []}, "OllamaLLMProvider.count_tokens": {"executed_lines": [], "summary": {"covered_lines": 0, "num_statements": 1, "percent_covered": 0.0, "percent_covered_display": "0", "missing_lines": 1, "excluded_lines": 0}, "missing_lines": [192], "excluded_lines": []}, "OllamaLLMProvider.close": {"executed_lines": [], "summary": {"covered_lines": 0, "num_statements": 2, "percent_covered": 0.0, "percent_covered_display": "0", "missing_lines": 2, "excluded_lines": 0}, "missing_lines": [196, 197], "excluded_lines": []}, "OllamaLLMProvider.__enter__": {"executed_lines": [], "summary": {"covered_lines": 0, "num_statements": 1, "percent_covered": 0.0, "percent_covered_display": "0", "missing_lines": 1, "excluded_lines": 0}, "missing_lines": [201], "excluded_lines": []}, "OllamaLLMProvider.__exit__": {"executed_lines": [], "summary": {"covered_lines": 0, "num_statements": 1, "percent_covered": 0.0, "percent_covered_display": "0", "missing_lines": 1, "excluded_lines": 0}, "missing_lines": [205], "excluded_lines": []}, "": {"executed_lines": [], "summary": {"covered_lines": 0, "num_statements": 16, "percent_covered": 0.0, "percent_covered_display": "0", "missing_lines": 16, "excluded_lines": 0}, "missing_lines": [8, 9, 10, 11, 13, 15, 17, 20, 31, 66, 118, 182, 186, 194, 199, 203], "excluded_lines": []}}, "classes": {"OllamaLLMProvider": {"executed_lines": [], "summary": {"covered_lines": 0, "num_statements": 51, "percent_covered": 0.0, "percent_covered_display": "0", "missing_lines": 51, "excluded_lines": 0}, "missing_lines": [50, 52, 53, 55, 56, 57, 58, 59, 61, 86, 89, 98, 99, 101, 102, 104, 105, 109, 111, 112, 114, 115, 116, 138, 141, 150, 151, 153, 154, 156, 157, 162, 164, 165, 166, 167, 168, 169, 172, 173, 175, 176, 178, 179, 180, 184, 192, 196, 197, 201, 205], "excluded_lines": []}, "": {"executed_lines": [], "summary": {"covered_lines": 0, "num_statements": 16, "percent_covered": 0.0, "percent_covered_display": "0", "missing_lines": 16, "excluded_lines": 0}, "missing_lines": [8, 9, 10, 11, 13, 15, 17, 20, 31, 66, 118, 182, 186, 194, 199, 203], "excluded_lines": []}}}, "app/intelligence/providers/openai_embedding_provider.py": {"executed_lines": [1, 8, 9, 11, 13, 15, 18, 19, 27, 53, 110, 114], "summary": {"covered_lines": 10, "num_statements": 44, "percent_covered": 22.727272727272727, "percent_covered_display": "23", "missing_lines": 34, "excluded_lines": 0}, "missing_lines": [35, 38, 41, 42, 44, 45, 48, 49, 51, 63, 64, 65, 67, 68, 74, 75, 77, 78, 79, 81, 82, 83, 85, 86, 88, 89, 96, 101, 103, 104, 105, 108, 112, 116], "excluded_lines": [], "functions": {"OpenAIEmbeddingProvider.__init__": {"executed_lines": [], "summary": {"covered_lines": 0, "num_statements": 9, "percent_covered": 0.0, "percent_covered_display": "0", "missing_lines": 9, "excluded_lines": 0}, "missing_lines": [35, 38, 41, 42, 44, 45, 48, 49, 51], "excluded_lines": []}, "OpenAIEmbeddingProvider.embed": {"executed_lines": [], "summary": {"covered_lines": 0, "num_statements": 23, "percent_covered": 0.0, "percent_covered_display": "0", "missing_lines": 23, "excluded_lines": 0}, "missing_lines": [63, 64, 65, 67, 68, 74, 75, 77, 78, 79, 81, 82, 83, 85, 86, 88, 89, 96, 101, 103, 104, 105, 108], "excluded_lines": []}, "OpenAIEmbeddingProvider.get_dimensions": {"executed_lines": [], "summary": {"covered_lines": 0, "num_statements": 1, "percent_covered": 0.0, "percent_covered_display": "0", "missing_lines": 1, "excluded_lines": 0}, "missing_lines": [112], "excluded_lines": []}, "OpenAIEmbeddingProvider.supports_batch": {"executed_lines": [], "summary": {"covered_lines": 0, "num_statements": 1, "percent_covered": 0.0, "percent_covered_display": "0", "missing_lines": 1, "excluded_lines": 0}, "missing_lines": [116], "excluded_lines": []}, "": {"executed_lines": [1, 8, 9, 11, 13, 15, 18, 19, 27, 53, 110, 114], "summary": {"covered_lines": 10, "num_statements": 10, "percent_covered": 100.0, "percent_covered_display": "100", "missing_lines": 0, "excluded_lines": 0}, "missing_lines": [], "excluded_lines": []}}, "classes": {"OpenAIEmbeddingProvider": {"executed_lines": [], "summary": {"covered_lines": 0, "num_statements": 34, "percent_covered": 0.0, "percent_covered_display": "0", "missing_lines": 34, "excluded_lines": 0}, "missing_lines": [35, 38, 41, 42, 44, 45, 48, 49, 51, 63, 64, 65, 67, 68, 74, 75, 77, 78, 79, 81, 82, 83, 85, 86, 88, 89, 96, 101, 103, 104, 105, 108, 112, 116], "excluded_lines": []}, "": {"executed_lines": [1, 8, 9, 11, 13, 15, 18, 19, 27, 53, 110, 114], "summary": {"covered_lines": 10, "num_statements": 10, "percent_covered": 100.0, "percent_covered_display": "100", "missing_lines": 0, "excluded_lines": 0}, "missing_lines": [], "excluded_lines": []}}}, "app/intelligence/providers/openai_llm_provider.py": {"executed_lines": [], "summary": {"covered_lines": 0, "num_statements": 56, "percent_covered": 0.0, "percent_covered_display": "0", "missing_lines": 56, "excluded_lines": 0}, "missing_lines": [8, 9, 10, 12, 14, 17, 29, 46, 48, 49, 50, 51, 56, 57, 58, 60, 64, 65, 67, 72, 92, 95, 96, 97, 98, 100, 101, 109, 111, 112, 113, 115, 135, 138, 139, 140, 141, 143, 144, 152, 153, 154, 156, 157, 158, 160, 162, 164, 170, 171, 174, 175, 177, 179, 181, 183], "excluded_lines": [], "functions": {"OpenAILLMProvider.__init__": {"executed_lines": [], "summary": {"covered_lines": 0, "num_statements": 12, "percent_covered": 0.0, "percent_covered_display": "0", "missing_lines": 12, "excluded_lines": 0}, "missing_lines": [46, 48, 49, 50, 51, 56, 57, 58, 60, 64, 65, 67], "excluded_lines": []}, "OpenAILLMProvider.generate": {"executed_lines": [], "summary": {"covered_lines": 0, "num_statements": 11, "percent_covered": 0.0, "percent_covered_display": "0", "missing_lines": 11, "excluded_lines": 0}, "missing_lines": [92, 95, 96, 97, 98, 100, 101, 109, 111, 112, 113], "excluded_lines": []}, "OpenAILLMProvider.stream_generate": {"executed_lines": [], "summary": {"covered_lines": 0, "num_statements": 13, "percent_covered": 0.0, "percent_covered_display": "0", "missing_lines": 13, "excluded_lines": 0}, "missing_lines": [135, 138, 139, 140, 141, 143, 144, 152, 153, 154, 156, 157, 158], "excluded_lines": []}, "OpenAILLMProvider.get_context_window": {"executed_lines": [], "summary": {"covered_lines": 0, "num_statements": 1, "percent_covered": 0.0, "percent_covered_display": "0", "missing_lines": 1, "excluded_lines": 0}, "missing_lines": [162], "excluded_lines": []}, "OpenAILLMProvider.count_tokens": {"executed_lines": [], "summary": {"covered_lines": 0, "num_statements": 8, "percent_covered": 0.0, "percent_covered_display": "0", "missing_lines": 8, "excluded_lines": 0}, "missing_lines": [170, 171, 174, 175, 177, 179, 181, 183], "excluded_lines": []}, "": {"executed_lines": [], "summary": {"covered_lines": 0, "num_statements": 11, "percent_covered": 0.0, "percent_covered_display": "0", "missing_lines": 11, "excluded_lines": 0}, "missing_lines": [8, 9, 10, 12, 14, 17, 29, 72, 115, 160, 164], "excluded_lines": []}}, "classes": {"OpenAILLMProvider": {"executed_lines": [], "summary": {"covered_lines": 0, "num_statements": 45, "percent_covered": 0.0, "percent_covered_display": "0", "missing_lines": 45, "excluded_lines": 0}, "missing_lines": [46, 48, 49, 50, 51, 56, 57, 58, 60, 64, 65, 67, 92, 95, 96, 97, 98, 100, 101, 109, 111, 112, 113, 135, 138, 139, 140, 141, 143, 144, 152, 153, 154, 156, 157, 158, 162, 170, 171, 174, 175, 177, 179, 181, 183], "excluded_lines": []}, "": {"executed_lines": [], "summary": {"covered_lines": 0, "num_statements": 11, "percent_covered": 0.0, "percent_covered_display": "0", "missing_lines": 11, "excluded_lines": 0}, "missing_lines": [8, 9, 10, 12, 14, 17, 29, 72, 115, 160, 164], "excluded_lines": []}}}, "app/intelligence/providers/sentence_transformers_provider.py": {"executed_lines": [1, 8, 10, 12, 14, 17, 18, 26, 46, 89, 93], "summary": {"covered_lines": 9, "num_statements": 31, "percent_covered": 29.032258064516128, "percent_covered_display": "29", "missing_lines": 22, "excluded_lines": 0}, "missing_lines": [34, 37, 39, 40, 41, 42, 44, 56, 57, 58, 60, 65, 67, 68, 69, 71, 72, 75, 84, 87, 91, 95], "excluded_lines": [], "functions": {"SentenceTransformerProvider.__init__": {"executed_lines": [], "summary": {"covered_lines": 0, "num_statements": 7, "percent_covered": 0.0, "percent_covered_display": "0", "missing_lines": 7, "excluded_lines": 0}, "missing_lines": [34, 37, 39, 40, 41, 42, 44], "excluded_lines": []}, "SentenceTransformerProvider.embed": {"executed_lines": [], "summary": {"covered_lines": 0, "num_statements": 13, "percent_covered": 0.0, "percent_covered_display": "0", "missing_lines": 13, "excluded_lines": 0}, "missing_lines": [56, 57, 58, 60, 65, 67, 68, 69, 71, 72, 75, 84, 87], "excluded_lines": []}, "SentenceTransformerProvider.get_dimensions": {"executed_lines": [], "summary": {"covered_lines": 0, "num_statements": 1, "percent_covered": 0.0, "percent_covered_display": "0", "missing_lines": 1, "excluded_lines": 0}, "missing_lines": [91], "excluded_lines": []}, "SentenceTransformerProvider.supports_batch": {"executed_lines": [], "summary": {"covered_lines": 0, "num_statements": 1, "percent_covered": 0.0, "percent_covered_display": "0", "missing_lines": 1, "excluded_lines": 0}, "missing_lines": [95], "excluded_lines": []}, "": {"executed_lines": [1, 8, 10, 12, 14, 17, 18, 26, 46, 89, 93], "summary": {"covered_lines": 9, "num_statements": 9, "percent_covered": 100.0, "percent_covered_display": "100", "missing_lines": 0, "excluded_lines": 0}, "missing_lines": [], "excluded_lines": []}}, "classes": {"SentenceTransformerProvider": {"executed_lines": [], "summary": {"covered_lines": 0, "num_statements": 22, "percent_covered": 0.0, "percent_covered_display": "0", "missing_lines": 22, "excluded_lines": 0}, "missing_lines": [34, 37, 39, 40, 41, 42, 44, 56, 57, 58, 60, 65, 67, 68, 69, 71, 72, 75, 84, 87, 91, 95], "excluded_lines": []}, "": {"executed_lines": [1, 8, 10, 12, 14, 17, 18, 26, 46, 89, 93], "summary": {"covered_lines": 9, "num_statements": 9, "percent_covered": 100.0, "percent_covered_display": "100", "missing_lines": 0, "excluded_lines": 0}, "missing_lines": [], "excluded_lines": []}}}, "app/pipeline/__init__.py": {"executed_lines": [1, 3, 5], "summary": {"covered_lines": 2, "num_statements": 2, "percent_covered": 100.0, "percent_covered_display": "100", "missing_lines": 0, "excluded_lines": 0}, "missing_lines": [], "excluded_lines": [], "functions": {"": {"executed_lines": [1, 3, 5], "summary": {"covered_lines": 2, "num_statements": 2, "percent_covered": 100.0, "percent_covered_display": "100", "missing_lines": 0, "excluded_lines": 0}, "missing_lines": [], "excluded_lines": []}}, "classes": {"": {"executed_lines": [1, 3, 5], "summary": {"covered_lines": 2, "num_statements": 2, "percent_covered": 100.0, "percent_covered_display": "100", "missing_lines": 0, "excluded_lines": 0}, "missing_lines": [], "excluded_lines": []}}}, "app/pipeline/cli.py": {"executed_lines": [1, 2, 4, 5, 6, 7, 8, 9, 10, 11, 13, 14, 15, 16, 17, 20, 27, 37, 57, 71, 77, 101, 185, 186, 189, 192, 196, 197, 200, 204, 205, 208, 218, 219, 222], "summary": {"covered_lines": 34, "num_statements": 112, "percent_covered": 30.357142857142858, "percent_covered_display": "30", "missing_lines": 78, "excluded_lines": 3}, "missing_lines": [23, 24, 30, 40, 41, 42, 46, 47, 48, 49, 51, 52, 53, 54, 58, 59, 60, 61, 63, 72, 73, 74, 80, 81, 86, 88, 95, 96, 98, 109, 110, 111, 112, 114, 115, 118, 119, 120, 121, 122, 127, 128, 129, 132, 133, 134, 135, 136, 137, 138, 143, 144, 149, 152, 153, 156, 157, 173, 175, 176, 177, 178, 180, 182, 187, 190, 193, 198, 201, 206, 209, 220, 231, 232, 233, 234, 235, 236], "excluded_lines": [123, 124, 125], "functions": {"run_pipeline": {"executed_lines": [], "summary": {"covered_lines": 0, "num_statements": 2, "percent_covered": 0.0, "percent_covered_display": "0", "missing_lines": 2, "excluded_lines": 0}, "missing_lines": [23, 24], "excluded_lines": []}, "build_default_pipeline": {"executed_lines": [], "summary": {"covered_lines": 0, "num_statements": 1, "percent_covered": 0.0, "percent_covered_display": "0", "missing_lines": 1, "excluded_lines": 0}, "missing_lines": [30], "excluded_lines": []}, "build_pipeline_for_url": {"executed_lines": [], "summary": {"covered_lines": 0, "num_statements": 9, "percent_covered": 0.0, "percent_covered_display": "0", "missing_lines": 9, "excluded_lines": 0}, "missing_lines": [40, 46, 47, 48, 49, 51, 52, 53, 54], "excluded_lines": []}, "build_pipeline_for_url._looks_like_youtube": {"executed_lines": [], "summary": {"covered_lines": 0, "num_statements": 2, "percent_covered": 0.0, "percent_covered_display": "0", "missing_lines": 2, "excluded_lines": 0}, "missing_lines": [41, 42], "excluded_lines": []}, "_build_loader": {"executed_lines": [], "summary": {"covered_lines": 0, "num_statements": 5, "percent_covered": 0.0, "percent_covered_display": "0", "missing_lines": 5, "excluded_lines": 0}, "missing_lines": [58, 59, 60, 61, 63], "excluded_lines": []}, "_looks_like_pdf": {"executed_lines": [], "summary": {"covered_lines": 0, "num_statements": 3, "percent_covered": 0.0, "percent_covered_display": "0", "missing_lines": 3, "excluded_lines": 0}, "missing_lines": [72, 73, 74], "excluded_lines": []}, "format_result": {"executed_lines": [], "summary": {"covered_lines": 0, "num_statements": 7, "percent_covered": 0.0, "percent_covered_display": "0", "missing_lines": 7, "excluded_lines": 0}, "missing_lines": [80, 81, 86, 88, 95, 96, 98], "excluded_lines": []}, "main": {"executed_lines": [], "summary": {"covered_lines": 0, "num_statements": 35, "percent_covered": 0.0, "percent_covered_display": "0", "missing_lines": 35, "excluded_lines": 3}, "missing_lines": [109, 110, 111, 112, 114, 115, 118, 119, 120, 121, 122, 127, 128, 129, 132, 133, 134, 135, 136, 137, 138, 143, 144, 149, 152, 153, 156, 157, 173, 175, 176, 177, 178, 180, 182], "excluded_lines": [123, 124, 125]}, "_InMemoryProcessingRepository.__init__": {"executed_lines": [], "summary": {"covered_lines": 0, "num_statements": 1, "percent_covered": 0.0, "percent_covered_display": "0", "missing_lines": 1, "excluded_lines": 0}, "missing_lines": [187], "excluded_lines": []}, "_InMemoryProcessingRepository.create_processing_record": {"executed_lines": [], "summary": {"covered_lines": 0, "num_statements": 1, "percent_covered": 0.0, "percent_covered_display": "0", "missing_lines": 1, "excluded_lines": 0}, "missing_lines": [190], "excluded_lines": []}, "_InMemoryProcessingRepository.update_processing_record_status": {"executed_lines": [], "summary": {"covered_lines": 0, "num_statements": 1, "percent_covered": 0.0, "percent_covered_display": "0", "missing_lines": 1, "excluded_lines": 0}, "missing_lines": [193], "excluded_lines": []}, "_InMemoryCache.__init__": {"executed_lines": [], "summary": {"covered_lines": 0, "num_statements": 1, "percent_covered": 0.0, "percent_covered_display": "0", "missing_lines": 1, "excluded_lines": 0}, "missing_lines": [198], "excluded_lines": []}, "_InMemoryCache.set_json": {"executed_lines": [], "summary": {"covered_lines": 0, "num_statements": 1, "percent_covered": 0.0, "percent_covered_display": "0", "missing_lines": 1, "excluded_lines": 0}, "missing_lines": [201], "excluded_lines": []}, "_LocalVectorStore.__init__": {"executed_lines": [], "summary": {"covered_lines": 0, "num_statements": 1, "percent_covered": 0.0, "percent_covered_display": "0", "missing_lines": 1, "excluded_lines": 0}, "missing_lines": [206], "excluded_lines": []}, "_LocalVectorStore.add": {"executed_lines": [], "summary": {"covered_lines": 0, "num_statements": 1, "percent_covered": 0.0, "percent_covered_display": "0", "missing_lines": 1, "excluded_lines": 0}, "missing_lines": [209], "excluded_lines": []}, "_LocalObjectStore.__init__": {"executed_lines": [], "summary": {"covered_lines": 0, "num_statements": 1, "percent_covered": 0.0, "percent_covered_display": "0", "missing_lines": 1, "excluded_lines": 0}, "missing_lines": [220], "excluded_lines": []}, "_LocalObjectStore.upload_to_tier": {"executed_lines": [], "summary": {"covered_lines": 0, "num_statements": 6, "percent_covered": 0.0, "percent_covered_display": "0", "missing_lines": 6, "excluded_lines": 0}, "missing_lines": [231, 232, 233, 234, 235, 236], "excluded_lines": []}, "": {"executed_lines": [1, 2, 4, 5, 6, 7, 8, 9, 10, 11, 13, 14, 15, 16, 17, 20, 27, 37, 57, 71, 77, 101, 185, 186, 189, 192, 196, 197, 200, 204, 205, 208, 218, 219, 222], "summary": {"covered_lines": 34, "num_statements": 34, "percent_covered": 100.0, "percent_covered_display": "100", "missing_lines": 0, "excluded_lines": 0}, "missing_lines": [], "excluded_lines": []}}, "classes": {"_InMemoryProcessingRepository": {"executed_lines": [], "summary": {"covered_lines": 0, "num_statements": 3, "percent_covered": 0.0, "percent_covered_display": "0", "missing_lines": 3, "excluded_lines": 0}, "missing_lines": [187, 190, 193], "excluded_lines": []}, "_InMemoryCache": {"executed_lines": [], "summary": {"covered_lines": 0, "num_statements": 2, "percent_covered": 0.0, "percent_covered_display": "0", "missing_lines": 2, "excluded_lines": 0}, "missing_lines": [198, 201], "excluded_lines": []}, "_LocalVectorStore": {"executed_lines": [], "summary": {"covered_lines": 0, "num_statements": 2, "percent_covered": 0.0, "percent_covered_display": "0", "missing_lines": 2, "excluded_lines": 0}, "missing_lines": [206, 209], "excluded_lines": []}, "_LocalObjectStore": {"executed_lines": [], "summary": {"covered_lines": 0, "num_statements": 7, "percent_covered": 0.0, "percent_covered_display": "0", "missing_lines": 7, "excluded_lines": 0}, "missing_lines": [220, 231, 232, 233, 234, 235, 236], "excluded_lines": []}, "": {"executed_lines": [1, 2, 4, 5, 6, 7, 8, 9, 10, 11, 13, 14, 15, 16, 17, 20, 27, 37, 57, 71, 77, 101, 185, 186, 189, 192, 196, 197, 200, 204, 205, 208, 218, 219, 222], "summary": {"covered_lines": 34, "num_statements": 98, "percent_covered": 34.69387755102041, "percent_covered_display": "35", "missing_lines": 64, "excluded_lines": 3}, "missing_lines": [23, 24, 30, 40, 41, 42, 46, 47, 48, 49, 51, 52, 53, 54, 58, 59, 60, 61, 63, 72, 73, 74, 80, 81, 86, 88, 95, 96, 98, 109, 110, 111, 112, 114, 115, 118, 119, 120, 121, 122, 127, 128, 129, 132, 133, 134, 135, 136, 137, 138, 143, 144, 149, 152, 153, 156, 157, 173, 175, 176, 177, 178, 180, 182], "excluded_lines": [123, 124, 125]}}}, "app/pipeline/etl.py": {"executed_lines": [1, 2, 4, 5, 7, 9, 10, 11, 14, 15, 16, 18, 19, 20, 23, 24, 26, 34, 35, 36, 37, 38, 40, 41, 44, 45, 48, 49, 52, 54, 55, 57, 60, 62, 63, 64, 65, 66, 69, 70, 71, 72, 74, 75, 76, 78, 86, 88, 90, 91, 93, 94, 96, 97, 98, 99, 102, 103, 104, 105, 107, 108, 109, 111, 113, 121, 123], "summary": {"covered_lines": 38, "num_statements": 62, "percent_covered": 61.29032258064516, "percent_covered_display": "61", "missing_lines": 24, "excluded_lines": 28}, "missing_lines": [42, 46, 50, 58, 125, 126, 127, 128, 129, 130, 139, 141, 142, 143, 144, 153, 155, 156, 157, 158, 167, 169, 174, 176], "excluded_lines": [62, 63, 64, 65, 66, 69, 70, 71, 72, 73, 74, 75, 76, 78, 96, 97, 98, 99, 102, 103, 104, 105, 106, 107, 108, 109, 111, 113], "functions": {"ContentPipeline.__init__": {"executed_lines": [34, 35, 36, 37, 38], "summary": {"covered_lines": 5, "num_statements": 5, "percent_covered": 100.0, "percent_covered_display": "100", "missing_lines": 0, "excluded_lines": 0}, "missing_lines": [], "excluded_lines": []}, "ContentPipeline.extractor": {"executed_lines": [], "summary": {"covered_lines": 0, "num_statements": 1, "percent_covered": 0.0, "percent_covered_display": "0", "missing_lines": 1, "excluded_lines": 0}, "missing_lines": [42], "excluded_lines": []}, "ContentPipeline.transformer": {"executed_lines": [], "summary": {"covered_lines": 0, "num_statements": 1, "percent_covered": 0.0, "percent_covered_display": "0", "missing_lines": 1, "excluded_lines": 0}, "missing_lines": [46], "excluded_lines": []}, "ContentPipeline.loader": {"executed_lines": [], "summary": {"covered_lines": 0, "num_statements": 1, "percent_covered": 0.0, "percent_covered_display": "0", "missing_lines": 1, "excluded_lines": 0}, "missing_lines": [50], "excluded_lines": []}, "ContentPipeline.initialize": {"executed_lines": [54, 55, 57, 60, 62, 63, 64, 65, 66, 69, 70, 71, 72, 74, 75, 76, 78, 86], "summary": {"covered_lines": 5, "num_statements": 6, "percent_covered": 83.33333333333333, "percent_covered_display": "83", "missing_lines": 1, "excluded_lines": 14}, "missing_lines": [58], "excluded_lines": [62, 63, 64, 65, 66, 69, 70, 71, 72, 73, 74, 75, 76, 78]}, "ContentPipeline.before_store": {"executed_lines": [90, 91, 93, 94, 96, 97, 98, 99, 102, 103, 104, 105, 107, 108, 109, 111, 113, 121], "summary": {"covered_lines": 5, "num_statements": 5, "percent_covered": 100.0, "percent_covered_display": "100", "missing_lines": 0, "excluded_lines": 14}, "missing_lines": [], "excluded_lines": [96, 97, 98, 99, 102, 103, 104, 105, 106, 107, 108, 109, 111, 113]}, "ContentPipeline.run": {"executed_lines": [], "summary": {"covered_lines": 0, "num_statements": 20, "percent_covered": 0.0, "percent_covered_display": "0", "missing_lines": 20, "excluded_lines": 0}, "missing_lines": [125, 126, 127, 128, 129, 130, 139, 141, 142, 143, 144, 153, 155, 156, 157, 158, 167, 169, 174, 176], "excluded_lines": []}, "": {"executed_lines": [1, 2, 4, 5, 7, 9, 10, 11, 14, 15, 16, 18, 19, 20, 23, 24, 26, 40, 41, 44, 45, 48, 49, 52, 88, 123], "summary": {"covered_lines": 23, "num_statements": 23, "percent_covered": 100.0, "percent_covered_display": "100", "missing_lines": 0, "excluded_lines": 0}, "missing_lines": [], "excluded_lines": []}}, "classes": {"PipelineResult": {"executed_lines": [], "summary": {"covered_lines": 0, "num_statements": 0, "percent_covered": 100.0, "percent_covered_display": "100", "missing_lines": 0, "excluded_lines": 0}, "missing_lines": [], "excluded_lines": []}, "ContentPipeline": {"executed_lines": [34, 35, 36, 37, 38, 54, 55, 57, 60, 62, 63, 64, 65, 66, 69, 70, 71, 72, 74, 75, 76, 78, 86, 90, 91, 93, 94, 96, 97, 98, 99, 102, 103, 104, 105, 107, 108, 109, 111, 113, 121], "summary": {"covered_lines": 15, "num_statements": 39, "percent_covered": 38.46153846153846, "percent_covered_display": "38", "missing_lines": 24, "excluded_lines": 28}, "missing_lines": [42, 46, 50, 58, 125, 126, 127, 128, 129, 130, 139, 141, 142, 143, 144, 153, 155, 156, 157, 158, 167, 169, 174, 176], "excluded_lines": [62, 63, 64, 65, 66, 69, 70, 71, 72, 73, 74, 75, 76, 78, 96, 97, 98, 99, 102, 103, 104, 105, 106, 107, 108, 109, 111, 113]}, "": {"executed_lines": [1, 2, 4, 5, 7, 9, 10, 11, 14, 15, 16, 18, 19, 20, 23, 24, 26, 40, 41, 44, 45, 48, 49, 52, 88, 123], "summary": {"covered_lines": 23, "num_statements": 23, "percent_covered": 100.0, "percent_covered_display": "100", "missing_lines": 0, "excluded_lines": 0}, "missing_lines": [], "excluded_lines": []}}}, "app/pipeline/extractors/__init__.py": {"executed_lines": [2, 4, 5, 6, 8], "summary": {"covered_lines": 4, "num_statements": 4, "percent_covered": 100.0, "percent_covered_display": "100", "missing_lines": 0, "excluded_lines": 0}, "missing_lines": [], "excluded_lines": [], "functions": {"": {"executed_lines": [2, 4, 5, 6, 8], "summary": {"covered_lines": 4, "num_statements": 4, "percent_covered": 100.0, "percent_covered_display": "100", "missing_lines": 0, "excluded_lines": 0}, "missing_lines": [], "excluded_lines": []}}, "classes": {"": {"executed_lines": [2, 4, 5, 6, 8], "summary": {"covered_lines": 4, "num_statements": 4, "percent_covered": 100.0, "percent_covered_display": "100", "missing_lines": 0, "excluded_lines": 0}, "missing_lines": [], "excluded_lines": []}}}, "app/pipeline/extractors/base.py": {"executed_lines": [1, 2, 4, 6, 9, 10, 12, 13], "summary": {"covered_lines": 6, "num_statements": 7, "percent_covered": 85.71428571428571, "percent_covered_display": "86", "missing_lines": 1, "excluded_lines": 0}, "missing_lines": [15], "excluded_lines": [], "functions": {"ContentExtractor.extract": {"executed_lines": [], "summary": {"covered_lines": 0, "num_statements": 1, "percent_covered": 0.0, "percent_covered_display": "0", "missing_lines": 1, "excluded_lines": 0}, "missing_lines": [15], "excluded_lines": []}, "": {"executed_lines": [1, 2, 4, 6, 9, 10, 12, 13], "summary": {"covered_lines": 6, "num_statements": 6, "percent_covered": 100.0, "percent_covered_display": "100", "missing_lines": 0, "excluded_lines": 0}, "missing_lines": [], "excluded_lines": []}}, "classes": {"ContentExtractor": {"executed_lines": [], "summary": {"covered_lines": 0, "num_statements": 1, "percent_covered": 0.0, "percent_covered_display": "0", "missing_lines": 1, "excluded_lines": 0}, "missing_lines": [15], "excluded_lines": []}, "": {"executed_lines": [1, 2, 4, 6, 9, 10, 12, 13], "summary": {"covered_lines": 6, "num_statements": 6, "percent_covered": 100.0, "percent_covered_display": "100", "missing_lines": 0, "excluded_lines": 0}, "missing_lines": [], "excluded_lines": []}}}, "app/pipeline/extractors/html.py": {"executed_lines": [1, 2, 4, 5, 7, 8, 9, 11, 12, 13, 15, 18, 19, 21, 25, 29, 42, 76, 77], "summary": {"covered_lines": 17, "num_statements": 55, "percent_covered": 30.90909090909091, "percent_covered_display": "31", "missing_lines": 38, "excluded_lines": 0}, "missing_lines": [22, 23, 26, 27, 30, 31, 32, 34, 35, 36, 37, 38, 40, 43, 44, 46, 47, 49, 50, 51, 52, 53, 54, 55, 57, 58, 60, 61, 62, 64, 65, 66, 68, 78, 79, 80, 81, 82], "excluded_lines": [], "functions": {"HTMLWebExtractor.__init__": {"executed_lines": [], "summary": {"covered_lines": 0, "num_statements": 2, "percent_covered": 0.0, "percent_covered_display": "0", "missing_lines": 2, "excluded_lines": 0}, "missing_lines": [22, 23], "excluded_lines": []}, "HTMLWebExtractor.extract": {"executed_lines": [], "summary": {"covered_lines": 0, "num_statements": 2, "percent_covered": 0.0, "percent_covered_display": "0", "missing_lines": 2, "excluded_lines": 0}, "missing_lines": [26, 27], "excluded_lines": []}, "HTMLWebExtractor._fetch": {"executed_lines": [], "summary": {"covered_lines": 0, "num_statements": 9, "percent_covered": 0.0, "percent_covered_display": "0", "missing_lines": 9, "excluded_lines": 0}, "missing_lines": [30, 31, 32, 34, 35, 36, 37, 38, 40], "excluded_lines": []}, "HTMLWebExtractor._to_raw_content": {"executed_lines": [], "summary": {"covered_lines": 0, "num_statements": 20, "percent_covered": 0.0, "percent_covered_display": "0", "missing_lines": 20, "excluded_lines": 0}, "missing_lines": [43, 44, 46, 47, 49, 50, 51, 52, 53, 54, 55, 57, 58, 60, 61, 62, 64, 65, 66, 68], "excluded_lines": []}, "HTMLWebExtractor._default_title": {"executed_lines": [], "summary": {"covered_lines": 0, "num_statements": 5, "percent_covered": 0.0, "percent_covered_display": "0", "missing_lines": 5, "excluded_lines": 0}, "missing_lines": [78, 79, 80, 81, 82], "excluded_lines": []}, "": {"executed_lines": [1, 2, 4, 5, 7, 8, 9, 11, 12, 13, 15, 18, 19, 21, 25, 29, 42, 76, 77], "summary": {"covered_lines": 17, "num_statements": 17, "percent_covered": 100.0, "percent_covered_display": "100", "missing_lines": 0, "excluded_lines": 0}, "missing_lines": [], "excluded_lines": []}}, "classes": {"HTMLWebExtractor": {"executed_lines": [], "summary": {"covered_lines": 0, "num_statements": 38, "percent_covered": 0.0, "percent_covered_display": "0", "missing_lines": 38, "excluded_lines": 0}, "missing_lines": [22, 23, 26, 27, 30, 31, 32, 34, 35, 36, 37, 38, 40, 43, 44, 46, 47, 49, 50, 51, 52, 53, 54, 55, 57, 58, 60, 61, 62, 64, 65, 66, 68, 78, 79, 80, 81, 82], "excluded_lines": []}, "": {"executed_lines": [1, 2, 4, 5, 7, 8, 9, 11, 12, 13, 15, 18, 19, 21, 25, 29, 42, 76, 77], "summary": {"covered_lines": 17, "num_statements": 17, "percent_covered": 100.0, "percent_covered_display": "100", "missing_lines": 0, "excluded_lines": 0}, "missing_lines": [], "excluded_lines": []}}}, "app/pipeline/extractors/pdf.py": {"executed_lines": [1, 2, 4, 5, 6, 7, 9, 10, 12, 13, 14, 16, 19, 20, 22, 26, 30, 43, 65, 66, 78, 105, 106, 111, 112], "summary": {"covered_lines": 23, "num_statements": 70, "percent_covered": 32.857142857142854, "percent_covered_display": "33", "missing_lines": 47, "excluded_lines": 6}, "missing_lines": [23, 24, 27, 28, 31, 32, 33, 35, 36, 37, 41, 44, 46, 47, 51, 52, 53, 55, 57, 67, 68, 69, 70, 73, 74, 75, 76, 85, 87, 88, 89, 91, 92, 94, 101, 102, 103, 107, 108, 109, 113, 114, 115, 116, 117, 118, 119], "excluded_lines": [38, 39, 48, 49, 71, 72], "functions": {"PDFDocumentExtractor.__init__": {"executed_lines": [], "summary": {"covered_lines": 0, "num_statements": 2, "percent_covered": 0.0, "percent_covered_display": "0", "missing_lines": 2, "excluded_lines": 0}, "missing_lines": [23, 24], "excluded_lines": []}, "PDFDocumentExtractor.extract": {"executed_lines": [], "summary": {"covered_lines": 0, "num_statements": 2, "percent_covered": 0.0, "percent_covered_display": "0", "missing_lines": 2, "excluded_lines": 0}, "missing_lines": [27, 28], "excluded_lines": []}, "PDFDocumentExtractor._fetch": {"executed_lines": [], "summary": {"covered_lines": 0, "num_statements": 7, "percent_covered": 0.0, "percent_covered_display": "0", "missing_lines": 7, "excluded_lines": 2}, "missing_lines": [31, 32, 33, 35, 36, 37, 41], "excluded_lines": [38, 39]}, "PDFDocumentExtractor._to_raw_content": {"executed_lines": [], "summary": {"covered_lines": 0, "num_statements": 8, "percent_covered": 0.0, "percent_covered_display": "0", "missing_lines": 8, "excluded_lines": 2}, "missing_lines": [44, 46, 47, 51, 52, 53, 55, 57], "excluded_lines": [48, 49]}, "PDFDocumentExtractor._extract_text": {"executed_lines": [], "summary": {"covered_lines": 0, "num_statements": 8, "percent_covered": 0.0, "percent_covered_display": "0", "missing_lines": 8, "excluded_lines": 2}, "missing_lines": [67, 68, 69, 70, 73, 74, 75, 76], "excluded_lines": [71, 72]}, "PDFDocumentExtractor._build_metadata": {"executed_lines": [], "summary": {"covered_lines": 0, "num_statements": 10, "percent_covered": 0.0, "percent_covered_display": "0", "missing_lines": 10, "excluded_lines": 0}, "missing_lines": [85, 87, 88, 89, 91, 92, 94, 101, 102, 103], "excluded_lines": []}, "PDFDocumentExtractor._clean_str": {"executed_lines": [], "summary": {"covered_lines": 0, "num_statements": 3, "percent_covered": 0.0, "percent_covered_display": "0", "missing_lines": 3, "excluded_lines": 0}, "missing_lines": [107, 108, 109], "excluded_lines": []}, "PDFDocumentExtractor._default_title": {"executed_lines": [], "summary": {"covered_lines": 0, "num_statements": 7, "percent_covered": 0.0, "percent_covered_display": "0", "missing_lines": 7, "excluded_lines": 0}, "missing_lines": [113, 114, 115, 116, 117, 118, 119], "excluded_lines": []}, "": {"executed_lines": [1, 2, 4, 5, 6, 7, 9, 10, 12, 13, 14, 16, 19, 20, 22, 26, 30, 43, 65, 66, 78, 105, 106, 111, 112], "summary": {"covered_lines": 23, "num_statements": 23, "percent_covered": 100.0, "percent_covered_display": "100", "missing_lines": 0, "excluded_lines": 0}, "missing_lines": [], "excluded_lines": []}}, "classes": {"PDFDocumentExtractor": {"executed_lines": [], "summary": {"covered_lines": 0, "num_statements": 47, "percent_covered": 0.0, "percent_covered_display": "0", "missing_lines": 47, "excluded_lines": 6}, "missing_lines": [23, 24, 27, 28, 31, 32, 33, 35, 36, 37, 41, 44, 46, 47, 51, 52, 53, 55, 57, 67, 68, 69, 70, 73, 74, 75, 76, 85, 87, 88, 89, 91, 92, 94, 101, 102, 103, 107, 108, 109, 113, 114, 115, 116, 117, 118, 119], "excluded_lines": [38, 39, 48, 49, 71, 72]}, "": {"executed_lines": [1, 2, 4, 5, 6, 7, 9, 10, 12, 13, 14, 16, 19, 20, 22, 26, 30, 43, 65, 66, 78, 105, 106, 111, 112], "summary": {"covered_lines": 23, "num_statements": 23, "percent_covered": 100.0, "percent_covered_display": "100", "missing_lines": 0, "excluded_lines": 0}, "missing_lines": [], "excluded_lines": []}}}, "app/pipeline/extractors/youtube.py": {"executed_lines": [1, 3, 5, 6, 8, 9, 10, 11, 16, 17, 21, 22, 27, 28, 31, 32, 37, 40], "summary": {"covered_lines": 12, "num_statements": 38, "percent_covered": 31.57894736842105, "percent_covered_display": "32", "missing_lines": 26, "excluded_lines": 8}, "missing_lines": [38, 41, 49, 50, 51, 54, 55, 58, 59, 60, 61, 64, 65, 66, 67, 70, 71, 72, 73, 74, 75, 78, 79, 80, 83, 91], "excluded_lines": [16, 17, 18, 19, 21, 22, 23, 24], "functions": {"YouTubeExtractor.__init__": {"executed_lines": [], "summary": {"covered_lines": 0, "num_statements": 1, "percent_covered": 0.0, "percent_covered_display": "0", "missing_lines": 1, "excluded_lines": 0}, "missing_lines": [38], "excluded_lines": []}, "YouTubeExtractor.extract": {"executed_lines": [], "summary": {"covered_lines": 0, "num_statements": 25, "percent_covered": 0.0, "percent_covered_display": "0", "missing_lines": 25, "excluded_lines": 0}, "missing_lines": [41, 49, 50, 51, 54, 55, 58, 59, 60, 61, 64, 65, 66, 67, 70, 71, 72, 73, 74, 75, 78, 79, 80, 83, 91], "excluded_lines": []}, "": {"executed_lines": [1, 3, 5, 6, 8, 9, 10, 11, 16, 17, 21, 22, 27, 28, 31, 32, 37, 40], "summary": {"covered_lines": 12, "num_statements": 12, "percent_covered": 100.0, "percent_covered_display": "100", "missing_lines": 0, "excluded_lines": 8}, "missing_lines": [], "excluded_lines": [16, 17, 18, 19, 21, 22, 23, 24]}}, "classes": {"YouTubeExtractor": {"executed_lines": [], "summary": {"covered_lines": 0, "num_statements": 26, "percent_covered": 0.0, "percent_covered_display": "0", "missing_lines": 26, "excluded_lines": 0}, "missing_lines": [38, 41, 49, 50, 51, 54, 55, 58, 59, 60, 61, 64, 65, 66, 67, 70, 71, 72, 73, 74, 75, 78, 79, 80, 83, 91], "excluded_lines": []}, "": {"executed_lines": [1, 3, 5, 6, 8, 9, 10, 11, 16, 17, 21, 22, 27, 28, 31, 32, 37, 40], "summary": {"covered_lines": 12, "num_statements": 12, "percent_covered": 100.0, "percent_covered_display": "100", "missing_lines": 0, "excluded_lines": 8}, "missing_lines": [], "excluded_lines": [16, 17, 18, 19, 21, 22, 23, 24]}}}, "app/pipeline/knowledge_graph/__init__.py": {"executed_lines": [], "summary": {"covered_lines": 0, "num_statements": 0, "percent_covered": 100.0, "percent_covered_display": "100", "missing_lines": 0, "excluded_lines": 0}, "missing_lines": [], "excluded_lines": [], "functions": {"": {"executed_lines": [], "summary": {"covered_lines": 0, "num_statements": 0, "percent_covered": 100.0, "percent_covered_display": "100", "missing_lines": 0, "excluded_lines": 0}, "missing_lines": [], "excluded_lines": []}}, "classes": {"": {"executed_lines": [], "summary": {"covered_lines": 0, "num_statements": 0, "percent_covered": 100.0, "percent_covered_display": "100", "missing_lines": 0, "excluded_lines": 0}, "missing_lines": [], "excluded_lines": []}}}, "app/pipeline/loaders/__init__.py": {"executed_lines": [2, 4, 5, 7], "summary": {"covered_lines": 3, "num_statements": 3, "percent_covered": 100.0, "percent_covered_display": "100", "missing_lines": 0, "excluded_lines": 0}, "missing_lines": [], "excluded_lines": [], "functions": {"": {"executed_lines": [2, 4, 5, 7], "summary": {"covered_lines": 3, "num_statements": 3, "percent_covered": 100.0, "percent_covered_display": "100", "missing_lines": 0, "excluded_lines": 0}, "missing_lines": [], "excluded_lines": []}}, "classes": {"": {"executed_lines": [2, 4, 5, 7], "summary": {"covered_lines": 3, "num_statements": 3, "percent_covered": 100.0, "percent_covered_display": "100", "missing_lines": 0, "excluded_lines": 0}, "missing_lines": [], "excluded_lines": []}}}, "app/pipeline/loaders/base.py": {"executed_lines": [1, 2, 4, 6, 9, 10, 12, 13], "summary": {"covered_lines": 6, "num_statements": 7, "percent_covered": 85.71428571428571, "percent_covered_display": "86", "missing_lines": 1, "excluded_lines": 0}, "missing_lines": [15], "excluded_lines": [], "functions": {"ContentLoader.load": {"executed_lines": [], "summary": {"covered_lines": 0, "num_statements": 1, "percent_covered": 0.0, "percent_covered_display": "0", "missing_lines": 1, "excluded_lines": 0}, "missing_lines": [15], "excluded_lines": []}, "": {"executed_lines": [1, 2, 4, 6, 9, 10, 12, 13], "summary": {"covered_lines": 6, "num_statements": 6, "percent_covered": 100.0, "percent_covered_display": "100", "missing_lines": 0, "excluded_lines": 0}, "missing_lines": [], "excluded_lines": []}}, "classes": {"ContentLoader": {"executed_lines": [], "summary": {"covered_lines": 0, "num_statements": 1, "percent_covered": 0.0, "percent_covered_display": "0", "missing_lines": 1, "excluded_lines": 0}, "missing_lines": [15], "excluded_lines": []}, "": {"executed_lines": [1, 2, 4, 6, 9, 10, 12, 13], "summary": {"covered_lines": 6, "num_statements": 6, "percent_covered": 100.0, "percent_covered_display": "100", "missing_lines": 0, "excluded_lines": 0}, "missing_lines": [], "excluded_lines": []}}}, "app/pipeline/loaders/library.py": {"executed_lines": [1, 2, 4, 5, 6, 7, 8, 9, 11, 12, 13, 14, 15, 17, 20, 21, 23, 40, 135, 138, 139, 148, 149, 155, 156, 179, 180], "summary": {"covered_lines": 25, "num_statements": 70, "percent_covered": 35.714285714285715, "percent_covered_display": "36", "missing_lines": 45, "excluded_lines": 4}, "missing_lines": [33, 34, 35, 36, 37, 38, 41, 42, 49, 50, 51, 52, 54, 55, 67, 68, 77, 79, 80, 82, 95, 96, 102, 112, 117, 136, 140, 141, 142, 143, 144, 145, 146, 150, 151, 152, 153, 157, 171, 172, 173, 174, 175, 177, 181], "excluded_lines": [119, 120, 128, 133], "functions": {"LibraryContentLoader.__init__": {"executed_lines": [], "summary": {"covered_lines": 0, "num_statements": 6, "percent_covered": 0.0, "percent_covered_display": "0", "missing_lines": 6, "excluded_lines": 0}, "missing_lines": [33, 34, 35, 36, 37, 38], "excluded_lines": []}, "LibraryContentLoader.load": {"executed_lines": [
[...]
 93, 94, 95, 97], "excluded_lines": []}, "LibraryService._extract_tier_letter": {"executed_lines": [], "summary": {"covered_lines": 0, "num_statements": 1, "percent_covered": 0.0, "percent_covered_display": "0", "missing_lines": 1, "excluded_lines": 0}, "missing_lines": [110], "excluded_lines": []}, "LibraryService._get_bucket_prefix": {"executed_lines": [], "summary": {"covered_lines": 0, "num_statements": 3, "percent_covered": 0.0, "percent_covered_display": "0", "missing_lines": 3, "excluded_lines": 0}, "missing_lines": [123, 124, 125], "excluded_lines": []}, "LibraryService.add_to_library": {"executed_lines": [], "summary": {"covered_lines": 0, "num_statements": 0, "percent_covered": 100.0, "percent_covered_display": "100", "missing_lines": 0, "excluded_lines": 81}, "missing_lines": [], "excluded_lines": [128, 129, 130, 131, 132, 133, 134, 135, 136, 137, 138, 139, 140, 141, 142, 143, 144, 145, 146, 147, 148, 149, 150, 151, 152, 153, 154, 155, 156, 157, 158, 159, 160, 161, 162, 163, 164, 165, 166, 167, 168, 169, 170, 171, 172, 173, 174, 175, 176, 177, 178, 179, 180, 181, 182, 183, 184, 185, 186, 187, 188, 189, 190, 191, 192, 193, 194, 195, 196, 197, 198, 199, 200, 201, 202, 203, 204, 205, 206, 207, 208]}, "LibraryService.get_files_by_tier": {"executed_lines": [], "summary": {"covered_lines": 0, "num_statements": 0, "percent_covered": 100.0, "percent_covered_display": "100", "missing_lines": 0, "excluded_lines": 44}, "missing_lines": [], "excluded_lines": [216, 217, 218, 219, 220, 221, 222, 223, 224, 225, 226, 227, 228, 229, 230, 231, 232, 233, 234, 235, 236, 237, 238, 239, 240, 241, 242, 243, 244, 245, 246, 247, 248, 249, 250, 251, 252, 253, 254, 255, 256, 257, 258, 259]}, "LibraryService.move_between_tiers": {"executed_lines": [], "summary": {"covered_lines": 0, "num_statements": 0, "percent_covered": 100.0, "percent_covered_display": "100", "missing_lines": 0, "excluded_lines": 116}, "missing_lines": [], "excluded_lines": [267, 268, 269, 270, 271, 272, 273, 274, 275, 276, 277, 278, 279, 280, 281, 282, 283, 284, 285, 286, 287, 288, 289, 290, 291, 292, 293, 294, 295, 296, 297, 298, 299, 300, 301, 302, 303, 304, 305, 306, 307, 308, 309, 310, 311, 312, 313, 314, 315, 316, 317, 318, 319, 320, 321, 322, 323, 324, 325, 326, 327, 328, 329, 330, 331, 332, 333, 334, 335, 336, 337, 338, 339, 340, 341, 342, 343, 344, 345, 346, 347, 348, 349, 350, 351, 352, 353, 354, 355, 356, 357, 358, 359, 360, 361, 362, 363, 364, 365, 366, 367, 368, 369, 370, 371, 372, 373, 374, 375, 376, 377, 378, 379, 380, 381, 382]}, "LibraryService.search_library": {"executed_lines": [], "summary": {"covered_lines": 0, "num_statements": 0, "percent_covered": 100.0, "percent_covered_display": "100", "missing_lines": 0, "excluded_lines": 58}, "missing_lines": [], "excluded_lines": [390, 391, 392, 393, 394, 395, 396, 397, 398, 399, 400, 401, 402, 403, 404, 405, 406, 407, 408, 409, 410, 411, 412, 413, 414, 415, 416, 417, 418, 419, 420, 421, 422, 423, 424, 425, 426, 427, 428, 429, 430, 431, 432, 433, 434, 435, 436, 437, 438, 439, 440, 441, 442, 443, 444, 445, 446, 447]}, "LibraryService.get_statistics": {"executed_lines": [], "summary": {"covered_lines": 0, "num_statements": 0, "percent_covered": 100.0, "percent_covered_display": "100", "missing_lines": 0, "excluded_lines": 75}, "missing_lines": [], "excluded_lines": [450, 451, 452, 453, 454, 455, 456, 457, 458, 459, 460, 461, 462, 463, 464, 465, 466, 467, 468, 469, 470, 471, 472, 473, 474, 475, 476, 477, 478, 479, 480, 481, 482, 483, 484, 485, 486, 487, 488, 489, 490, 491, 492, 493, 494, 495, 496, 497, 498, 499, 500, 501, 502, 503, 504, 505, 506, 507, 508, 509, 510, 511, 512, 513, 514, 515, 516, 517, 518, 519, 520, 521, 522, 523, 524]}, "": {"executed_lines": [1, 13, 14, 15, 16, 17, 18, 19, 21, 23, 24, 25, 26, 27, 28, 29, 32, 39, 40, 43, 46, 47, 58, 79, 80, 99, 100, 112, 113, 127, 210, 261, 384, 449], "summary": {"covered_lines": 27, "num_statements": 27, "percent_covered": 100.0, "percent_covered_display": "100", "missing_lines": 0, "excluded_lines": 20}, "missing_lines": [], "excluded_lines": [127, 210, 211, 212, 213, 214, 215, 261, 262, 263, 264, 265, 266, 384, 385, 386, 387, 388, 389, 449]}}, "classes": {"LibraryService": {"executed_lines": [], "summary": {"covered_lines": 0, "num_statements": 15, "percent_covered": 0.0, "percent_covered_display": "0", "missing_lines": 15, "excluded_lines": 374}, "missing_lines": [74, 75, 76, 77, 90, 91, 92, 93, 94, 95, 97, 110, 123, 124, 125], "excluded_lines": [128, 129, 130, 131, 132, 133, 134, 135, 136, 137, 138, 139, 140, 141, 142, 143, 144, 145, 146, 147, 148, 149, 150, 151, 152, 153, 154, 155, 156, 157, 158, 159, 160, 161, 162, 163, 164, 165, 166, 167, 168, 169, 170, 171, 172, 173, 174, 175, 176, 177, 178, 179, 180, 181, 182, 183, 184, 185, 186, 187, 188, 189, 190, 191, 192, 193, 194, 195, 196, 197, 198, 199, 200, 201, 202, 203, 204, 205, 206, 207, 208, 216, 217, 218, 219, 220, 221, 222, 223, 224, 225, 226, 227, 228, 229, 230, 231, 232, 233, 234, 235, 236, 237, 238, 239, 240, 241, 242, 243, 244, 245, 246, 247, 248, 249, 250, 251, 252, 253, 254, 255, 256, 257, 258, 259, 267, 268, 269, 270, 271, 272, 273, 274, 275, 276, 277, 278, 279, 280, 281, 282, 283, 284, 285, 286, 287, 288, 289, 290, 291, 292, 293, 294, 295, 296, 297, 298, 299, 300, 301, 302, 303, 304, 305, 306, 307, 308, 309, 310, 311, 312, 313, 314, 315, 316, 317, 318, 319, 320, 321, 322, 323, 324, 325, 326, 327, 328, 329, 330, 331, 332, 333, 334, 335, 336, 337, 338, 339, 340, 341, 342, 343, 344, 345, 346, 347, 348, 349, 350, 351, 352, 353, 354, 355, 356, 357, 358, 359, 360, 361, 362, 363, 364, 365, 366, 367, 368, 369, 370, 371, 372, 373, 374, 375, 376, 377, 378, 379, 380, 381, 382, 390, 391, 392, 393, 394, 395, 396, 397, 398, 399, 400, 401, 402, 403, 404, 405, 406, 407, 408, 409, 410, 411, 412, 413, 414, 415, 416, 417, 418, 419, 420, 421, 422, 423, 424, 425, 426, 427, 428, 429, 430, 431, 432, 433, 434, 435, 436, 437, 438, 439, 440, 441, 442, 443, 444, 445, 446, 447, 450, 451, 452, 453, 454, 455, 456, 457, 458, 459, 460, 461, 462, 463, 464, 465, 466, 467, 468, 469, 470, 471, 472, 473, 474, 475, 476, 477, 478, 479, 480, 481, 482, 483, 484, 485, 486, 487, 488, 489, 490, 491, 492, 493, 494, 495, 496, 497, 498, 499, 500, 501, 502, 503, 504, 505, 506, 507, 508, 509, 510, 511, 512, 513, 514, 515, 516, 517, 518, 519, 520, 521, 522, 523, 524]}, "": {"executed_lines": [1, 13, 14, 15, 16, 17, 18, 19, 21, 23, 24, 25, 26, 27, 28, 29, 32, 39, 40, 43, 46, 47, 58, 79, 80, 99, 100, 112, 113, 127, 210, 261, 384, 449], "summary": {"covered_lines": 27, "num_statements": 27, "percent_covered": 100.0, "percent_covered_display": "100", "missing_lines": 0, "excluded_lines": 20}, "missing_lines": [], "excluded_lines": [127, 210, 211, 212, 213, 214, 215, 261, 262, 263, 264, 265, 266, 384, 385, 386, 387, 388, 389, 449]}}}, "app/services/maintenance_service.py": {"executed_lines": [1, 7, 8, 10, 11, 12, 13, 16, 17, 18, 20, 23, 24, 35, 56, 57, 75, 110, 143, 223, 239, 282], "summary": {"covered_lines": 20, "num_statements": 127, "percent_covered": 15.748031496062993, "percent_covered_display": "16", "missing_lines": 107, "excluded_lines": 0}, "missing_lines": [51, 52, 53, 54, 69, 70, 71, 72, 73, 89, 92, 94, 95, 97, 101, 102, 103, 104, 106, 108, 120, 121, 123, 124, 126, 128, 131, 133, 134, 135, 137, 150, 156, 157, 158, 159, 160, 162, 167, 168, 174, 175, 176, 177, 179, 184, 185, 191, 193, 195, 200, 201, 207, 209, 211, 215, 216, 221, 230, 233, 234, 235, 236, 237, 246, 248, 250, 252, 253, 255, 257, 259, 263, 267, 270, 273, 274, 276, 277, 278, 280, 289, 296, 297, 298, 302, 303, 305, 306, 310, 311, 317, 318, 319, 320, 322, 323, 327, 328, 334, 335, 336, 338, 339, 343, 344, 349], "excluded_lines": [], "functions": {"MaintenanceService.__init__": {"executed_lines": [], "summary": {"covered_lines": 0, "num_statements": 4, "percent_covered": 0.0, "percent_covered_display": "0", "missing_lines": 4, "excluded_lines": 0}, "missing_lines": [51, 52, 53, 54], "excluded_lines": []}, "MaintenanceService._safe_repository_call": {"executed_lines": [], "summary": {"covered_lines": 0, "num_statements": 5, "percent_covered": 0.0, "percent_covered_display": "0", "missing_lines": 5, "excluded_lines": 0}, "missing_lines": [69, 70, 71, 72, 73], "excluded_lines": []}, "MaintenanceService.cleanup_old_cache_entries": {"executed_lines": [], "summary": {"covered_lines": 0, "num_statements": 11, "percent_covered": 0.0, "percent_covered_display": "0", "missing_lines": 11, "excluded_lines": 0}, "missing_lines": [89, 92, 94, 95, 97, 101, 102, 103, 104, 106, 108], "excluded_lines": []}, "MaintenanceService.recompute_embeddings": {"executed_lines": [], "summary": {"covered_lines": 0, "num_statements": 11, "percent_covered": 0.0, "percent_covered_display": "0", "missing_lines": 11, "excluded_lines": 0}, "missing_lines": [120, 121, 123, 124, 126, 128, 131, 133, 134, 135, 137], "excluded_lines": []}, "MaintenanceService.generate_system_report": {"executed_lines": [], "summary": {"covered_lines": 0, "num_statements": 27, "percent_covered": 0.0, "percent_covered_display": "0", "missing_lines": 27, "excluded_lines": 0}, "missing_lines": [150, 156, 157, 158, 159, 160, 162, 167, 168, 174, 175, 176, 177, 179, 184, 185, 191, 193, 195, 200, 201, 207, 209, 211, 215, 216, 221], "excluded_lines": []}, "MaintenanceService.vacuum_database": {"executed_lines": [], "summary": {"covered_lines": 0, "num_statements": 6, "percent_covered": 0.0, "percent_covered_display": "0", "missing_lines": 6, "excluded_lines": 0}, "missing_lines": [230, 233, 234, 235, 236, 237], "excluded_lines": []}, "MaintenanceService.cleanup_orphaned_files": {"executed_lines": [], "summary": {"covered_lines": 0, "num_statements": 17, "percent_covered": 0.0, "percent_covered_display": "0", "missing_lines": 17, "excluded_lines": 0}, "missing_lines": [246, 248, 250, 252, 253, 255, 257, 259, 263, 267, 270, 273, 274, 276, 277, 278, 280], "excluded_lines": []}, "MaintenanceService.verify_data_integrity": {"executed_lines": [], "summary": {"covered_lines": 0, "num_statements": 26, "percent_covered": 0.0, "percent_covered_display": "0", "missing_lines": 26, "excluded_lines": 0}, "missing_lines": [289, 296, 297, 298, 302, 303, 305, 306, 310, 311, 317, 318, 319, 320, 322, 323, 327, 328, 334, 335, 336, 338, 339, 343, 344, 349], "excluded_lines": []}, "": {"executed_lines": [1, 7, 8, 10, 11, 12, 13, 16, 17, 18, 20, 23, 24, 35, 56, 57, 75, 110, 143, 223, 239, 282], "summary": {"covered_lines": 20, "num_statements": 20, "percent_covered": 100.0, "percent_covered_display": "100", "missing_lines": 0, "excluded_lines": 0}, "missing_lines": [], "excluded_lines": []}}, "classes": {"MaintenanceService": {"executed_lines": [], "summary": {"covered_lines": 0, "num_statements": 107, "percent_covered": 0.0, "percent_covered_display": "0", "missing_lines": 107, "excluded_lines": 0}, "missing_lines": [51, 52, 53, 54, 69, 70, 71, 72, 73, 89, 92, 94, 95, 97, 101, 102, 103, 104, 106, 108, 120, 121, 123, 124, 126, 128, 131, 133, 134, 135, 137, 150, 156, 157, 158, 159, 160, 162, 167, 168, 174, 175, 176, 177, 179, 184, 185, 191, 193, 195, 200, 201, 207, 209, 211, 215, 216, 221, 230, 233, 234, 235, 236, 237, 246, 248, 250, 252, 253, 255, 257, 259, 263, 267, 270, 273, 274, 276, 277, 278, 280, 289, 296, 297, 298, 302, 303, 305, 306, 310, 311, 317, 318, 319, 320, 322, 323, 327, 328, 334, 335, 336, 338, 339, 343, 344, 349], "excluded_lines": []}, "": {"executed_lines": [1, 7, 8, 10, 11, 12, 13, 16, 17, 18, 20, 23, 24, 35, 56, 57, 75, 110, 143, 223, 239, 282], "summary": {"covered_lines": 20, "num_statements": 20, "percent_covered": 100.0, "percent_covered_display": "100", "missing_lines": 0, "excluded_lines": 0}, "missing_lines": [], "excluded_lines": []}}}, "app/services/relation_extraction_service.py": {"executed_lines": [1, 7, 8, 9, 10, 12, 15, 16, 18, 51, 95, 117, 196, 227, 245, 288], "summary": {"covered_lines": 14, "num_statements": 93, "percent_covered": 15.053763440860216, "percent_covered_display": "15", "missing_lines": 79, "excluded_lines": 0}, "missing_lines": [24, 27, 28, 29, 31, 32, 33, 36, 61, 62, 63, 65, 66, 68, 70, 73, 76, 79, 80, 81, 83, 86, 87, 90, 91, 93, 104, 114, 115, 139, 142, 143, 144, 146, 147, 150, 151, 153, 154, 155, 158, 159, 161, 162, 165, 167, 168, 170, 172, 175, 177, 189, 190, 192, 194, 207, 214, 216, 217, 218, 221, 222, 225, 236, 239, 240, 241, 243, 251, 269, 279, 280, 284, 286, 297, 299, 300, 301, 303], "excluded_lines": [], "functions": {"RelationExtractionService.__init__": {"executed_lines": [], "summary": {"covered_lines": 0, "num_statements": 8, "percent_covered": 0.0, "percent_covered_display": "0", "missing_lines": 8, "excluded_lines": 0}, "missing_lines": [24, 27, 28, 29, 31, 32, 33, 36], "excluded_lines": []}, "RelationExtractionService.extract_relations": {"executed_lines": [], "summary": {"covered_lines": 0, "num_statements": 18, "percent_covered": 0.0, "percent_covered_display": "0", "missing_lines": 18, "excluded_lines": 0}, "missing_lines": [61, 62, 63, 65, 66, 68, 70, 73, 76, 79, 80, 81, 83, 86, 87, 90, 91, 93], "excluded_lines": []}, "RelationExtractionService._get_chunk_entities": {"executed_lines": [], "summary": {"covered_lines": 0, "num_statements": 3, "percent_covered": 0.0, "percent_covered_display": "0", "missing_lines": 3, "excluded_lines": 0}, "missing_lines": [104, 114, 115], "excluded_lines": []}, "RelationExtractionService._extract_relation_by_pattern": {"executed_lines": [], "summary": {"covered_lines": 0, "num_statements": 26, "percent_covered": 0.0, "percent_covered_display": "0", "missing_lines": 26, "excluded_lines": 0}, "missing_lines": [139, 142, 143, 144, 146, 147, 150, 151, 153, 154, 155, 158, 159, 161, 162, 165, 167, 168, 170, 172, 175, 177, 189, 190, 192, 194], "excluded_lines": []}, "RelationExtractionService._calculate_relation_confidence": {"executed_lines": [], "summary": {"covered_lines": 0, "num_statements": 8, "percent_covered": 0.0, "percent_covered_display": "0", "missing_lines": 8, "excluded_lines": 0}, "missing_lines": [207, 214, 216, 217, 218, 221, 222, 225], "excluded_lines": []}, "RelationExtractionService._extract_temporal_info": {"executed_lines": [], "summary": {"covered_lines": 0, "num_statements": 5, "percent_covered": 0.0, "percent_covered_display": "0", "missing_lines": 5, "excluded_lines": 0}, "missing_lines": [236, 239, 240, 241, 243], "excluded_lines": []}, "RelationExtractionService._store_relation": {"executed_lines": [], "summary": {"covered_lines": 0, "num_statements": 6, "percent_covered": 0.0, "percent_covered_display": "0", "missing_lines": 6, "excluded_lines": 0}, "missing_lines": [251, 269, 279, 280, 284, 286], "excluded_lines": []}, "RelationExtractionService.batch_extract_relations": {"executed_lines": [], "summary": {"covered_lines": 0, "num_statements": 5, "percent_covered": 0.0, "percent_covered_display": "0", "missing_lines": 5, "excluded_lines": 0}, "missing_lines": [297, 299, 300, 301, 303], "excluded_lines": []}, "": {"executed_lines": [1, 7, 8, 9, 10, 12, 15, 16, 18, 51, 95, 117, 196, 227, 245, 288], "summary": {"covered_lines": 14, "num_statements": 14, "percent_covered": 100.0, "percent_covered_display": "100", "missing_lines": 0, "excluded_lines": 0}, "missing_lines": [], "excluded_lines": []}}, "classes": {"RelationExtractionService": {"executed_lines": [], "summary": {"covered_lines": 0, "num_statements": 79, "percent_covered": 0.0, "percent_covered_display": "0", "missing_lines": 79, "excluded_lines": 0}, "missing_lines": [24, 27, 28, 29, 31, 32, 33, 36, 61, 62, 63, 65, 66, 68, 70, 73, 76, 79, 80, 81, 83, 86, 87, 90, 91, 93, 104, 114, 115, 139, 142, 143, 144, 146, 147, 150, 151, 153, 154, 155, 158, 159, 161, 162, 165, 167, 168, 170, 172, 175, 177, 189, 190, 192, 194, 207, 214, 216, 217, 218, 221, 222, 225, 236, 239, 240, 241, 243, 251, 269, 279, 280, 284, 286, 297, 299, 300, 301, 303], "excluded_lines": []}, "": {"executed_lines": [1, 7, 8, 9, 10, 12, 15, 16, 18, 51, 95, 117, 196, 227, 245, 288], "summary": {"covered_lines": 14, "num_statements": 14, "percent_covered": 100.0, "percent_covered_display": "100", "missing_lines": 0, "excluded_lines": 0}, "missing_lines": [], "excluded_lines": []}}}, "app/services/search_service.py": {"executed_lines": [], "summary": {"covered_lines": 0, "num_statements": 70, "percent_covered": 0.0, "percent_covered_display": "0", "missing_lines": 70, "excluded_lines": 0}, "missing_lines": [6, 7, 9, 11, 14, 29, 50, 51, 52, 53, 54, 55, 56, 58, 75, 76, 77, 80, 81, 82, 83, 85, 86, 89, 90, 94, 95, 100, 101, 104, 105, 107, 108, 109, 111, 112, 115, 116, 119, 120, 131, 132, 133, 134, 137, 139, 159, 160, 161, 169, 172, 173, 174, 179, 180, 183, 185, 190, 200, 202, 205, 206, 207, 209, 217, 227, 228, 231, 238, 239], "excluded_lines": [], "functions": {"SearchService.__init__": {"executed_lines": [], "summary": {"covered_lines": 0, "num_statements": 7, "percent_covered": 0.0, "percent_covered_display": "0", "missing_lines": 7, "excluded_lines": 0}, "missing_lines": [50, 51, 52, 53, 54, 55, 56], "excluded_lines": []}, "SearchService.search": {"executed_lines": [], "summary": {"covered_lines": 0, "num_statements": 31, "percent_covered": 0.0, "percent_covered_display": "0", "missing_lines": 31, "excluded_lines": 0}, "missing_lines": [75, 76, 77, 80, 81, 82, 83, 85, 86, 89, 90, 94, 95, 100, 101, 104, 105, 107, 108, 109, 111, 112, 115, 116, 119, 120, 131, 132, 133, 134, 137], "excluded_lines": []}, "SearchService.query_with_citations": {"executed_lines": [], "summary": {"covered_lines": 0, "num_statements": 18, "percent_covered": 0.0, "percent_covered_display": "0", "missing_lines": 18, "excluded_lines": 0}, "missing_lines": [159, 160, 161, 169, 172, 173, 174, 179, 180, 183, 185, 190, 200, 202, 205, 206, 207, 209], "excluded_lines": []}, "SearchService._get_relevant_chunks": {"executed_lines": [], "summary": {"covered_lines": 0, "num_statements": 5, "percent_covered": 0.0, "percent_covered_display": "0", "missing_lines": 5, "excluded_lines": 0}, "missing_lines": [227, 228, 231, 238, 239], "excluded_lines": []}, "": {"executed_lines": [], "summary": {"covered_lines": 0, "num_statements": 9, "percent_covered": 0.0, "percent_covered_display": "0", "missing_lines": 9, "excluded_lines": 0}, "missing_lines": [6, 7, 9, 11, 14, 29, 58, 139, 217], "excluded_lines": []}}, "classes": {"SearchService": {"executed_lines": [], "summary": {"covered_lines": 0, "num_statements": 61, "percent_covered": 0.0, "percent_covered_display": "0", "missing_lines": 61, "excluded_lines": 0}, "missing_lines": [50, 51, 52, 53, 54, 55, 56, 75, 76, 77, 80, 81, 82, 83, 85, 86, 89, 90, 94, 95, 100, 101, 104, 105, 107, 108, 109, 111, 112, 115, 116, 119, 120, 131, 132, 133, 134, 137, 159, 160, 161, 169, 172, 173, 174, 179, 180, 183, 185, 190, 200, 202, 205, 206, 207, 209, 227, 228, 231, 238, 239], "excluded_lines": []}, "": {"executed_lines": [], "summary": {"covered_lines": 0, "num_statements": 9, "percent_covered": 0.0, "percent_covered_display": "0", "missing_lines": 9, "excluded_lines": 0}, "missing_lines": [6, 7, 9, 11, 14, 29, 58, 139, 217], "excluded_lines": []}}}, "app/workers/__init__.py": {"executed_lines": [], "summary": {"covered_lines": 0, "num_statements": 0, "percent_covered": 100.0, "percent_covered_display": "100", "missing_lines": 0, "excluded_lines": 0}, "missing_lines": [], "excluded_lines": [], "functions": {"": {"executed_lines": [], "summary": {"covered_lines": 0, "num_statements": 0, "percent_covered": 100.0, "percent_covered_display": "100", "missing_lines": 0, "excluded_lines": 0}, "missing_lines": [], "excluded_lines": []}}, "classes": {"": {"executed_lines": [], "summary": {"covered_lines": 0, "num_statements": 0, "percent_covered": 100.0, "percent_covered_display": "100", "missing_lines": 0, "excluded_lines": 0}, "missing_lines": [], "excluded_lines": []}}}}, "totals": {"covered_lines": 918, "num_statements": 3136, "percent_covered": 29.272959183673468, "percent_covered_display": "29", "missing_lines": 2218, "excluded_lines": 687}}