{"meta": {"format": 3, "version": "7.10.7", "timestamp": "2025-10-12T20:28:05.887239", "branch_coverage": false, "show_contexts": false}, "files": {"app/__init__.py": {"executed_lines": [0], "summary": {"covered_lines": 0, "num_statements": 0, "percent_covered": 100.0, "percent_covered_display": "100", "missing_lines": 0, "excluded_lines": 0}, "missing_lines": [], "excluded_lines": [], "functions": {"": {"executed_lines": [], "summary": {"covered_lines": 0, "num_statements": 0, "percent_covered": 100.0, "percent_covered_display": "100", "missing_lines": 0, "excluded_lines": 0}, "missing_lines": [], "excluded_lines": []}}, "classes": {"": {"executed_lines": [], "summary": {"covered_lines": 0, "num_statements": 0, "percent_covered": 100.0, "percent_covered_display": "100", "missing_lines": 0, "excluded_lines": 0}, "missing_lines": [], "excluded_lines": []}}}, "app/core/__init__.py": {"executed_lines": [0], "summary": {"covered_lines": 0, "num_statements": 0, "percent_covered": 100.0, "percent_covered_display": "100", "missing_lines": 0, "excluded_lines": 0}, "missing_lines": [], "excluded_lines": [], "functions": {"": {"executed_lines": [], "summary": {"covered_lines": 0, "num_statements": 0, "percent_covered": 100.0, "percent_covered_display": "100", "missing_lines": 0, "excluded_lines": 0}, "missing_lines": [], "excluded_lines": []}}, "classes": {"": {"executed_lines": [], "summary": {"covered_lines": 0, "num_statements": 0, "percent_covered": 100.0, "percent_covered_display": "100", "missing_lines": 0, "excluded_lines": 0}, "missing_lines": [], "excluded_lines": []}}}, "app/core/config.py": {"executed_lines": [1, 6, 7, 10, 11, 17, 25, 29, 35, 41, 47, 51, 55, 61, 65, 69, 75, 80, 85, 92, 96, 102, 106, 110, 116, 120, 126, 133, 137, 143, 149, 155, 159, 163, 167, 171, 177, 181, 187, 193, 201, 205, 209, 213, 220, 225, 230, 235, 242, 248, 254, 258, 262, 266, 273, 276], "summary": {"covered_lines": 54, "num_statements": 55, "percent_covered": 98.18181818181819, "percent_covered_display": "98", "missing_lines": 1, "excluded_lines": 0}, "missing_lines": [284], "excluded_lines": [], "functions": {"get_settings": {"executed_lines": [], "summary": {"covered_lines": 0, "num_statements": 1, "percent_covered": 0.0, "percent_covered_display": "0", "missing_lines": 1, "excluded_lines": 0}, "missing_lines": [284], "excluded_lines": []}, "": {"executed_lines": [1, 6, 7, 10, 11, 17, 25, 29, 35, 41, 47, 51, 55, 61, 65, 69, 75, 80, 85, 92, 96, 102, 106, 110, 116, 120, 126, 133, 137, 143, 149, 155, 159, 163, 167, 171, 177, 181, 187, 193, 201, 205, 209, 213, 220, 225, 230, 235, 242, 248, 254, 258, 262, 266, 273, 276], "summary": {"covered_lines": 54, "num_statements": 54, "percent_covered": 100.0, "percent_covered_display": "100", "missing_lines": 0, "excluded_lines": 0}, "missing_lines": [], "excluded_lines": []}}, "classes": {"Settings": {"executed_lines": [], "summary": {"covered_lines": 0, "num_statements": 0, "percent_covered": 100.0, "percent_covered_display": "100", "missing_lines": 0, "excluded_lines": 0}, "missing_lines": [], "excluded_lines": []}, "": {"executed_lines": [1, 6, 7, 10, 11, 17, 25, 29, 35, 41, 47, 51, 55, 61, 65, 69, 75, 80, 85, 92, 96, 102, 106, 110, 116, 120, 126, 133, 137, 143, 149, 155, 159, 163, 167, 171, 177, 181, 187, 193, 201, 205, 209, 213, 220, 225, 230, 235, 242, 248, 254, 258, 262, 266, 273, 276], "summary": {"covered_lines": 54, "num_statements": 55, "percent_covered": 98.18181818181819, "percent_covered_display": "98", "missing_lines": 1, "excluded_lines": 0}, "missing_lines": [284], "excluded_lines": []}}}, "app/core/exceptions.py": {"executed_lines": [1, 6, 9, 10, 20, 27, 28, 29, 32, 33, 44, 47, 48, 59, 62, 63, 74, 77, 78, 89, 92, 93, 104, 107, 108, 119, 122, 123, 134], "summary": {"covered_lines": 20, "num_statements": 20, "percent_covered": 100.0, "percent_covered_display": "100", "missing_lines": 0, "excluded_lines": 0}, "missing_lines": [], "excluded_lines": [], "functions": {"LibrarianException.__init__": {"executed_lines": [27, 28, 29], "summary": {"covered_lines": 3, "num_statements": 3, "percent_covered": 100.0, "percent_covered_display": "100", "missing_lines": 0, "excluded_lines": 0}, "missing_lines": [], "excluded_lines": []}, "": {"executed_lines": [1, 6, 9, 10, 20, 32, 33, 44, 47, 48, 59, 62, 63, 74, 77, 78, 89, 92, 93, 104, 107, 108, 119, 122, 123, 134], "summary": {"covered_lines": 17, "num_statements": 17, "percent_covered": 100.0, "percent_covered_display": "100", "missing_lines": 0, "excluded_lines": 0}, "missing_lines": [], "excluded_lines": []}}, "classes": {"LibrarianException": {"executed_lines": [27, 28, 29], "summary": {"covered_lines": 3, "num_statements": 3, "percent_covered": 100.0, "percent_covered_display": "100", "missing_lines": 0, "excluded_lines": 0}, "missing_lines": [], "excluded_lines": []}, "ExtractionError": {"executed_lines": [], "summary": {"covered_lines": 0, "num_statements": 0, "percent_covered": 100.0, "percent_covered_display": "100", "missing_lines": 0, "excluded_lines": 0}, "missing_lines": [], "excluded_lines": []}, "ScreeningError": {"executed_lines": [], "summary": {"covered_lines": 0, "num_statements": 0, "percent_covered": 100.0, "percent_covered_display": "100", "missing_lines": 0, "excluded_lines": 0}, "missing_lines": [], "excluded_lines": []}, "BudgetExceededError": {"executed_lines": [], "summary": {"covered_lines": 0, "num_statements": 0, "percent_covered": 100.0, "percent_covered_display": "100", "missing_lines": 0, "excluded_lines": 0}, "missing_lines": [], "excluded_lines": []}, "PluginError": {"executed_lines": [], "summary": {"covered_lines": 0, "num_statements": 0, "percent_covered": 100.0, "percent_covered_display": "100", "missing_lines": 0, "excluded_lines": 0}, "missing_lines": [], "excluded_lines": []}, "ValidationError": {"executed_lines": [], "summary": {"covered_lines": 0, "num_statements": 0, "percent_covered": 100.0, "percent_covered_display": "100", "missing_lines": 0, "excluded_lines": 0}, "missing_lines": [], "excluded_lines": []}, "StorageError": {"executed_lines": [], "summary": {"covered_lines": 0, "num_statements": 0, "percent_covered": 100.0, "percent_covered_display": "100", "missing_lines": 0, "excluded_lines": 0}, "missing_lines": [], "excluded_lines": []}, "ConfigurationError": {"executed_lines": [], "summary": {"covered_lines": 0, "num_statements": 0, "percent_covered": 100.0, "percent_covered_display": "100", "missing_lines": 0, "excluded_lines": 0}, "missing_lines": [], "excluded_lines": []}, "": {"executed_lines": [1, 6, 9, 10, 20, 32, 33, 44, 47, 48, 59, 62, 63, 74, 77, 78, 89, 92, 93, 104, 107, 108, 119, 122, 123, 134], "summary": {"covered_lines": 17, "num_statements": 17, "percent_covered": 100.0, "percent_covered_display": "100", "missing_lines": 0, "excluded_lines": 0}, "missing_lines": [], "excluded_lines": []}}}, "app/core/id_generator.py": {"executed_lines": [1, 14, 15, 18, 43, 46, 49, 50, 51, 54, 55, 56, 59, 60, 61, 63, 64, 67, 76, 79, 100, 101, 104, 125, 128, 154, 157, 159, 162, 186, 189, 191, 193, 196, 215, 217, 218, 219, 220, 223], "summary": {"covered_lines": 39, "num_statements": 39, "percent_covered": 100.0, "percent_covered_display": "100", "missing_lines": 0, "excluded_lines": 0}, "missing_lines": [], "excluded_lines": [], "functions": {"normalize_url": {"executed_lines": [43, 46, 49, 50, 51, 54, 55, 56, 59, 60, 61, 63, 64, 67, 76], "summary": {"covered_lines": 15, "num_statements": 15, "percent_covered": 100.0, "percent_covered_display": "100", "missing_lines": 0, "excluded_lines": 0}, "missing_lines": [], "excluded_lines": []}, "generate_doc_id": {"executed_lines": [100, 101], "summary": {"covered_lines": 2, "num_statements": 2, "percent_covered": 100.0, "percent_covered_display": "100", "missing_lines": 0, "excluded_lines": 0}, "missing_lines": [], "excluded_lines": []}, "generate_chunk_id": {"executed_lines": [125], "summary": {"covered_lines": 1, "num_statements": 1, "percent_covered": 100.0, "percent_covered_display": "100", "missing_lines": 0, "excluded_lines": 0}, "missing_lines": [], "excluded_lines": []}, "generate_mention_id": {"executed_lines": [154, 157, 159], "summary": {"covered_lines": 3, "num_statements": 3, "percent_covered": 100.0, "percent_covered_display": "100", "missing_lines": 0, "excluded_lines": 0}, "missing_lines": [], "excluded_lines": []}, "generate_entity_id": {"executed_lines": [186, 189, 191, 193], "summary": {"covered_lines": 4, "num_statements": 4, "percent_covered": 100.0, "percent_covered_display": "100", "missing_lines": 0, "excluded_lines": 0}, "missing_lines": [], "excluded_lines": []}, "generate_file_id": {"executed_lines": [215, 217, 218, 219, 220, 223], "summary": {"covered_lines": 6, "num_statements": 6, "percent_covered": 100.0, "percent_covered_display": "100", "missing_lines": 0, "excluded_lines": 0}, "missing_lines": [], "excluded_lines": []}, "": {"executed_lines": [1, 14, 15, 18, 79, 104, 128, 162, 196], "summary": {"covered_lines": 8, "num_statements": 8, "percent_covered": 100.0, "percent_covered_display": "100", "missing_lines": 0, "excluded_lines": 0}, "missing_lines": [], "excluded_lines": []}}, "classes": {"": {"executed_lines": [1, 14, 15, 18, 43, 46, 49, 50, 51, 54, 55, 56, 59, 60, 61, 63, 64, 67, 76, 79, 100, 101, 104, 125, 128, 154, 157, 159, 162, 186, 189, 191, 193, 196, 215, 217, 218, 219, 220, 223], "summary": {"covered_lines": 39, "num_statements": 39, "percent_covered": 100.0, "percent_covered_display": "100", "missing_lines": 0, "excluded_lines": 0}, "missing_lines": [], "excluded_lines": []}}}, "app/core/models.py": {"executed_lines": [1, 6, 7, 8, 10, 12, 15, 16, 28, 30, 37, 42, 48, 55, 56, 57, 59, 60, 61, 64, 65, 78, 83, 88, 94, 99, 104, 105, 106, 108, 109, 110, 113, 114, 130, 135, 140, 146, 152, 157, 162, 167, 172, 173, 174, 176, 177, 178, 181, 182, 198, 203, 208, 213, 218, 225, 231, 236, 242, 243, 256, 262, 268, 273, 278, 284, 285, 297, 303, 309, 314, 321, 327, 328, 343, 348, 354, 359, 366, 371, 376, 382, 383, 397, 403, 408, 413, 418, 423, 429, 430, 445, 451, 456, 461, 466, 471, 476, 481, 487, 488, 502, 507, 512, 517, 522, 527, 532, 539, 546, 552, 553, 564, 570, 575, 582, 588, 594, 605, 606, 623, 629, 634, 640, 645, 650, 655, 660, 665], "summary": {"covered_lines": 116, "num_statements": 116, "percent_covered": 100.0, "percent_covered_display": "100", "missing_lines": 0, "excluded_lines": 0}, "missing_lines": [], "excluded_lines": [], "functions": {"ScreeningResult.reasoning_not_empty": {"executed_lines": [59, 60, 61], "summary": {"covered_lines": 3, "num_statements": 3, "percent_covered": 100.0, "percent_covered_display": "100", "missing_lines": 0, "excluded_lines": 0}, "missing_lines": [], "excluded_lines": []}, "RawContent.raw_text_not_empty": {"executed_lines": [108, 109, 110], "summary": {"covered_lines": 3, "num_statements": 3, "percent_covered": 100.0, "percent_covered_display": "100", "missing_lines": 0, "excluded_lines": 0}, "missing_lines": [], "excluded_lines": []}, "ProcessedContent.text_not_empty": {"executed_lines": [176, 177, 178], "summary": {"covered_lines": 3, "num_statements": 3, "percent_covered": 100.0, "percent_covered_display": "100", "missing_lines": 0, "excluded_lines": 0}, "missing_lines": [], "excluded_lines": []}, "": {"executed_lines": [1, 6, 7, 8, 10, 12, 15, 16, 28, 30, 37, 42, 48, 55, 56, 57, 64, 65, 78, 83, 88, 94, 99, 104, 105, 106, 113, 114, 130, 135, 140, 146, 152, 157, 162, 167, 172, 173, 174, 181, 182, 198, 203, 208, 213, 218, 225, 231, 236, 242, 243, 256, 262, 268, 273, 278, 284, 285, 297, 303, 309, 314, 321, 327, 328, 343, 348, 354, 359, 366, 371, 376, 382, 383, 397, 403, 408, 413, 418, 423, 429, 430, 445, 451, 456, 461, 466, 471, 476, 481, 487, 488, 502, 507, 512, 517, 522, 527, 532, 539, 546, 552, 553, 564, 570, 575, 582, 588, 594, 605, 606, 623, 629, 634, 640, 645, 650, 655, 660, 665], "summary": {"covered_lines": 107, "num_statements": 107, "percent_covered": 100.0, "percent_covered_display": "100", "missing_lines": 0, "excluded_lines": 0}, "missing_lines": [], "excluded_lines": []}}, "classes": {"ScreeningResult": {"executed_lines": [59, 60, 61], "summary": {"covered_lines": 3, "num_statements": 3, "percent_covered": 100.0, "percent_covered_display": "100", "missing_lines": 0, "excluded_lines": 0}, "missing_lines": [], "excluded_lines": []}, "RawContent": {"executed_lines": [108, 109, 110], "summary": {"covered_lines": 3, "num_statements": 3, "percent_covered": 100.0, "percent_covered_display": "100", "missing_lines": 0, "excluded_lines": 0}, "missing_lines": [], "excluded_lines": []}, "ProcessedContent": {"executed_lines": [176, 177, 178], "summary": {"covered_lines": 3, "num_statements": 3, "percent_covered": 100.0, "percent_covered_display": "100", "missing_lines": 0, "excluded_lines": 0}, "missing_lines": [], "excluded_lines": []}, "LibraryFile": {"executed_lines": [], "summary": {"covered_lines": 0, "num_statements": 0, "percent_covered": 100.0, "percent_covered_display": "100", "missing_lines": 0, "excluded_lines": 0}, "missing_lines": [], "excluded_lines": []}, "KnowledgeGraphNode": {"executed_lines": [], "summary": {"covered_lines": 0, "num_statements": 0, "percent_covered": 100.0, "percent_covered_display": "100", "missing_lines": 0, "excluded_lines": 0}, "missing_lines": [], "excluded_lines": []}, "Relationship": {"executed_lines": [], "summary": {"covered_lines": 0, "num_statements": 0, "percent_covered": 100.0, "percent_covered_display": "100", "missing_lines": 0, "excluded_lines": 0}, "missing_lines": [], "excluded_lines": []}, "DigestItem": {"executed_lines": [], "summary": {"covered_lines": 0, "num_statements": 0, "percent_covered": 100.0, "percent_covered_display": "100", "missing_lines": 0, "excluded_lines": 0}, "missing_lines": [], "excluded_lines": []}, "MaintenanceTask": {"executed_lines": [], "summary": {"covered_lines": 0, "num_statements": 0, "percent_covered": 100.0, "percent_covered_display": "100", "missing_lines": 0, "excluded_lines": 0}, "missing_lines": [], "excluded_lines": []}, "ProcessingRecord": {"executed_lines": [], "summary": {"covered_lines": 0, "num_statements": 0, "percent_covered": 100.0, "percent_covered_display": "100", "missing_lines": 0, "excluded_lines": 0}, "missing_lines": [], "excluded_lines": []}, "SearchResult": {"executed_lines": [], "summary": {"covered_lines": 0, "num_statements": 0, "percent_covered": 100.0, "percent_covered_display": "100", "missing_lines": 0, "excluded_lines": 0}, "missing_lines": [], "excluded_lines": []}, "LibraryStats": {"executed_lines": [], "summary": {"covered_lines": 0, "num_statements": 0, "percent_covered": 100.0, "percent_covered_display": "100", "missing_lines": 0, "excluded_lines": 0}, "missing_lines": [], "excluded_lines": []}, "Digest": {"executed_lines": [], "summary": {"covered_lines": 0, "num_statements": 0, "percent_covered": 100.0, "percent_covered_display": "100", "missing_lines": 0, "excluded_lines": 0}, "missing_lines": [], "excluded_lines": []}, "": {"executed_lines": [1, 6, 7, 8, 10, 12, 15, 16, 28, 30, 37, 42, 48, 55, 56, 57, 64, 65, 78, 83, 88, 94, 99, 104, 105, 106, 113, 114, 130, 135, 140, 146, 152, 157, 162, 167, 172, 173, 174, 181, 182, 198, 203, 208, 213, 218, 225, 231, 236, 242, 243, 256, 262, 268, 273, 278, 284, 285, 297, 303, 309, 314, 321, 327, 328, 343, 348, 354, 359, 366, 371, 376, 382, 383, 397, 403, 408, 413, 418, 423, 429, 430, 445, 451, 456, 461, 466, 471, 476, 481, 487, 488, 502, 507, 512, 517, 522, 527, 532, 539, 546, 552, 553, 564, 570, 575, 582, 588, 594, 605, 606, 623, 629, 634, 640, 645, 650, 655, 660, 665], "summary": {"covered_lines": 107, "num_statements": 107, "percent_covered": 100.0, "percent_covered_display": "100", "missing_lines": 0, "excluded_lines": 0}, "missing_lines": [], "excluded_lines": []}}}, "app/core/telemetry.py": {"executed_lines": [1, 2, 3, 4, 6, 9, 11, 12, 13, 14, 17, 18, 26, 28, 30, 46, 53, 59, 60, 62, 68], "summary": {"covered_lines": 19, "num_statements": 22, "percent_covered": 86.36363636363636, "percent_covered_display": "86", "missing_lines": 3, "excluded_lines": 0}, "missing_lines": [37, 43, 44], "excluded_lines": [], "functions": {"log_event": {"executed_lines": [11, 12, 13, 14], "summary": {"covered_lines": 4, "num_statements": 4, "percent_covered": 100.0, "percent_covered_display": "100", "missing_lines": 0, "excluded_lines": 0}, "missing_lines": [], "excluded_lines": []}, "TelemetryService.__init__": {"executed_lines": [28], "summary": {"covered_lines": 1, "num_statements": 1, "percent_covered": 100.0, "percent_covered_display": "100", "missing_lines": 0, "excluded_lines": 0}, "missing_lines": [], "excluded_lines": []}, "TelemetryService.track_cache_hit": {"executed_lines": [], "summary": {"covered_lines": 0, "num_statements": 3, "percent_covered": 0.0, "percent_covered_display": "0", "missing_lines": 3, "excluded_lines": 0}, "missing_lines": [37, 43, 44], "excluded_lines": []}, "TelemetryService.track_cache_miss": {"executed_lines": [53, 59, 60], "summary": {"covered_lines": 3, "num_statements": 3, "percent_covered": 100.0, "percent_covered_display": "100", "missing_lines": 0, "excluded_lines": 0}, "missing_lines": [], "excluded_lines": []}, "TelemetryService.get_events": {"executed_lines": [68], "summary": {"covered_lines": 1, "num_statements": 1, "percent_covered": 100.0, "percent_covered_display": "100", "missing_lines": 0, "excluded_lines": 0}, "missing_lines": [], "excluded_lines": []}, "": {"executed_lines": [1, 2, 3, 4, 6, 9, 17, 18, 26, 30, 46, 62], "summary": {"covered_lines": 10, "num_statements": 10, "percent_covered": 100.0, "percent_covered_display": "100", "missing_lines": 0, "excluded_lines": 0}, "missing_lines": [], "excluded_lines": []}}, "classes": {"TelemetryService": {"executed_lines": [28, 53, 59, 60, 68], "summary": {"covered_lines": 5, "num_statements": 8, "percent_covered": 62.5, "percent_covered_display": "62", "missing_lines": 3, "excluded_lines": 0}, "missing_lines": [37, 43, 44], "excluded_lines": []}, "": {"executed_lines": [1, 2, 3, 4, 6, 9, 11, 12, 13, 14, 17, 18, 26, 30, 46, 62], "summary": {"covered_lines": 14, "num_statements": 14, "percent_covered": 100.0, "percent_covered_display": "100", "missing_lines": 0, "excluded_lines": 0}, "missing_lines": [], "excluded_lines": []}}}, "app/core/types.py": {"executed_lines": [1, 6, 9, 10, 22, 23, 24, 25], "summary": {"covered_lines": 6, "num_statements": 6, "percent_covered": 100.0, "percent_covered_display": "100", "missing_lines": 0, "excluded_lines": 0}, "missing_lines": [], "excluded_lines": [], "functions": {"": {"executed_lines": [1, 6, 9, 10, 22, 23, 24, 25], "summary": {"covered_lines": 6, "num_statements": 6, "percent_covered": 100.0, "percent_covered_display": "100", "missing_lines": 0, "excluded_lines": 0}, "missing_lines": [], "excluded_lines": []}}, "classes": {"ContentSource": {"executed_lines": [], "summary": {"covered_lines": 0, "num_statements": 0, "percent_covered": 100.0, "percent_covered_display": "100", "missing_lines": 0, "excluded_lines": 0}, "missing_lines": [], "excluded_lines": []}, "": {"executed_lines": [1, 6, 9, 10, 22, 23, 24, 25], "summary": {"covered_lines": 6, "num_statements": 6, "percent_covered": 100.0, "percent_covered_display": "100", "missing_lines": 0, "excluded_lines": 0}, "missing_lines": [], "excluded_lines": []}}}, "app/intelligence/__init__.py": {"executed_lines": [0], "summary": {"covered_lines": 0, "num_statements": 0, "percent_covered": 100.0, "percent_covered_display": "100", "missing_lines": 0, "excluded_lines": 0}, "missing_lines": [], "excluded_lines": [], "functions": {"": {"executed_lines": [], "summary": {"covered_lines": 0, "num_statements": 0, "percent_covered": 100.0, "percent_covered_display": "100", "missing_lines": 0, "excluded_lines": 0}, "missing_lines": [], "excluded_lines": []}}, "classes": {"": {"executed_lines": [], "summary": {"covered_lines": 0, "num_statements": 0, "percent_covered": 100.0, "percent_covered_display": "100", "missing_lines": 0, "excluded_lines": 0}, "missing_lines": [], "excluded_lines": []}}}, "app/intelligence/embeddings.py": {"executed_lines": [1, 8, 10, 11, 12, 13, 14, 15, 17, 20, 22, 23, 24, 26, 27, 30, 31, 39, 40, 42, 43, 44, 47, 50, 51, 55, 56, 57, 58, 60, 61, 63, 66, 68], "summary": {"covered_lines": 32, "num_statements": 32, "percent_covered": 100.0, "percent_covered_display": "100", "missing_lines": 0, "excluded_lines": 2}, "missing_lines": [], "excluded_lines": [51, 52], "functions": {"_normalise": {"executed_lines": [22, 23, 24, 26, 27], "summary": {"covered_lines": 5, "num_statements": 5, "percent_covered": 100.0, "percent_covered_display": "100", "missing_lines": 0, "excluded_lines": 0}, "missing_lines": [], "excluded_lines": []}, "_generate_embedding": {"executed_lines": [39, 40, 42, 43, 44, 47, 50, 51, 55, 56, 57, 58, 60, 61, 63], "summary": {"covered_lines": 14, "num_statements": 14, "percent_covered": 100.0, "percent_covered_display": "100", "missing_lines": 0, "excluded_lines": 2}, "missing_lines": [], "excluded_lines": [51, 52]}, "generate_embedding": {"executed_lines": [68], "summary": {"covered_lines": 1, "num_statements": 1, "percent_covered": 100.0, "percent_covered_display": "100", "missing_lines": 0, "excluded_lines": 0}, "missing_lines": [], "excluded_lines": []}, "": {"executed_lines": [1, 8, 10, 11, 12, 13, 14, 15, 17, 20, 30, 31, 66], "summary": {"covered_lines": 12, "num_statements": 12, "percent_covered": 100.0, "percent_covered_display": "100", "missing_lines": 0, "excluded_lines": 0}, "missing_lines": [], "excluded_lines": []}}, "classes": {"": {"executed_lines": [1, 8, 10, 11, 12, 13, 14, 15, 17, 20, 22, 23, 24, 26, 27, 30, 31, 39, 40, 42, 43, 44, 47, 50, 51, 55, 56, 57, 58, 60, 61, 63, 66, 68], "summary": {"covered_lines": 32, "num_statements": 32, "percent_covered": 100.0, "percent_covered_display": "100", "missing_lines": 0, "excluded_lines": 2}, "missing_lines": [], "excluded_lines": [51, 52]}}}, "app/intelligence/providers/__init__.py": {"executed_lines": [1, 14, 15, 16, 18], "summary": {"covered_lines": 4, "num_statements": 4, "percent_covered": 100.0, "percent_covered_display": "100", "missing_lines": 0, "excluded_lines": 0}, "missing_lines": [], "excluded_lines": [], "functions": {"": {"executed_lines": [1, 14, 15, 16, 18], "summary": {"covered_lines": 4, "num_statements": 4, "percent_covered": 100.0, "percent_covered_display": "100", "missing_lines": 0, "excluded_lines": 0}, "missing_lines": [], "excluded_lines": []}}, "classes": {"": {"executed_lines": [1, 14, 15, 16, 18], "summary": {"covered_lines": 4, "num_statements": 4, "percent_covered": 100.0, "percent_covered_display": "100", "missing_lines": 0, "excluded_lines": 0}, "missing_lines": [], "excluded_lines": []}}}, "app/intelligence/providers/abstract_embedding.py": {"executed_lines": [1, 8, 10, 13, 14, 21, 29, 30, 32, 33, 49, 50, 59, 60, 69, 71, 73, 75, 77, 87, 89, 90, 92], "summary": {"covered_lines": 21, "num_statements": 24, "percent_covered": 87.5, "percent_covered_display": "88", "missing_lines": 3, "excluded_lines": 0}, "missing_lines": [47, 57, 67], "excluded_lines": [], "functions": {"AbstractEmbeddingProvider.__init__": {"executed_lines": [29, 30], "summary": {"covered_lines": 2, "num_statements": 2, "percent_covered": 100.0, "percent_covered_display": "100", "missing_lines": 0, "excluded_lines": 0}, "missing_lines": [], "excluded_lines": []}, "AbstractEmbeddingProvider.embed": {"executed_lines": [], "summary": {"covered_lines": 0, "num_statements": 1, "percent_covered": 0.0, "percent_covered_display": "0", "missing_lines": 1, "excluded_lines": 0}, "missing_lines": [47], "excluded_lines": []}, "AbstractEmbeddingProvider.get_dimensions": {"executed_lines": [], "summary": {"covered_lines": 0, "num_statements": 1, "percent_covered": 0.0, "percent_covered_display": "0", "missing_lines": 1, "excluded_lines": 0}, "missing_lines": [57], "excluded_lines": []}, "AbstractEmbeddingProvider.supports_batch": {"executed_lines": [], "summary": {"covered_lines": 0, "num_statements": 1, "percent_covered": 0.0, "percent_covered_display": "0", "missing_lines": 1, "excluded_lines": 0}, "missing_lines": [67], "excluded_lines": []}, "AbstractEmbeddingProvider.get_model_name": {"executed_lines": [71], "summary": {"covered_lines": 1, "num_statements": 1, "percent_covered": 100.0, "percent_covered_display": "100", "missing_lines": 0, "excluded_lines": 0}, "missing_lines": [], "excluded_lines": []}, "AbstractEmbeddingProvider.get_config": {"executed_lines": [75], "summary": {"covered_lines": 1, "num_statements": 1, "percent_covered": 100.0, "percent_covered_display": "100", "missing_lines": 0, "excluded_lines": 0}, "missing_lines": [], "excluded_lines": []}, "AbstractEmbeddingProvider.validate_dimensions": {"executed_lines": [87, 89, 90, 92], "summary": {"covered_lines": 4, "num_statements": 4, "percent_covered": 100.0, "percent_covered_display": "100", "missing_lines": 0, "excluded_lines": 0}, "missing_lines": [], "excluded_lines": []}, "": {"executed_lines": [1, 8, 10, 13, 14, 21, 32, 33, 49, 50, 59, 60, 69, 73, 77], "summary": {"covered_lines": 13, "num_statements": 13, "percent_covered": 100.0, "percent_covered_display": "100", "missing_lines": 0, "excluded_lines": 0}, "missing_lines": [], "excluded_lines": []}}, "classes": {"AbstractEmbeddingProvider": {"executed_lines": [29, 30, 71, 75, 87, 89, 90, 92], "summary": {"covered_lines": 8, "num_statements": 11, "percent_covered": 72.72727272727273, "percent_covered_display": "73", "missing_lines": 3, "excluded_lines": 0}, "missing_lines": [47, 57, 67], "excluded_lines": []}, "": {"executed_lines": [1, 8, 10, 13, 14, 21, 32, 33, 49, 50, 59, 60, 69, 73, 77], "summary": {"covered_lines": 13, "num_statements": 13, "percent_covered": 100.0, "percent_covered_display": "100", "missing_lines": 0, "excluded_lines": 0}, "missing_lines": [], "excluded_lines": []}}}, "app/intelligence/providers/abstract_llm.py": {"executed_lines": [1, 8, 9, 12, 13, 20, 28, 29, 31, 32, 59, 60, 87, 88, 97, 98, 110, 112, 114, 116, 118, 129, 130, 131, 133], "summary": {"covered_lines": 23, "num_statements": 27, "percent_covered": 85.18518518518519, "percent_covered_display": "85", "missing_lines": 4, "excluded_lines": 0}, "missing_lines": [57, 85, 95, 108], "excluded_lines": [], "functions": {"AbstractLLMProvider.__init__": {"executed_lines": [28, 29], "summary": {"covered_lines": 2, "num_statements": 2, "percent_covered": 100.0, "percent_covered_display": "100", "missing_lines": 0, "excluded_lines": 0}, "missing_lines": [], "excluded_lines": []}, "AbstractLLMProvider.generate": {"executed_lines": [], "summary": {"covered_lines": 0, "num_statements": 1, "percent_covered": 0.0, "percent_covered_display": "0", "missing_lines": 1, "excluded_lines": 0}, "missing_lines": [57], "excluded_lines": []}, "AbstractLLMProvider.stream_generate": {"executed_lines": [], "summary": {"covered_lines": 0, "num_statements": 1, "percent_covered": 0.0, "percent_covered_display": "0", "missing_lines": 1, "excluded_lines": 0}, "missing_lines": [85], "excluded_lines": []}, "AbstractLLMProvider.get_context_window": {"executed_lines": [], "summary": {"covered_lines": 0, "num_statements": 1, "percent_covered": 0.0, "percent_covered_display": "0", "missing_lines": 1, "excluded_lines": 0}, "missing_lines": [95], "excluded_lines": []}, "AbstractLLMProvider.count_tokens": {"executed_lines": [], "summary": {"covered_lines": 0, "num_statements": 1, "percent_covered": 0.0, "percent_covered_display": "0", "missing_lines": 1, "excluded_lines": 0}, "missing_lines": [108], "excluded_lines": []}, "AbstractLLMProvider.get_model_name": {"executed_lines": [112], "summary": {"covered_lines": 1, "num_statements": 1, "percent_covered": 100.0, "percent_covered_display": "100", "missing_lines": 0, "excluded_lines": 0}, "missing_lines": [], "excluded_lines": []}, "AbstractLLMProvider.get_config": {"executed_lines": [116], "summary": {"covered_lines": 1, "num_statements": 1, "percent_covered": 100.0, "percent_covered_display": "100", "missing_lines": 0, "excluded_lines": 0}, "missing_lines": [], "excluded_lines": []}, "AbstractLLMProvider.validate_prompt_length": {"executed_lines": [129, 130, 131, 133], "summary": {"covered_lines": 4, "num_statements": 4, "percent_covered": 100.0, "percent_covered_display": "100", "missing_lines": 0, "excluded_lines": 0}, "missing_lines": [], "excluded_lines": []}, "": {"executed_lines": [1, 8, 9, 12, 13, 20, 31, 32, 59, 60, 87, 88, 97, 98, 110, 114, 118], "summary": {"covered_lines": 15, "num_statements": 15, "percent_covered": 100.0, "percent_covered_display": "100", "missing_lines": 0, "excluded_lines": 0}, "missing_lines": [], "excluded_lines": []}}, "classes": {"AbstractLLMProvider": {"executed_lines": [28, 29, 112, 116, 129, 130, 131, 133], "summary": {"covered_lines": 8, "num_statements": 12, "percent_covered": 66.66666666666667, "percent_covered_display": "67", "missing_lines": 4, "excluded_lines": 0}, "missing_lines": [57, 85, 95, 108], "excluded_lines": []}, "": {"executed_lines": [1, 8, 9, 12, 13, 20, 31, 32, 59, 60, 87, 88, 97, 98, 110, 114, 118], "summary": {"covered_lines": 15, "num_statements": 15, "percent_covered": 100.0, "percent_covered_display": "100", "missing_lines": 0, "excluded_lines": 0}, "missing_lines": [], "excluded_lines": []}}}, "app/intelligence/providers/anthropic_llm_provider.py": {"executed_lines": [1, 8, 9, 10, 12, 14, 17, 18, 29, 46, 48, 49, 56, 57, 58, 60, 61, 62, 64, 69, 89, 90, 92, 93, 100, 101, 103, 105, 111, 131, 132, 134, 135, 142, 145, 146, 152, 154, 156, 163], "summary": {"covered_lines": 38, "num_statements": 47, "percent_covered": 80.85106382978724, "percent_covered_display": "81", "missing_lines": 9, "excluded_lines": 0}, "missing_lines": [50, 51, 107, 108, 109, 143, 148, 149, 150], "excluded_lines": [], "functions": {"AnthropicLLMProvider.__init__": {"executed_lines": [46, 48, 49, 56, 57, 58, 60, 61, 62, 64], "summary": {"covered_lines": 10, "num_statements": 12, "percent_covered": 83.33333333333333, "percent_covered_display": "83", "missing_lines": 2, "excluded_lines": 0}, "missing_lines": [50, 51], "excluded_lines": []}, "AnthropicLLMProvider.generate": {"executed_lines": [89, 90, 92, 93, 100, 101, 103, 105], "summary": {"covered_lines": 8, "num_statements": 11, "percent_covered": 72.72727272727273, "percent_covered_display": "73", "missing_lines": 3, "excluded_lines": 0}, "missing_lines": [107, 108, 109], "excluded_lines": []}, "AnthropicLLMProvider.stream_generate": {"executed_lines": [131, 132, 134, 135, 142, 145, 146], "summary": {"covered_lines": 7, "num_statements": 11, "percent_covered": 63.63636363636363, "percent_covered_display": "64", "missing_lines": 4, "excluded_lines": 0}, "missing_lines": [143, 148, 149, 150], "excluded_lines": []}, "AnthropicLLMProvider.get_context_window": {"executed_lines": [154], "summary": {"covered_lines": 1, "num_statements": 1, "percent_covered": 100.0, "percent_covered_display": "100", "missing_lines": 0, "excluded_lines": 0}, "missing_lines": [], "excluded_lines": []}, "AnthropicLLMProvider.count_tokens": {"executed_lines": [163], "summary": {"covered_lines": 1, "num_statements": 1, "percent_covered": 100.0, "percent_covered_display": "100", "missing_lines": 0, "excluded_lines": 0}, "missing_lines": [], "excluded_lines": []}, "": {"executed_lines": [1, 8, 9, 10, 12, 14, 17, 18, 29, 69, 111, 152, 156], "summary": {"covered_lines": 11, "num_statements": 11, "percent_covered": 100.0, "percent_covered_display": "100", "missing_lines": 0, "excluded_lines": 0}, "missing_lines": [], "excluded_lines": []}}, "classes": {"AnthropicLLMProvider": {"executed_lines": [46, 48, 49, 56, 57, 58, 60, 61, 62, 64, 89, 90, 92, 93, 100, 101, 103, 105, 131, 132, 134, 135, 142, 145, 146, 154, 163], "summary": {"covered_lines": 27, "num_statements": 36, "percent_covered": 75.0, "percent_covered_display": "75", "missing_lines": 9, "excluded_lines": 0}, "missing_lines": [50, 51, 107, 108, 109, 143, 148, 149, 150], "excluded_lines": []}, "": {"executed_lines": [1, 8, 9, 10, 12, 14, 17, 18, 29, 69, 111, 152, 156], "summary": {"covered_lines": 11, "num_statements": 11, "percent_covered": 100.0, "percent_covered_display": "100", "missing_lines": 0, "excluded_lines": 0}, "missing_lines": [], "excluded_lines": []}}}, "app/intelligence/providers/factory.py": {"executed_lines": [1, 8, 9, 10, 12, 14, 15, 17, 20, 21, 27, 35, 38, 39, 40, 41, 43, 54, 55, 57, 58, 60, 61, 63, 80, 81, 83, 84, 87, 88, 91, 92, 94, 95, 98, 99, 100, 101, 102, 103, 105, 106, 107, 108, 111, 128, 129, 131, 135, 136, 139, 140, 142, 143, 146, 147, 148, 149, 150, 151, 153, 154, 155, 156, 159, 169, 170, 173, 174, 177, 178, 181, 182, 183, 187, 213, 215, 217, 219], "summary": {"covered_lines": 77, "num_statements": 96, "percent_covered": 80.20833333333333, "percent_covered_display": "80", "missing_lines": 19, "excluded_lines": 0}, "missing_lines": [36, 109, 132, 157, 179, 180, 185, 197, 198, 201, 202, 203, 204, 205, 206, 207, 208, 209, 211], "excluded_lines": [], "functions": {"ProviderFactory.__init__": {"executed_lines": [35, 38, 39, 40, 41], "summary": {"covered_lines": 5, "num_statements": 6, "percent_covered": 83.33333333333333, "percent_covered_display": "83", "missing_lines": 1, "excluded_lines": 0}, "missing_lines": [36], "excluded_lines": []}, "ProviderFactory._load_config": {"executed_lines": [54, 55, 57, 58, 60, 61], "summary": {"covered_lines": 6, "num_statements": 6, "percent_covered": 100.0, "percent_covered_display": "100", "missing_lines": 0, "excluded_lines": 0}, "missing_lines": [], "excluded_lines": []}, "ProviderFactory.create_embedding_provider": {"executed_lines": [80, 81, 83, 84, 87, 88, 91, 92, 94, 95, 98, 99, 100, 101, 102, 103, 105, 106, 107, 108], "summary": {"covered_lines": 20, "num_statements": 21, "percent_covered": 95.23809523809524, "percent_covered_display": "95", "missing_lines": 1, "excluded_lines": 0}, "missing_lines": [109], "excluded_lines": []}, "ProviderFactory.create_llm_provider": {"executed_lines": [128, 129, 131, 135, 136, 139, 140, 142, 143, 146, 147, 148, 149, 150, 151, 153, 154, 155, 156], "summary": {"covered_lines": 19, "num_statements": 21, "percent_covered": 90.47619047619048, "percent_covered_display": "90", "missing_lines": 2, "excluded_lines": 0}, "missing_lines": [132, 157], "excluded_lines": []}, "ProviderFactory._instantiate_embedding_provider": {"executed_lines": [169, 170, 173, 174, 177, 178, 181, 182, 183], "summary": {"covered_lines": 9, "num_statements": 12, "percent_covered": 75.0, "percent_covered_display": "75", "missing_lines": 3, "excluded_lines": 0}, "missing_lines": [179, 180, 185], "excluded_lines": []}, "ProviderFactory._instantiate_llm_provider": {"executed_lines": [], "summary": {"covered_lines": 0, "num_statements": 12, "percent_covered": 0.0, "percent_covered_display": "0", "missing_lines": 12, "excluded_lines": 0}, "missing_lines": [197, 198, 201, 202, 203, 204, 205, 206, 207, 208, 209, 211], "excluded_lines": []}, "ProviderFactory.list_embedding_providers": {"executed_lines": [215], "summary": {"covered_lines": 1, "num_statements": 1, "percent_covered": 100.0, "percent_covered_display": "100", "missing_lines": 0, "excluded_lines": 0}, "missing_lines": [], "excluded_lines": []}, "ProviderFactory.list_llm_providers": {"executed_lines": [219], "summary": {"covered_lines": 1, "num_statements": 1, "percent_covered": 100.0, "percent_covered_display": "100", "missing_lines": 0, "excluded_lines": 0}, "missing_lines": [], "excluded_lines": []}, "": {"executed_lines": [1, 8, 9, 10, 12, 14, 15, 17, 20, 21, 27, 43, 63, 111, 159, 187, 213, 217], "summary": {"covered_lines": 16, "num_statements": 16, "percent_covered": 100.0, "percent_covered_display": "100", "missing_lines": 0, "excluded_lines": 0}, "missing_lines": [], "excluded_lines": []}}, "classes": {"ProviderFactory": {"executed_lines": [35, 38, 39, 40, 41, 54, 55, 57, 58, 60, 61, 80, 81, 83, 84, 87, 88, 91, 92, 94, 95, 98, 99, 100, 101, 102, 103, 105, 106, 107, 108, 128, 129, 131, 135, 136, 139, 140, 142, 143, 146, 147, 148, 149, 150, 151, 153, 154, 155, 156, 169, 170, 173, 174, 177, 178, 181, 182, 183, 215, 219], "summary": {"covered_lines": 61, "num_statements": 80, "percent_covered": 76.25, "percent_covered_display": "76", "missing_lines": 19, "excluded_lines": 0}, "missing_lines": [36, 109, 132, 157, 179, 180, 185, 197, 198, 201, 202, 203, 204, 205, 206, 207, 208, 209, 211], "excluded_lines": []}, "": {"executed_lines": [1, 8, 9, 10, 12, 14, 15, 17, 20, 21, 27, 43, 63, 111, 159, 187, 213, 217], "summary": {"covered_lines": 16, "num_statements": 16, "percent_covered": 100.0, "percent_covered_display": "100", "missing_lines": 0, "excluded_lines": 0}, "missing_lines": [], "excluded_lines": []}}}, "app/intelligence/providers/ollama_llm_provider.py": {"executed_lines": [1, 8, 9, 10, 11, 13, 15, 17, 20, 21, 31, 50, 52, 53, 55, 56, 57, 58, 59, 61, 66, 86, 89, 98, 99, 101, 102, 104, 105, 109, 111, 112, 114, 115, 116, 118, 138, 141, 150, 151, 153, 156, 157, 162, 164, 165, 166, 167, 168, 169, 172, 173, 182, 184, 186, 192, 194, 196, 197, 199, 201, 203, 205], "summary": {"covered_lines": 61, "num_statements": 67, "percent_covered": 91.04477611940298, "percent_covered_display": "91", "missing_lines": 6, "excluded_lines": 0}, "missing_lines": [154, 175, 176, 178, 179, 180], "excluded_lines": [], "functions": {"OllamaLLMProvider.__init__": {"executed_lines": [50, 52, 53, 55, 56, 57, 58, 59, 61], "summary": {"covered_lines": 9, "num_statements": 9, "percent_covered": 100.0, "percent_covered_display": "100", "missing_lines": 0, "excluded_lines": 0}, "missing_lines": [], "excluded_lines": []}, "OllamaLLMProvider.generate": {"executed_lines": [86, 89, 98, 99, 101, 102, 104, 105, 109, 111, 112, 114, 115, 116], "summary": {"covered_lines": 14, "num_statements": 14, "percent_covered": 100.0, "percent_covered_display": "100", "missing_lines": 0, "excluded_lines": 0}, "missing_lines": [], "excluded_lines": []}, "OllamaLLMProvider.stream_generate": {"executed_lines": [138, 141, 150, 151, 153, 156, 157, 162, 164, 165, 166, 167, 168, 169, 172, 173], "summary": {"covered_lines": 16, "num_statements": 22, "percent_covered": 72.72727272727273, "percent_covered_display": "73", "missing_lines": 6, "excluded_lines": 0}, "missing_lines": [154, 175, 176, 178, 179, 180], "excluded_lines": []}, "OllamaLLMProvider.get_context_window": {"executed_lines": [184], "summary": {"covered_lines": 1, "num_statements": 1, "percent_covered": 100.0, "percent_covered_display": "100", "missing_lines": 0, "excluded_lines": 0}, "missing_lines": [], "excluded_lines": []}, "OllamaLLMProvider.count_tokens": {"executed_lines": [192], "summary": {"covered_lines": 1, "num_statements": 1, "percent_covered": 100.0, "percent_covered_display": "100", "missing_lines": 0, "excluded_lines": 0}, "missing_lines": [], "excluded_lines": []}, "OllamaLLMProvider.close": {"executed_lines": [196, 197], "summary": {"covered_lines": 2, "num_statements": 2, "percent_covered": 100.0, "percent_covered_display": "100", "missing_lines": 0, "excluded_lines": 0}, "missing_lines": [], "excluded_lines": []}, "OllamaLLMProvider.__enter__": {"executed_lines": [201], "summary": {"covered_lines": 1, "num_statements": 1, "percent_covered": 100.0, "percent_covered_display": "100", "missing_lines": 0, "excluded_lines": 0}, "missing_lines": [], "excluded_lines": []}, "OllamaLLMProvider.__exit__": {"executed_lines": [205], "summary": {"covered_lines": 1, "num_statements": 1, "percent_covered": 100.0, "percent_covered_display": "100", "missing_lines": 0, "excluded_lines": 0}, "missing_lines": [], "excluded_lines": []}, "": {"executed_lines": [1, 8, 9, 10, 11, 13, 15, 17, 20, 21, 31, 66, 118, 182, 186, 194, 199, 203], "summary": {"covered_lines": 16, "num_statements": 16, "percent_covered": 100.0, "percent_covered_display": "100", "missing_lines": 0, "excluded_lines": 0}, "missing_lines": [], "excluded_lines": []}}, "classes": {"OllamaLLMProvider": {"executed_lines": [50, 52, 53, 55, 56, 57, 58, 59, 61, 86, 89, 98, 99, 101, 102, 104, 105, 109, 111, 112, 114, 115, 116, 138, 141, 150, 151, 153, 156, 157, 162, 164, 165, 166, 167, 168, 169, 172, 173, 184, 192, 196, 197, 201, 205], "summary": {"covered_lines": 45, "num_statements": 51, "percent_covered": 88.23529411764706, "percent_covered_display": "88", "missing_lines": 6, "excluded_lines": 0}, "missing_lines": [154, 175, 176, 178, 179, 180], "excluded_lines": []}, "": {"executed_lines": [1, 8, 9, 10, 11, 13, 15, 17, 20, 21, 31, 66, 118, 182, 186, 194, 199, 203], "summary": {"covered_lines": 16, "num_statements": 16, "percent_covered": 100.0, "percent_covered_display": "100", "missing_lines": 0, "excluded_lines": 0}, "missing_lines": [], "excluded_lines": []}}}, "app/intelligence/providers/openai_embedding_provider.py": {"executed_lines": [1, 8, 9, 11, 13, 15, 18, 19, 27, 35, 38, 41, 42, 44, 45, 48, 49, 51, 53, 63, 64, 65, 67, 68, 74, 75, 81, 82, 83, 85, 86, 88, 89, 96, 101, 110, 112, 114, 116], "summary": {"covered_lines": 37, "num_statements": 44, "percent_covered": 84.0909090909091, "percent_covered_display": "84", "missing_lines": 7, "excluded_lines": 0}, "missing_lines": [77, 78, 79, 103, 104, 105, 108], "excluded_lines": [], "functions": {"OpenAIEmbeddingProvider.__init__": {"executed_lines": [35, 38, 41, 42, 44, 45, 48, 49, 51], "summary": {"covered_lines": 9, "num_statements": 9, "percent_covered": 100.0, "percent_covered_display": "100", "missing_lines": 0, "excluded_lines": 0}, "missing_lines": [], "excluded_lines": []}, "OpenAIEmbeddingProvider.embed": {"executed_lines": [63, 64, 65, 67, 68, 74, 75, 81, 82, 83, 85, 86, 88, 89, 96, 101], "summary": {"covered_lines": 16, "num_statements": 23, "percent_covered": 69.56521739130434, "percent_covered_display": "70", "missing_lines": 7, "excluded_lines": 0}, "missing_lines": [77, 78, 79, 103, 104, 105, 108], "excluded_lines": []}, "OpenAIEmbeddingProvider.get_dimensions": {"executed_lines": [112], "summary": {"covered_lines": 1, "num_statements": 1, "percent_covered": 100.0, "percent_covered_display": "100", "missing_lines": 0, "excluded_lines": 0}, "missing_lines": [], "excluded_lines": []}, "OpenAIEmbeddingProvider.supports_batch": {"executed_lines": [116], "summary": {"covered_lines": 1, "num_statements": 1, "percent_covered": 100.0, "percent_covered_display": "100", "missing_lines": 0, "excluded_lines": 0}, "missing_lines": [], "excluded_lines": []}, "": {"executed_lines": [1, 8, 9, 11, 13, 15, 18, 19, 27, 53, 110, 114], "summary": {"covered_lines": 10, "num_statements": 10, "percent_covered": 100.0, "percent_covered_display": "100", "missing_lines": 0, "excluded_lines": 0}, "missing_lines": [], "excluded_lines": []}}, "classes": {"OpenAIEmbeddingProvider": {"executed_lines": [35, 38, 41, 42, 44, 45, 48, 49, 51, 63, 64, 65, 67, 68, 74, 75, 81, 82, 83, 85, 86, 88, 89, 96, 101, 112, 116], "summary": {"covered_lines": 27, "num_statements": 34, "percent_covered": 79.41176470588235, "percent_covered_display": "79", "missing_lines": 7, "excluded_lines": 0}, "missing_lines": [77, 78, 79, 103, 104, 105, 108], "excluded_lines": []}, "": {"executed_lines": [1, 8, 9, 11, 13, 15, 18, 19, 27, 53, 110, 114], "summary": {"covered_lines": 10, "num_statements": 10, "percent_covered": 100.0, "percent_covered_display": "100", "missing_lines": 0, "excluded_lines": 0}, "missing_lines": [], "excluded_lines": []}}}, "app/intelligence/providers/openai_llm_provider.py": {"executed_lines": [1, 8, 9, 10, 12, 14, 17, 18, 29, 46, 48, 49, 56, 57, 58, 60, 64, 65, 67, 72, 92, 95, 96, 97, 98, 100, 101, 109, 115, 135, 138, 139, 141, 143, 144, 152, 153, 154, 160, 162, 164, 170, 171, 174, 175, 179], "summary": {"covered_lines": 44, "num_statements": 56, "percent_covered": 78.57142857142857, "percent_covered_display": "79", "missing_lines": 12, "excluded_lines": 0}, "missing_lines": [50, 51, 111, 112, 113, 140, 156, 157, 158, 177, 181, 183], "excluded_lines": [], "functions": {"OpenAILLMProvider.__init__": {"executed_lines": [46, 48, 49, 56, 57, 58, 60, 64, 65, 67], "summary": {"covered_lines": 10, "num_statements": 12, "percent_covered": 83.33333333333333, "percent_covered_display": "83", "missing_lines": 2, "excluded_lines": 0}, "missing_lines": [50, 51], "excluded_lines": []}, "OpenAILLMProvider.generate": {"executed_lines": [92, 95, 96, 97, 98, 100, 101, 109], "summary": {"covered_lines": 8, "num_statements": 11, "percent_covered": 72.72727272727273, "percent_covered_display": "73", "missing_lines": 3, "excluded_lines": 0}, "missing_lines": [111, 112, 113], "excluded_lines": []}, "OpenAILLMProvider.stream_generate": {"executed_lines": [135, 138, 139, 141, 143, 144, 152, 153, 154], "summary": {"covered_lines": 9, "num_statements": 13, "percent_covered": 69.23076923076923, "percent_covered_display": "69", "missing_lines": 4, "excluded_lines": 0}, "missing_lines": [140, 156, 157, 158], "excluded_lines": []}, "OpenAILLMProvider.get_context_window": {"executed_lines": [162], "summary": {"covered_lines": 1, "num_statements": 1, "percent_covered": 100.0, "percent_covered_display": "100", "missing_lines": 0, "excluded_lines": 0}, "missing_lines": [], "excluded_lines": []}, "OpenAILLMProvider.count_tokens": {"executed_lines": [170, 171, 174, 175, 179], "summary": {"covered_lines": 5, "num_statements": 8, "percent_covered": 62.5, "percent_covered_display": "62", "missing_lines": 3, "excluded_lines": 0}, "missing_lines": [177, 181, 183], "excluded_lines": []}, "": {"executed_lines": [1, 8, 9, 10, 12, 14, 17, 18, 29, 72, 115, 160, 164], "summary": {"covered_lines": 11, "num_statements": 11, "percent_covered": 100.0, "percent_covered_display": "100", "missing_lines": 0, "excluded_lines": 0}, "missing_lines": [], "excluded_lines": []}}, "classes": {"OpenAILLMProvider": {"executed_lines": [46, 48, 49, 56, 57, 58, 60, 64, 65, 67, 92, 95, 96, 97, 98, 100, 101, 109, 135, 138, 139, 141, 143, 144, 152, 153, 154, 162, 170, 171, 174, 175, 179], "summary": {"covered_lines": 33, "num_statements": 45, "percent_covered": 73.33333333333333, "percent_covered_display": "73", "missing_lines": 12, "excluded_lines": 0}, "missing_lines": [50, 51, 111, 112, 113, 140, 156, 157, 158, 177, 181, 183], "excluded_lines": []}, "": {"executed_lines": [1, 8, 9, 10, 12, 14, 17, 18, 29, 72, 115, 160, 164], "summary": {"covered_lines": 11, "num_statements": 11, "percent_covered": 100.0, "percent_covered_display": "100", "missing_lines": 0, "excluded_lines": 0}, "missing_lines": [], "excluded_lines": []}}}, "app/intelligence/providers/sentence_transformers_provider.py": {"executed_lines": [1, 8, 10, 12, 14, 17, 18, 26, 34, 37, 39, 40, 41, 42, 44, 46, 56, 57, 58, 60, 65, 67, 68, 69, 71, 72, 75, 84, 89, 91, 93, 95], "summary": {"covered_lines": 30, "num_statements": 31, "percent_covered": 96.7741935483871, "percent_covered_display": "97", "missing_lines": 1, "excluded_lines": 0}, "missing_lines": [87], "excluded_lines": [], "functions": {"SentenceTransformerProvider.__init__": {"executed_lines": [34, 37, 39, 40, 41, 42, 44], "summary": {"covered_lines": 7, "num_statements": 7, "percent_covered": 100.0, "percent_covered_display": "100", "missing_lines": 0, "excluded_lines": 0}, "missing_lines": [], "excluded_lines": []}, "SentenceTransformerProvider.embed": {"executed_lines": [56, 57, 58, 60, 65, 67, 68, 69, 71, 72, 75, 84], "summary": {"covered_lines": 12, "num_statements": 13, "percent_covered": 92.3076923076923, "percent_covered_display": "92", "missing_lines": 1, "excluded_lines": 0}, "missing_lines": [87], "excluded_lines": []}, "SentenceTransformerProvider.get_dimensions": {"executed_lines": [91], "summary": {"covered_lines": 1, "num_statements": 1, "percent_covered": 100.0, "percent_covered_display": "100", "missing_lines": 0, "excluded_lines": 0}, "missing_lines": [], "excluded_lines": []}, "SentenceTransformerProvider.supports_batch": {"executed_lines": [95], "summary": {"covered_lines": 1, "num_statements": 1, "percent_covered": 100.0, "percent_covered_display": "100", "missing_lines": 0, "excluded_lines": 0}, "missing_lines": [], "excluded_lines": []}, "": {"executed_lines": [1, 8, 10, 12, 14, 17, 18, 26, 46, 89, 93], "summary": {"covered_lines": 9, "num_statements": 9, "percent_covered": 100.0, "percent_covered_display": "100", "missing_lines": 0, "excluded_lines": 0}, "missing_lines": [], "excluded_lines": []}}, "classes": {"SentenceTransformerProvider": {"executed_lines": [34, 37, 39, 40, 41, 42, 44, 56, 57, 58, 60, 65, 67, 68, 69, 71, 72, 75, 84, 91, 95], "summary": {"covered_lines": 21, "num_statements": 22, "percent_covered": 95.45454545454545, "percent_covered_display": "95", "missing_lines": 1, "excluded_lines": 0}, "missing_lines": [87], "excluded_lines": []}, "": {"executed_lines": [1, 8, 10, 12, 14, 17, 18, 26, 46, 89, 93], "summary": {"covered_lines": 9, "num_statements": 9, "percent_covered": 100.0, "percent_covered_display": "100", "missing_lines": 0, "excluded_lines": 0}, "missing_lines": [], "excluded_lines": []}}}, "app/pipeline/__init__.py": {"executed_lines": [1, 3, 5], "summary": {"covered_lines": 2, "num_statements": 2, "percent_covered": 100.0, "percent_covered_display": "100", "missing_lines": 0, "excluded_lines": 0}, "missing_lines": [], "excluded_lines": [], "functions": {"": {"executed_lines": [1, 3, 5], "summary": {"covered_lines": 2, "num_statements": 2, "percent_covered": 100.0, "percent_covered_display": "100", "missing_lines": 0, "excluded_lines": 0}, "missing_lines": [], "excluded_lines": []}}, "classes": {"": {"executed_lines": [1, 3, 5], "summary": {"covered_lines": 2, "num_statements": 2, "percent_covered": 100.0, "percent_covered_display": "100", "missing_lines": 0, "excluded_lines": 0}, "missing_lines": [], "excluded_lines": []}}}, "app/pipeline/cli.py": {"executed_lines": [1, 2, 4, 5, 6, 7, 8, 9, 10, 11, 13, 14, 15, 16, 17, 20, 23, 24, 27, 37, 40, 41, 42, 46, 47, 48, 49, 52, 53, 54, 57, 58, 59, 60, 61, 63, 71, 72, 73, 74, 77, 80, 81, 86, 88, 95, 96, 98, 101, 109, 110, 111, 112, 114, 115, 118, 119, 120, 121, 122, 123, 124, 125, 127, 128, 129, 132, 133, 134, 135, 136, 137, 138, 143, 144, 149, 152, 153, 156, 157, 173, 175, 176, 177, 178, 180, 182, 185, 186, 187, 189, 190, 192, 193, 196, 197, 198, 200, 201, 204, 205, 206, 208, 209, 218, 219, 220, 222, 231, 232, 233, 234, 235, 236], "summary": {"covered_lines": 110, "num_statements": 112, "percent_covered": 98.21428571428571, "percent_covered_display": "98", "missing_lines": 2, "excluded_lines": 3}, "missing_lines": [30, 51], "excluded_lines": [123, 124, 125], "functions": {"run_pipeline": {"executed_lines": [23, 24], "summary": {"covered_lines": 2, "num_statements": 2, "percent_covered": 100.0, "percent_covered_display": "100", "missing_lines": 0, "excluded_lines": 0}, "missing_lines": [], "excluded_lines": []}, "build_default_pipeline": {"executed_lines": [], "summary": {"covered_lines": 0, "num_statements": 1, "percent_covered": 0.0, "percent_covered_display": "0", "missing_lines": 1, "excluded_lines": 0}, "missing_lines": [30], "excluded_lines": []}, "build_pipeline_for_url": {"executed_lines": [40, 46, 47, 48, 49, 52, 53, 54], "summary": {"covered_lines": 8, "num_statements": 9, "percent_covered": 88.88888888888889, "percent_covered_display": "89", "missing_lines": 1, "excluded_lines": 0}, "missing_lines": [51], "excluded_lines": []}, "build_pipeline_for_url._looks_like_youtube": {"executed_lines": [41, 42], "summary": {"covered_lines": 2, "num_statements": 2, "percent_covered": 100.0, "percent_covered_display": "100", "missing_lines": 0, "excluded_lines": 0}, "missing_lines": [], "excluded_lines": []}, "_build_loader": {"executed_lines": [58, 59, 60, 61, 63], "summary": {"covered_lines": 5, "num_statements": 5, "percent_covered": 100.0, "percent_covered_display": "100", "missing_lines": 0, "excluded_lines": 0}, "missing_lines": [], "excluded_lines": []}, "_looks_like_pdf": {"executed_lines": [72, 73, 74], "summary": {"covered_lines": 3, "num_statements": 3, "percent_covered": 100.0, "percent_covered_display": "100", "missing_lines": 0, "excluded_lines": 0}, "missing_lines": [], "excluded_lines": []}, "format_result": {"executed_lines": [80, 81, 86, 88, 95, 96, 98], "summary": {"covered_lines": 7, "num_statements": 7, "percent_covered": 100.0, "percent_covered_display": "100", "missing_lines": 0, "excluded_lines": 0}, "missing_lines": [], "excluded_lines": []}, "main": {"executed_lines": [109, 110, 111, 112, 114, 115, 118, 119, 120, 121, 122, 123, 124, 125, 127, 128, 129, 132, 133, 134, 135, 136, 137, 138, 143, 144, 149, 152, 153, 156, 157, 173, 175, 176, 177, 178, 180, 182], "summary": {"covered_lines": 35, "num_statements": 35, "percent_covered": 100.0, "percent_covered_display": "100", "missing_lines": 0, "excluded_lines": 3}, "missing_lines": [], "excluded_lines": [123, 124, 125]}, "_InMemoryProcessingRepository.__init__": {"executed_lines": [187], "summary": {"covered_lines": 1, "num_statements": 1, "percent_covered": 100.0, "percent_covered_display": "100", "missing_lines": 0, "excluded_lines": 0}, "missing_lines": [], "excluded_lines": []}, "_InMemoryProcessingRepository.create_processing_record": {"executed_lines": [190], "summary": {"covered_lines": 1, "num_statements": 1, "percent_covered": 100.0, "percent_covered_display": "100", "missing_lines": 0, "excluded_lines": 0}, "missing_lines": [], "excluded_lines": []}, "_InMemoryProcessingRepository.update_processing_record_status": {"executed_lines": [193], "summary": {"covered_lines": 1, "num_statements": 1, "percent_covered": 100.0, "percent_covered_display": "100", "missing_lines": 0, "excluded_lines": 0}, "missing_lines": [], "excluded_lines": []}, "_InMemoryCache.__init__": {"executed_lines": [198], "summary": {"covered_lines": 1, "num_statements": 1, "percent_covered": 100.0, "percent_covered_display": "100", "missing_lines": 0, "excluded_lines": 0}, "missing_lines": [], "excluded_lines": []}, "_InMemoryCache.set_json": {"executed_lines": [201], "summary": {"covered_lines": 1, "num_statements": 1, "percent_covered": 100.0, "percent_covered_display": "100", "missing_lines": 0, "excluded_lines": 0}, "missing_lines": [], "excluded_lines": []}, "_LocalVectorStore.__init__": {"executed_lines": [206], "summary": {"covered_lines": 1, "num_statements": 1, "percent_covered": 100.0, "percent_covered_display": "100", "missing_lines": 0, "excluded_lines": 0}, "missing_lines": [], "excluded_lines": []}, "_LocalVectorStore.add": {"executed_lines": [209], "summary": {"covered_lines": 1, "num_statements": 1, "percent_covered": 100.0, "percent_covered_display": "100", "missing_lines": 0, "excluded_lines": 0}, "missing_lines": [], "excluded_lines": []}, "_LocalObjectStore.__init__": {"executed_lines": [220], "summary": {"covered_lines": 1, "num_statements": 1, "percent_covered": 100.0, "percent_covered_display": "100", "missing_lines": 0, "excluded_lines": 0}, "missing_lines": [], "excluded_lines": []}, "_LocalObjectStore.upload_to_tier": {"executed_lines": [231, 232, 233, 234, 235, 236], "summary": {"covered_lines": 6, "num_statements": 6, "percent_covered": 100.0, "percent_covered_display": "100", "missing_lines": 0, "excluded_lines": 0}, "missing_lines": [], "excluded_lines": []}, "": {"executed_lines": [1, 2, 4, 5, 6, 7, 8, 9, 10, 11, 13, 14, 15, 16, 17, 20, 27, 37, 57, 71, 77, 101, 185, 186, 189, 192, 196, 197, 200, 204, 205, 208, 218, 219, 222], "summary": {"covered_lines": 34, "num_statements": 34, "percent_covered": 100.0, "percent_covered_display": "100", "missing_lines": 0, "excluded_lines": 0}, "missing_lines": [], "excluded_lines": []}}, "classes": {"_InMemoryProcessingRepository": {"executed_lines": [187, 190, 193], "summary": {"covered_lines": 3, "num_statements": 3, "percent_covered": 100.0, "percent_covered_display": "100", "missing_lines": 0, "excluded_lines": 0}, "missing_lines": [], "excluded_lines": []}, "_InMemoryCache": {"executed_lines": [198, 201], "summary": {"covered_lines": 2, "num_statements": 2, "percent_covered": 100.0, "percent_covered_display": "100", "missing_lines": 0, "excluded_lines": 0}, "missing_lines": [], "excluded_lines": []}, "_LocalVectorStore": {"executed_lines": [206, 209], "summary": {"covered_lines": 2, "num_statements": 2, "percent_covered": 100.0, "percent_covered_display": "100", "missing_lines": 0, "excluded_lines": 0}, "missing_lines": [], "excluded_lines": []}, "_LocalObjectStore": {"executed_lines": [220, 231, 232, 233, 234, 235, 236], "summary": {"covered_lines": 7, "num_statements": 7, "percent_covered": 100.0, "percent_covered_display": "100", "missing_lines": 0, "excluded_lines": 0}, "missing_lines": [], "excluded_lines": []}, "": {"executed_lines": [1, 2, 4, 5, 6, 7, 8, 9, 10, 11, 13, 14, 15, 16, 17, 20, 23, 24, 27, 37, 40, 41, 42, 46, 47, 48, 49, 52, 53, 54, 57, 58, 59, 60, 61, 63, 71, 72, 73, 74, 77, 80, 81, 86, 88, 95, 96, 98, 101, 109, 110, 111, 112, 114, 115, 118, 119, 120, 121, 122, 123, 124, 125, 127, 128, 129, 132, 133, 134, 135, 136, 137, 138, 143, 144, 149, 152, 153, 156, 157, 173, 175, 176, 177, 178, 180, 182, 185, 186, 189, 192, 196, 197, 200, 204, 205, 208, 218, 219, 222], "summary": {"covered_lines": 96, "num_statements": 98, "percent_covered": 97.95918367346938, "percent_covered_display": "98", "missing_lines": 2, "excluded_lines": 3}, "missing_lines": [30, 51], "excluded_lines": [123, 124, 125]}}}, "app/pipeline/etl.py": {"executed_lines": [1, 2, 4, 5, 7, 9, 10, 11, 14, 15, 16, 18, 19, 20, 23, 24, 26, 34, 35, 36, 37, 38, 40, 41, 42, 44, 45, 48, 49, 52, 88, 123, 125, 126, 127, 128, 129, 130, 139, 141, 142, 143, 144, 153, 155, 156, 157, 158, 167, 169, 174, 176], "summary": {"covered_lines": 49, "num_statements": 62, "percent_covered": 79.03225806451613, "percent_covered_display": "79", "missing_lines": 13, "excluded_lines": 28}, "missing_lines": [46, 50, 54, 55, 57, 58, 60, 86, 90, 91, 93, 94, 121], "excluded_lines": [62, 63, 64, 65, 66, 69, 70, 71, 72, 73, 74, 75, 76, 78, 96, 97, 98, 99, 102, 103, 104, 105, 106, 107, 108, 109, 111, 113], "functions": {"ContentPipeline.__init__": {"executed_lines": [34, 35, 36, 37, 38], "summary": {"covered_lines": 5, "num_statements": 5, "percent_covered": 100.0, "percent_covered_display": "100", "missing_lines": 0, "excluded_lines": 0}, "missing_lines": [], "excluded_lines": []}, "ContentPipeline.extractor": {"executed_lines": [42], "summary": {"covered_lines": 1, "num_statements": 1, "percent_covered": 100.0, "percent_covered_display": "100", "missing_lines": 0, "excluded_lines": 0}, "missing_lines": [], "excluded_lines": []}, "ContentPipeline.transformer": {"executed_lines": [], "summary": {"covered_lines": 0, "num_statements": 1, "percent_covered": 0.0, "percent_covered_display": "0", "missing_lines": 1, "excluded_lines": 0}, "missing_lines": [46], "excluded_lines": []}, "ContentPipeline.loader": {"executed_lines": [], "summary": {"covered_lines": 0, "num_statements": 1, "percent_covered": 0.0, "percent_covered_display": "0", "missing_lines": 1, "excluded_lines": 0}, "missing_lines": [50], "excluded_lines": []}, "ContentPipeline.initialize": {"executed_lines": [], "summary": {"covered_lines": 0, "num_statements": 6, "percent_covered": 0.0, "percent_covered_display": "0", "missing_lines": 6, "excluded_lines": 14}, "missing_lines": [54, 55, 57, 58, 60, 86], "excluded_lines": [62, 63, 64, 65, 66, 69, 70, 71, 72, 73, 74, 75, 76, 78]}, "ContentPipeline.before_store": {"executed_lines": [], "summary": {"covered_lines": 0, "num_statements": 5, "percent_covered": 0.0, "percent_covered_display": "0", "missing_lines": 5, "excluded_lines": 14}, "missing_lines": [90, 91, 93, 94, 121], "excluded_lines": [96, 97, 98, 99, 102, 103, 104, 105, 106, 107, 108, 109, 111, 113]}, "ContentPipeline.run": {"executed_lines": [125, 126, 127, 128, 129, 130, 139, 141, 142, 143, 144, 153, 155, 156, 157, 158, 167, 169, 174, 176], "summary": {"covered_lines": 20, "num_statements": 20, "percent_covered": 100.0, "percent_covered_display": "100", "missing_lines": 0, "excluded_lines": 0}, "missing_lines": [], "excluded_lines": []}, "": {"executed_lines": [1, 2, 4, 5, 7, 9, 10, 11, 14, 15, 16, 18, 19, 20, 23, 24, 26, 40, 41, 44, 45, 48, 49, 52, 88, 123], "summary": {"covered_lines": 23, "num_statements": 23, "percent_covered": 100.0, "percent_covered_display": "100", "missing_lines": 0, "excluded_lines": 0}, "missing_lines": [], "excluded_lines": []}}, "classes": {"PipelineResult": {"executed_lines": [], "summary": {"covered_lines": 0, "num_statements": 0, "percent_covered": 100.0, "percent_covered_display": "100", "missing_lines": 0, "excluded_lines": 0}, "missing_lines": [], "excluded_lines": []}, "ContentPipeline": {"executed_lines": [34, 35, 36, 37, 38, 42, 125, 126, 127, 128, 129, 130, 139, 141, 142, 143, 144, 153, 155, 156, 157, 158, 167, 169, 174, 176], "summary": {"covered_lines": 26, "num_statements": 39, "percent_covered": 66.66666666666667, "percent_covered_display": "67", "missing_lines": 13, "excluded_lines": 28}, "missing_lines": [46, 50, 54, 55, 57, 58, 60, 86, 90, 91, 93, 94, 121], "excluded_lines": [62, 63, 64, 65, 66, 69, 70, 71, 72, 73, 74, 75, 76, 78, 96, 97, 98, 99, 102, 103, 104, 105, 106, 107, 108, 109, 111, 113]}, "": {"executed_lines": [1, 2, 4, 5, 7, 9, 10, 11, 14, 15, 16, 18, 19, 20, 23, 24, 26, 40, 41, 44, 45, 48, 49, 52, 88, 123], "summary": {"covered_lines": 23, "num_statements": 23, "percent_covered": 100.0, "percent_covered_display": "100", "missing_lines": 0, "excluded_lines": 0}, "missing_lines": [], "excluded_lines": []}}}, "app/pipeline/extractors/__init__.py": {"executed_lines": [2, 4, 5, 6, 8], "summary": {"covered_lines": 4, "num_statements": 4, "percent_covered": 100.0, "percent_covered_display": "100", "missing_lines": 0, "excluded_lines": 0}, "missing_lines": [], "excluded_lines": [], "functions": {"": {"executed_lines": [2, 4, 5, 6, 8], "summary": {"covered_lines": 4, "num_statements": 4, "percent_covered": 100.0, "percent_covered_display": "100", "missing_lines": 0, "excluded_lines": 0}, "missing_lines": [], "excluded_lines": []}}, "classes": {"": {"executed_lines": [2, 4, 5, 6, 8], "summary": {"covered_lines": 4, "num_statements": 4, "percent_covered": 100.0, "percent_covered_display": "100", "missing_lines": 0, "excluded_lines": 0}, "missing_lines": [], "excluded_lines": []}}}, "app/pipeline/extractors/base.py": {"executed_lines": [1, 2, 4, 6, 9, 10, 12, 13], "summary": {"covered_lines": 6, "num_statements": 7, "percent_covered": 85.71428571428571, "percent_covered_display": "86", "missing_lines": 1, "excluded_lines": 0}, "missing_lines": [15], "excluded_lines": [], "functions": {"ContentExtractor.extract": {"executed_lines": [], "summary": {"covered_lines": 0, "num_statements": 1, "percent_covered": 0.0, "percent_covered_display": "0", "missing_lines": 1, "excluded_lines": 0}, "missing_lines": [15], "excluded_lines": []}, "": {"executed_lines": [1, 2, 4, 6, 9, 10, 12, 13], "summary": {"covered_lines": 6, "num_statements": 6, "percent_covered": 100.0, "percent_covered_display": "100", "missing_lines": 0, "excluded_lines": 0}, "missing_lines": [], "excluded_lines": []}}, "classes": {"ContentExtractor": {"executed_lines": [], "summary": {"covered_lines": 0, "num_statements": 1, "percent_covered": 0.0, "percent_covered_display": "0", "missing_lines": 1, "excluded_lines": 0}, "missing_lines": [15], "excluded_lines": []}, "": {"executed_lines": [1, 2, 4, 6, 9, 10, 12, 13], "summary": {"covered_lines": 6, "num_statements": 6, "percent_covered": 100.0, "percent_covered_display": "100", "missing_lines": 0, "excluded_lines": 0}, "missing_lines": [], "excluded_lines": []}}}, "app/pipeline/extractors/html.py": {"executed_lines": [1, 2, 4, 5, 7, 8, 9, 11, 12, 13, 15, 18, 19, 21, 22, 23, 25, 26, 27, 29, 30, 31, 32, 36, 37, 38, 40, 42, 43, 44, 46, 47, 49, 50, 51, 52, 53, 54, 55, 57, 58, 60, 61, 62, 64, 65, 66, 68, 76, 77, 78, 79, 80, 82], "summary": {"covered_lines": 52, "num_statements": 55, "percent_covered": 94.54545454545455, "percent_covered_display": "95", "missing_lines": 3, "excluded_lines": 0}, "missing_lines": [34, 35, 81], "excluded_lines": [], "functions": {"HTMLWebExtractor.__init__": {"executed_lines": [22, 23], "summary": {"covered_lines": 2, "num_statements": 2, "percent_covered": 100.0, "percent_covered_display": "100", "missing_lines": 0, "excluded_lines": 0}, "missing_lines": [], "excluded_lines": []}, "HTMLWebExtractor.extract": {"executed_lines": [26, 27], "summary": {"covered_lines": 2, "num_statements": 2, "percent_covered": 100.0, "percent_covered_display": "100", "missing_lines": 0, "excluded_lines": 0}, "missing_lines": [], "excluded_lines": []}, "HTMLWebExtractor._fetch": {"executed_lines": [30, 31, 32, 36, 37, 38, 40], "summary": {"covered_lines": 7, "num_statements": 9, "percent_covered": 77.77777777777777, "percent_covered_display": "78", "missing_lines": 2, "excluded_lines": 0}, "missing_lines": [34, 35], "excluded_lines": []}, "HTMLWebExtractor._to_raw_content": {"executed_lines": [43, 44, 46, 47, 49, 50, 51, 52, 53, 54, 55, 57, 58, 60, 61, 62, 64, 65, 66, 68], "summary": {"covered_lines": 20, "num_statements": 20, "percent_covered": 100.0, "percent_covered_display": "100", "missing_lines": 0, "excluded_lines": 0}, "missing_lines": [], "excluded_lines": []}, "HTMLWebExtractor._default_title": {"executed_lines": [78, 79, 80, 82], "summary": {"covered_lines": 4, "num_statements": 5, "percent_covered": 80.0, "percent_covered_display": "80", "missing_lines": 1, "excluded_lines": 0}, "missing_lines": [81], "excluded_lines": []}, "": {"executed_lines": [1, 2, 4, 5, 7, 8, 9, 11, 12, 13, 15, 18, 19, 21, 25, 29, 42, 76, 77], "summary": {"covered_lines": 17, "num_statements": 17, "percent_covered": 100.0, "percent_covered_display": "100", "missing_lines": 0, "excluded_lines": 0}, "missing_lines": [], "excluded_lines": []}}, "classes": {"HTMLWebExtractor": {"executed_lines": [22, 23, 26, 27, 30, 31, 32, 36, 37, 38, 40, 43, 44, 46, 47, 49, 50, 51, 52, 53, 54, 55, 57, 58, 60, 61, 62, 64, 65, 66, 68, 78, 79, 80, 82], "summary": {"covered_lines": 35, "num_statements": 38, "percent_covered": 92.10526315789474, "percent_covered_display": "92", "missing_lines": 3, "excluded_lines": 0}, "missing_lines": [34, 35, 81], "excluded_lines": []}, "": {"executed_lines": [1, 2, 4, 5, 7, 8, 9, 11, 12, 13, 15, 18, 19, 21, 25, 29, 42, 76, 77], "summary": {"covered_lines": 17, "num_statements": 17, "percent_covered": 100.0, "percent_covered_display": "100", "missing_lines": 0, "excluded_lines": 0}, "missing_lines": [], "excluded_lines": []}}}, "app/pipeline/extractors/pdf.py": {"executed_lines": [1, 2, 4, 5, 6, 7, 9, 10, 12, 13, 14, 16, 19, 20, 22, 23, 24, 26, 27, 28, 30, 31, 32, 33, 37, 41, 43, 44, 46, 47, 51, 52, 53, 55, 57, 65, 66, 67, 68, 69, 70, 73, 74, 75, 76, 78, 85, 87, 88, 89, 91, 92, 94, 101, 102, 103, 105, 106, 107, 108, 109, 111, 112, 113, 114, 115, 116, 117, 119], "summary": {"covered_lines": 67, "num_statements": 70, "percent_covered": 95.71428571428571, "percent_covered_display": "96", "missing_lines": 3, "excluded_lines": 6}, "missing_lines": [35, 36, 118], "excluded_lines": [38, 39, 48, 49, 71, 72], "functions": {"PDFDocumentExtractor.__init__": {"executed_lines": [23, 24], "summary": {"covered_lines": 2, "num_statements": 2, "percent_covered": 100.0, "percent_covered_display": "100", "missing_lines": 0, "excluded_lines": 0}, "missing_lines": [], "excluded_lines": []}, "PDFDocumentExtractor.extract": {"executed_lines": [27, 28], "summary": {"covered_lines": 2, "num_statements": 2, "percent_covered": 100.0, "percent_covered_display": "100", "missing_lines": 0, "excluded_lines": 0}, "missing_lines": [], "excluded_lines": []}, "PDFDocumentExtractor._fetch": {"executed_lines": [31, 32, 33, 37, 41], "summary": {"covered_lines": 5, "num_statements": 7, "percent_covered": 71.42857142857143, "percent_covered_display": "71", "missing_lines": 2, "excluded_lines": 2}, "missing_lines": [35, 36], "excluded_lines": [38, 39]}, "PDFDocumentExtractor._to_raw_content": {"executed_lines": [44, 46, 47, 51, 52, 53, 55, 57], "summary": {"covered_lines": 8, "num_statements": 8, "percent_covered": 100.0, "percent_covered_display": "100", "missing_lines": 0, "excluded_lines": 2}, "missing_lines": [], "excluded_lines": [48, 49]}, "PDFDocumentExtractor._extract_text": {"executed_lines": [67, 68, 69, 70, 73, 74, 75, 76], "summary": {"covered_lines": 8, "num_statements": 8, "percent_covered": 100.0, "percent_covered_display": "100", "missing_lines": 0, "excluded_lines": 2}, "missing_lines": [], "excluded_lines": [71, 72]}, "PDFDocumentExtractor._build_metadata": {"executed_lines": [85, 87, 88, 89, 91, 92, 94, 101, 102, 103], "summary": {"covered_lines": 10, "num_statements": 10, "percent_covered": 100.0, "percent_covered_display": "100", "missing_lines": 0, "excluded_lines": 0}, "missing_lines": [], "excluded_lines": []}, "PDFDocumentExtractor._clean_str": {"executed_lines": [107, 108, 109], "summary": {"covered_lines": 3, "num_statements": 3, "percent_covered": 100.0, "percent_covered_display": "100", "missing_lines": 0, "excluded_lines": 0}, "missing_lines": [], "excluded_lines": []}, "PDFDocumentExtractor._default_title": {"executed_lines": [113, 114, 115, 116, 117, 119], "summary": {"covered_lines": 6, "num_statements": 7, "percent_covered": 85.71428571428571, "percent_covered_display": "86", "missing_lines": 1, "excluded_lines": 0}, "missing_lines": [118], "excluded_lines": []}, "": {"executed_lines": [1, 2, 4, 5, 6, 7, 9, 10, 12, 13, 14, 16, 19, 20, 22, 26, 30, 43, 65, 66, 78, 105, 106, 111, 112], "summary": {"covered_lines": 23, "num_statements": 23, "percent_covered": 100.0, "percent_covered_display": "100", "missing_lines": 0, "excluded_lines": 0}, "missing_lines": [], "excluded_lines": []}}, "classes": {"PDFDocumentExtractor": {"executed_lines": [23, 24, 27, 28, 31, 32, 33, 37, 41, 44, 46, 47, 51, 52, 53, 55, 57, 67, 68, 69, 70, 73, 74, 75, 76, 85, 87, 88, 89, 91, 92, 94, 101, 102, 103, 107, 108, 109, 113, 114, 115, 116, 117, 119], "summary": {"covered_lines": 44, "num_statements": 47, "percent_covered": 93.61702127659575, "percent_covered_display": "94", "missing_lines": 3, "excluded_lines": 6}, "missing_lines": [35, 36, 118], "excluded_lines": [38, 39, 48, 49, 71, 72]}, "": {"executed_lines": [1, 2, 4, 5, 6, 7, 9, 10, 12, 13, 14, 16, 19, 20, 22, 26, 30, 43, 65, 66, 78, 105, 106, 111, 112], "summary": {"covered_lines": 23, "num_statements": 23, "percent_covered": 100.0, "percent_covered_display": "100", "missing_lines": 0, "excluded_lines": 0}, "missing_lines": [], "excluded_lines": []}}}, "app/pipeline/extractors/youtube.py": {"executed_lines": [1, 3, 5, 6, 8, 9, 10, 11, 16, 17, 21, 22, 27, 28, 31, 32, 37, 38, 40, 41, 49, 54, 55, 58, 59, 61, 64, 65, 66, 67, 70, 71, 72, 73, 74, 75, 78, 79, 83, 91], "summary": {"covered_lines": 34, "num_statements": 38, "percent_covered": 89.47368421052632, "percent_covered_display": "89", "missing_lines": 4, "excluded_lines": 8}, "missing_lines": [50, 51, 60, 80], "excluded_lines": [16, 17, 18, 19, 21, 22, 23, 24], "functions": {"YouTubeExtractor.__init__": {"executed_lines": [38], "summary": {"covered_lines": 1, "num_statements": 1, "percent_covered": 100.0, "percent_covered_display": "100", "missing_lines": 0, "excluded_lines": 0}, "missing_lines": [], "excluded_lines": []}, "YouTubeExtractor.extract": {"executed_lines": [41, 49, 54, 55, 58, 59, 61, 64, 65, 66, 67, 70, 71, 72, 73, 74, 75, 78, 79, 83, 91], "summary": {"covered_lines": 21, "num_statements": 25, "percent_covered": 84.0, "percent_covered_display": "84", "missing_lines": 4, "excluded_lines": 0}, "missing_lines": [50, 51, 60, 80], "excluded_lines": []}, "": {"executed_lines": [1, 3, 5, 6, 8, 9, 10, 11, 16, 17, 21, 22, 27, 28, 31, 32, 37, 40], "summary": {"covered_lines": 12, "num_statements": 12, "percent_covered": 100.0, "percent_covered_display": "100", "missing_lines": 0, "excluded_lines": 8}, "missing_lines": [], "excluded_lines": [16, 17, 18, 19, 21, 22, 23, 24]}}, "classes": {"YouTubeExtractor": {"executed_lines": [38, 41, 49, 54, 55, 58, 59, 61, 64, 65, 66, 67, 70, 71, 72, 73, 74, 75, 78, 79, 83, 91], "summary": {"covered_lines": 22, "num_statements": 26, "percent_covered": 84.61538461538461, "percent_covered_display": "85", "missing_lines": 4, "excluded_lines": 0}, "missing_lines": [50, 51, 60, 80], "excluded_lines": []}, "": {"executed_lines": [1, 3, 5, 6, 8, 9, 10, 11, 16, 17, 21, 22, 27, 28, 31, 32, 37, 40], "summary": {"covered_lines": 12, "num_statements": 12, "percent_covered": 100.0, "percent_covered_display": "100", "missing_lines": 0, "excluded_lines": 8}, "missing_lines": [], "excluded_lines": [16, 17, 18, 19, 21, 22, 23, 24]}}}, "app/pipeline/knowledge_graph/__init__.py": {"executed_lines": [], "summary": {"covered_lines": 0, "num_statements": 0, "percent_covered": 100.0, "percent_covered_display": "100", "missing_lines": 0, "excluded_lines": 0}, "missing_lines": [], "excluded_lines": [], "functions": {"": {"executed_lines": [], "summary": {"covered_lines": 0, "num_statements": 0, "percent_covered": 100.0, "percent_covered_display": "100", "missing_lines": 0, "excluded_lines": 0}, "missing_lines": [], "excluded_lines": []}}, "classes": {"": {"executed_lines": [], "summary": {"covered_lines": 0, "num_statements": 0, "percent_covered": 100.0, "percent_covered_display": "100", "missing_lines": 0, "excluded_lines": 0}, "missing_lines": [], "excluded_lines": []}}}, "app/pipeline/loaders/__init__.py": {"executed_lines": [2, 4, 5, 7], "summary": {"covered_lines": 3, "num_statements": 3, "percent_covered": 100.0, "percent_covered_display": "100", "missing_lines": 0, "excluded_lines": 0}, "missing_lines": [], "excluded_lines": [], "functions": {"": {"executed_lines": [2, 4, 5, 7], "summary": {"covered_lines": 3, "num_statements": 3, "percent_covered": 100.0, "percent_covered_display": "100", "missing_lines": 0, "excluded_lines": 0}, "missing_lines": [], "excluded_lines": []}}, "classes": {"": {"executed_lines": [2, 4, 5, 7], "summary": {"covered_lines": 3, "num_statements": 3, "percent_covered": 100.0, "percent_covered_display": "100", "missing_lines": 0, "excluded_lines": 0}, "missing_lines": [], "excluded_lines": []}}}, "app/pipeline/loaders/base.py": {"executed_lines": [1, 2, 4, 6, 9, 10, 12, 13], "summary": {"covered_lines": 6, "num_statements": 7, "percent_covered": 85.71428571428571, "percent_covered_display": "86", "missing_lines": 1, "excluded_lines": 0}, "missing_lines": [15], "excluded_lines": [], "functions": {"ContentLoader.load": {"executed_lines": [], "summary": {"covered_lines": 0, "num_statements": 1, "percent_covered": 0.0, "percent_covered_display": "0", "missing_lines": 1, "excluded_lines": 0}, "missing_lines": [15], "excluded_lines": []}, "": {"executed_lines": [1, 2, 4, 6, 9, 10, 12, 13], "summary": {"covered_lines": 6, "num_statements": 6, "percent_covered": 100.0, "percent_covered_display": "100", "missing_lines": 0, "excluded_lines": 0}, "missing_lines": [], "excluded_lines": []}}, "classes": {"ContentLoader": {"executed_lines": [], "summary": {"covered_lines": 0, "num_statements": 1, "percent_covered": 0.0, "percent_covered_display": "0", "missing_lines": 1, "excluded_lines": 0}, "missing_lines": [15], "excluded_lines": []}, "": {"executed_lines": [1, 2, 4, 6, 9, 10, 12, 13], "summary": {"covered_lines": 6, "num_statements": 6, "percent_covered": 100.0, "percent_covered_display": "100", "missing_lines": 0, "excluded_lines": 0}, "missing_lines": [], "excluded_lines": []}}}, "app/pipeline/loaders/library.py": {"executed_lines": [1, 2, 4, 5, 6, 7, 8, 9, 11, 12, 13, 14, 15, 17, 20, 21, 23, 33, 34, 35, 36, 37, 38, 40, 41, 42, 49, 50, 51, 52, 54, 55, 67, 68, 77, 79, 80, 82, 95, 96, 102, 112, 117, 119, 120, 128, 133, 135, 136, 138, 139, 140, 142, 143, 144, 145, 148, 149, 150, 151, 153, 155, 156, 157, 171, 172, 173, 174, 175, 177, 179, 180, 181], "summary": {"covered_lines": 67, "num_statements": 70, "percent_covered": 95.71428571428571, "percent_covered_display": "96", "missing_lines": 3, "excluded_lines": 4}, "missing_lines": [141, 146, 152], "excluded_lines": [119, 120, 128, 133], "functions": {"LibraryContentLoader.__init__": {"executed_lines": [33, 34, 35, 36, 37, 38], "summary": {"covered_lines": 6, "num_statements": 6, "percent_covered": 100.0, "percent_covered_display": "100", "missing_lines": 0, "excluded_lines": 0}, "missing_lines": [], "excluded_lines": []}, "LibraryContentLoader.load": {"executed_lines": [41, 42, 49, 50, 51, 52, 54, 55, 67, 68, 77, 79, 80, 82, 95, 96, 102, 112, 117, 119, 120, 128, 133], "summary": {"covered_lines": 19, "num_statements": 19, "percent_covered": 100.0, "percent_covered_display": "100", "missing_lines": 0, "excluded_lines": 4}, "missing_lines": [], "excluded_lines": [119, 120, 128, 133]}, "LibraryContentLoader._run_blocking": {"executed_lines": [136], "summary": {"covered_lines": 1, "num_statements": 1, "percent_covered": 100.0, "percent_covered_display": "100", "missing_lines": 0, "excluded_lines": 0}, "missing_lines": [], "excluded_lines": []}, "LibraryContentLoader._tier_for_quality": {"executed_lines": [140, 142, 143, 144, 145], "summary": {"covered_lines": 5, "num_statements": 7, "percent_covered": 71.42857142857143, "percent_covered_display": "71", "missing_lines": 2, "excluded_lines": 0}, "missing_lines": [141, 146], "excluded_lines": []}, "LibraryContentLoader._build_file_key": {"executed_lines": [150, 151, 153], "summary": {"covered_lines": 3, "num_statements": 4, "percent_covered": 75.0, "percent_covered_display": "75", "missing_lines": 1, "excluded_lines": 0}, "missing_lines": [152], "excluded_lines": []}, "LibraryContentLoader._render_markdown": {"executed_lines": [157, 171, 172, 173, 174, 175, 177], "summary": {"covered_lines": 7, "num_statements": 7, "percent_covered": 100.0, "percent_covered_display": "100", "missing_lines": 0, "excluded_lines": 0}, "missing_lines": [], "excluded_lines": []}, "LibraryContentLoader._cache_key": {"executed_lines": [181], "summary": {"covered_lines": 1, "num_statements": 1, "percent_covered": 100.0, "percent_covered_display": "100", "missing_lines": 0, "excluded_lines": 0}, "missing_lines": [], "excluded_lines": []}, "": {"executed_lines": [1, 2, 4, 5, 6, 7, 8, 9, 11, 12, 13, 14, 15, 17, 20, 21, 23, 40, 135, 138, 139, 148, 149, 155, 156, 179, 180], "summary": {"covered_lines": 25, "num_statements": 25, "percent_covered": 100.0, "percent_covered_display": "100", "missing_lines": 0, "excluded_lines": 0}, "missing_lines": [], "excluded_lines": []}}, "classes": {"LibraryContentLoader": {"executed_lines": [33, 34, 35, 36, 37, 38, 41, 42, 49, 50, 51, 52, 54, 55, 67, 68, 77, 79, 80, 82, 95, 96, 102, 112, 117, 119, 120, 128, 133, 136, 140, 142, 143, 144, 145, 150, 151, 153, 157, 171, 172, 173, 174, 175, 177, 181], "summary": {"covered_lines": 42, "num_statements": 45, "percent_covered": 93.33333333333333, "percent_covered_display": "93", "missing_lines": 3, "excluded_lines": 4}, "missing_lines": [141, 146, 152], "excluded_lines": [119, 120, 128, 133]}, "": {"executed_lines": [1, 2, 4, 5, 6, 7, 8, 9, 11, 12, 13, 14, 15, 17, 20, 21, 23, 40, 135, 138, 139, 148, 149, 155, 156, 179, 180], "summary": {"covered_lines": 25, "num_statements": 25, "percent_covered": 100.0, "percent_covered_display": "100", "missing_lines": 0, "excluded_lines": 0}, "missing_lines": [], "excluded_lines": []}}}, "app/pipeline/transformers/__init__.py": {"executed_lines": [2, 4, 5, 7], "summary": {"covered_lines": 3, "num_statements": 3, "percent_covered": 100.0, "percent_covered_display": "100", "missing_lines": 0, "excluded_lines": 0}, "missing_lines": [], "excluded_lines": [], "functions": {"": {"executed_lines": [2, 4, 5, 7], "summary": {"covered_lines": 3, "num_statements": 3, "percent_covered": 100.0, "percent_covered_display": "100", "missing_lines": 0, "excluded_lines": 0}, "missing_lines": [], "excluded_lines": []}}, "classes": {"": {"executed_lines": [2, 4, 5, 7], "summary": {"covered_lines": 3, "num_statements": 3, "percent_covered": 100.0, "percent_covered_display": "100", "missing_lines": 0, "excluded_lines": 0}, "missing_lines": [], "excluded_lines": []}}}, "app/pipeline/transformers/base.py": {"execute
[...]
 100.0, "percent_covered_display": "100", "missing_lines": 0, "excluded_lines": 0}, "missing_lines": [], "excluded_lines": []}}, "classes": {"GraphReasoningService": {"executed_lines": [20, 41, 43, 53, 54, 57, 58, 59, 60, 62, 88, 98, 104, 105, 106, 112, 133, 140, 150, 153, 154, 155, 157, 159, 160, 161, 162, 167, 170, 171, 178, 209, 211, 221, 222, 223, 225, 226, 229, 230, 231, 232, 234, 257, 266, 269, 270, 271, 273, 274, 275, 276, 277, 278, 280, 282], "summary": {"covered_lines": 56, "num_statements": 57, "percent_covered": 98.24561403508773, "percent_covered_display": "98", "missing_lines": 1, "excluded_lines": 0}, "missing_lines": [134], "excluded_lines": []}, "": {"executed_lines": [1, 7, 8, 11, 12, 14, 22, 70, 119, 187, 241], "summary": {"covered_lines": 9, "num_statements": 9, "percent_covered": 100.0, "percent_covered_display": "100", "missing_lines": 0, "excluded_lines": 0}, "missing_lines": [], "excluded_lines": []}}}, "app/services/library_service.py": {"executed_lines": [1, 13, 14, 15, 16, 17, 18, 19, 21, 23, 24, 25, 26, 27, 28, 29, 32, 39, 40, 43, 46, 48, 51, 52, 63, 79, 80, 81, 82, 84, 85, 95, 96, 97, 98, 99, 100, 102, 104, 105, 115, 117, 118, 128, 129, 130, 132, 215, 266, 284, 293, 294, 295, 389, 454, 462, 473, 475, 476, 486, 487, 488, 489, 490, 491, 493, 495, 496, 499, 500, 503, 504, 505, 506, 507, 509, 510, 511, 512, 515, 516, 517, 520, 522], "summary": {"covered_lines": 82, "num_statements": 150, "percent_covered": 54.666666666666664, "percent_covered_display": "55", "missing_lines": 68, "excluded_lines": 4}, "missing_lines": [143, 144, 147, 148, 151, 152, 153, 167, 168, 171, 172, 188, 189, 203, 233, 243, 245, 246, 248, 249, 250, 252, 264, 297, 298, 299, 300, 303, 304, 305, 306, 310, 311, 312, 313, 315, 317, 330, 331, 332, 340, 343, 351, 354, 355, 356, 373, 374, 375, 377, 407, 408, 409, 410, 411, 414, 417, 418, 420, 421, 424, 432, 433, 434, 436, 449, 450, 452], "excluded_lines": [333, 334, 365, 366], "functions": {"generate_embedding": {"executed_lines": [48], "summary": {"covered_lines": 1, "num_statements": 1, "percent_covered": 100.0, "percent_covered_display": "100", "missing_lines": 0, "excluded_lines": 0}, "missing_lines": [], "excluded_lines": []}, "LibraryService.__init__": {"executed_lines": [79, 80, 81, 82], "summary": {"covered_lines": 4, "num_statements": 4, "percent_covered": 100.0, "percent_covered_display": "100", "missing_lines": 0, "excluded_lines": 0}, "missing_lines": [], "excluded_lines": []}, "LibraryService._determine_tier": {"executed_lines": [95, 96, 97, 98, 99, 100, 102], "summary": {"covered_lines": 7, "num_statements": 7, "percent_covered": 100.0, "percent_covered_display": "100", "missing_lines": 0, "excluded_lines": 0}, "missing_lines": [], "excluded_lines": []}, "LibraryService._extract_tier_letter": {"executed_lines": [115], "summary": {"covered_lines": 1, "num_statements": 1, "percent_covered": 100.0, "percent_covered_display": "100", "missing_lines": 0, "excluded_lines": 0}, "missing_lines": [], "excluded_lines": []}, "LibraryService._get_bucket_prefix": {"executed_lines": [128, 129, 130], "summary": {"covered_lines": 3, "num_statements": 3, "percent_covered": 100.0, "percent_covered_display": "100", "missing_lines": 0, "excluded_lines": 0}, "missing_lines": [], "excluded_lines": []}, "LibraryService.add_to_library": {"executed_lines": [], "summary": {"covered_lines": 0, "num_statements": 14, "percent_covered": 0.0, "percent_covered_display": "0", "missing_lines": 14, "excluded_lines": 0}, "missing_lines": [143, 144, 147, 148, 151, 152, 153, 167, 168, 171, 172, 188, 189, 203], "excluded_lines": []}, "LibraryService.get_files_by_tier": {"executed_lines": [], "summary": {"covered_lines": 0, "num_statements": 9, "percent_covered": 0.0, "percent_covered_display": "0", "missing_lines": 9, "excluded_lines": 0}, "missing_lines": [233, 243, 245, 246, 248, 249, 250, 252, 264], "excluded_lines": []}, "LibraryService.move_between_tiers": {"executed_lines": [284, 293, 294, 295], "summary": {"covered_lines": 4, "num_statements": 31, "percent_covered": 12.903225806451612, "percent_covered_display": "13", "missing_lines": 27, "excluded_lines": 4}, "missing_lines": [297, 298, 299, 300, 303, 304, 305, 306, 310, 311, 312, 313, 315, 317, 330, 331, 332, 340, 343, 351, 354, 355, 356, 373, 374, 375, 377], "excluded_lines": [333, 334, 365, 366]}, "LibraryService.search_library": {"executed_lines": [], "summary": {"covered_lines": 0, "num_statements": 18, "percent_covered": 0.0, "percent_covered_display": "0", "missing_lines": 18, "excluded_lines": 0}, "missing_lines": [407, 408, 409, 410, 411, 414, 417, 418, 420, 421, 424, 432, 433, 434, 436, 449, 450, 452], "excluded_lines": []}, "LibraryService.get_statistics": {"executed_lines": [462, 473, 475, 476, 486, 487, 488, 489, 490, 491, 493, 495, 496, 499, 500, 503, 504, 505, 506, 507, 509, 510, 511, 512, 515, 516, 517, 520, 522], "summary": {"covered_lines": 29, "num_statements": 29, "percent_covered": 100.0, "percent_covered_display": "100", "missing_lines": 0, "excluded_lines": 0}, "missing_lines": [], "excluded_lines": []}, "": {"executed_lines": [1, 13, 14, 15, 16, 17, 18, 19, 21, 23, 24, 25, 26, 27, 28, 29, 32, 39, 40, 43, 46, 51, 52, 63, 84, 85, 104, 105, 117, 118, 132, 215, 266, 389, 454], "summary": {"covered_lines": 33, "num_statements": 33, "percent_covered": 100.0, "percent_covered_display": "100", "missing_lines": 0, "excluded_lines": 0}, "missing_lines": [], "excluded_lines": []}}, "classes": {"LibraryService": {"executed_lines": [79, 80, 81, 82, 95, 96, 97, 98, 99, 100, 102, 115, 128, 129, 130, 284, 293, 294, 295, 462, 473, 475, 476, 486, 487, 488, 489, 490, 491, 493, 495, 496, 499, 500, 503, 504, 505, 506, 507, 509, 510, 511, 512, 515, 516, 517, 520, 522], "summary": {"covered_lines": 48, "num_statements": 116, "percent_covered": 41.37931034482759, "percent_covered_display": "41", "missing_lines": 68, "excluded_lines": 4}, "missing_lines": [143, 144, 147, 148, 151, 152, 153, 167, 168, 171, 172, 188, 189, 203, 233, 243, 245, 246, 248, 249, 250, 252, 264, 297, 298, 299, 300, 303, 304, 305, 306, 310, 311, 312, 313, 315, 317, 330, 331, 332, 340, 343, 351, 354, 355, 356, 373, 374, 375, 377, 407, 408, 409, 410, 411, 414, 417, 418, 420, 421, 424, 432, 433, 434, 436, 449, 450, 452], "excluded_lines": [333, 334, 365, 366]}, "": {"executed_lines": [1, 13, 14, 15, 16, 17, 18, 19, 21, 23, 24, 25, 26, 27, 28, 29, 32, 39, 40, 43, 46, 48, 51, 52, 63, 84, 85, 104, 105, 117, 118, 132, 215, 266, 389, 454], "summary": {"covered_lines": 34, "num_statements": 34, "percent_covered": 100.0, "percent_covered_display": "100", "missing_lines": 0, "excluded_lines": 0}, "missing_lines": [], "excluded_lines": []}}}, "app/services/maintenance_service.py": {"executed_lines": [1, 7, 9, 10, 11, 12, 15, 16, 17, 20, 21, 32, 48, 49, 50, 51, 53, 54, 66, 67, 68, 69, 70, 72, 86, 89, 91, 92, 94, 98, 99, 100, 101, 103, 105, 107, 117, 118, 120, 121, 123, 125, 128, 130, 131, 132, 134, 140, 147, 153, 154, 155, 156, 157, 159, 164, 165, 171, 172, 173, 174, 176, 181, 182, 188, 190, 192, 197, 198, 204, 206, 208, 212, 213, 218, 220, 227, 230, 231, 232, 233, 234, 236, 243, 245, 247, 249, 250, 252, 254, 256, 260, 264, 267, 270, 271, 273, 274, 275, 277, 279, 286, 293, 294, 295, 299, 300, 302, 303, 307, 308, 314, 315, 316, 317, 319, 320, 324, 325, 331, 332, 333, 335, 336, 340, 341, 346], "summary": {"covered_lines": 125, "num_statements": 125, "percent_covered": 100.0, "percent_covered_display": "100", "missing_lines": 0, "excluded_lines": 0}, "missing_lines": [], "excluded_lines": [], "functions": {"MaintenanceService.__init__": {"executed_lines": [48, 49, 50, 51], "summary": {"covered_lines": 4, "num_statements": 4, "percent_covered": 100.0, "percent_covered_display": "100", "missing_lines": 0, "excluded_lines": 0}, "missing_lines": [], "excluded_lines": []}, "MaintenanceService._safe_repository_call": {"executed_lines": [66, 67, 68, 69, 70], "summary": {"covered_lines": 5, "num_statements": 5, "percent_covered": 100.0, "percent_covered_display": "100", "missing_lines": 0, "excluded_lines": 0}, "missing_lines": [], "excluded_lines": []}, "MaintenanceService.cleanup_old_cache_entries": {"executed_lines": [86, 89, 91, 92, 94, 98, 99, 100, 101, 103, 105], "summary": {"covered_lines": 11, "num_statements": 11, "percent_covered": 100.0, "percent_covered_display": "100", "missing_lines": 0, "excluded_lines": 0}, "missing_lines": [], "excluded_lines": []}, "MaintenanceService.recompute_embeddings": {"executed_lines": [117, 118, 120, 121, 123, 125, 128, 130, 131, 132, 134], "summary": {"covered_lines": 11, "num_statements": 11, "percent_covered": 100.0, "percent_covered_display": "100", "missing_lines": 0, "excluded_lines": 0}, "missing_lines": [], "excluded_lines": []}, "MaintenanceService.generate_system_report": {"executed_lines": [147, 153, 154, 155, 156, 157, 159, 164, 165, 171, 172, 173, 174, 176, 181, 182, 188, 190, 192, 197, 198, 204, 206, 208, 212, 213, 218], "summary": {"covered_lines": 27, "num_statements": 27, "percent_covered": 100.0, "percent_covered_display": "100", "missing_lines": 0, "excluded_lines": 0}, "missing_lines": [], "excluded_lines": []}, "MaintenanceService.vacuum_database": {"executed_lines": [227, 230, 231, 232, 233, 234], "summary": {"covered_lines": 6, "num_statements": 6, "percent_covered": 100.0, "percent_covered_display": "100", "missing_lines": 0, "excluded_lines": 0}, "missing_lines": [], "excluded_lines": []}, "MaintenanceService.cleanup_orphaned_files": {"executed_lines": [243, 245, 247, 249, 250, 252, 254, 256, 260, 264, 267, 270, 271, 273, 274, 275, 277], "summary": {"covered_lines": 17, "num_statements": 17, "percent_covered": 100.0, "percent_covered_display": "100", "missing_lines": 0, "excluded_lines": 0}, "missing_lines": [], "excluded_lines": []}, "MaintenanceService.verify_data_integrity": {"executed_lines": [286, 293, 294, 295, 299, 300, 302, 303, 307, 308, 314, 315, 316, 317, 319, 320, 324, 325, 331, 332, 333, 335, 336, 340, 341, 346], "summary": {"covered_lines": 26, "num_statements": 26, "percent_covered": 100.0, "percent_covered_display": "100", "missing_lines": 0, "excluded_lines": 0}, "missing_lines": [], "excluded_lines": []}, "": {"executed_lines": [1, 7, 9, 10, 11, 12, 15, 16, 17, 20, 21, 32, 53, 54, 72, 107, 140, 220, 236, 279], "summary": {"covered_lines": 18, "num_statements": 18, "percent_covered": 100.0, "percent_covered_display": "100", "missing_lines": 0, "excluded_lines": 0}, "missing_lines": [], "excluded_lines": []}}, "classes": {"MaintenanceService": {"executed_lines": [48, 49, 50, 51, 66, 67, 68, 69, 70, 86, 89, 91, 92, 94, 98, 99, 100, 101, 103, 105, 117, 118, 120, 121, 123, 125, 128, 130, 131, 132, 134, 147, 153, 154, 155, 156, 157, 159, 164, 165, 171, 172, 173, 174, 176, 181, 182, 188, 190, 192, 197, 198, 204, 206, 208, 212, 213, 218, 227, 230, 231, 232, 233, 234, 243, 245, 247, 249, 250, 252, 254, 256, 260, 264, 267, 270, 271, 273, 274, 275, 277, 286, 293, 294, 295, 299, 300, 302, 303, 307, 308, 314, 315, 316, 317, 319, 320, 324, 325, 331, 332, 333, 335, 336, 340, 341, 346], "summary": {"covered_lines": 107, "num_statements": 107, "percent_covered": 100.0, "percent_covered_display": "100", "missing_lines": 0, "excluded_lines": 0}, "missing_lines": [], "excluded_lines": []}, "": {"executed_lines": [1, 7, 9, 10, 11, 12, 15, 16, 17, 20, 21, 32, 53, 54, 72, 107, 140, 220, 236, 279], "summary": {"covered_lines": 18, "num_statements": 18, "percent_covered": 100.0, "percent_covered_display": "100", "missing_lines": 0, "excluded_lines": 0}, "missing_lines": [], "excluded_lines": []}}}, "app/services/relation_extraction_service.py": {"executed_lines": [1, 7, 8, 9, 10, 12, 15, 16, 18, 24, 27, 28, 36, 51, 61, 62, 65, 66, 68, 70, 73, 76, 79, 80, 81, 83, 86, 87, 90, 91, 93, 95, 104, 114, 115, 117, 139, 142, 143, 146, 147, 150, 151, 153, 154, 155, 158, 159, 161, 162, 165, 167, 168, 170, 172, 175, 177, 189, 190, 192, 194, 196, 207, 214, 216, 217, 218, 221, 222, 225, 227, 236, 239, 240, 241, 243, 245, 251, 269, 279, 280, 284, 286, 288, 297, 299, 300, 301, 303], "summary": {"covered_lines": 87, "num_statements": 93, "percent_covered": 93.54838709677419, "percent_covered_display": "94", "missing_lines": 6, "excluded_lines": 0}, "missing_lines": [29, 31, 32, 33, 63, 144], "excluded_lines": [], "functions": {"RelationExtractionService.__init__": {"executed_lines": [24, 27, 28, 36], "summary": {"covered_lines": 4, "num_statements": 8, "percent_covered": 50.0, "percent_covered_display": "50", "missing_lines": 4, "excluded_lines": 0}, "missing_lines": [29, 31, 32, 33], "excluded_lines": []}, "RelationExtractionService.extract_relations": {"executed_lines": [61, 62, 65, 66, 68, 70, 73, 76, 79, 80, 81, 83, 86, 87, 90, 91, 93], "summary": {"covered_lines": 17, "num_statements": 18, "percent_covered": 94.44444444444444, "percent_covered_display": "94", "missing_lines": 1, "excluded_lines": 0}, "missing_lines": [63], "excluded_lines": []}, "RelationExtractionService._get_chunk_entities": {"executed_lines": [104, 114, 115], "summary": {"covered_lines": 3, "num_statements": 3, "percent_covered": 100.0, "percent_covered_display": "100", "missing_lines": 0, "excluded_lines": 0}, "missing_lines": [], "excluded_lines": []}, "RelationExtractionService._extract_relation_by_pattern": {"executed_lines": [139, 142, 143, 146, 147, 150, 151, 153, 154, 155, 158, 159, 161, 162, 165, 167, 168, 170, 172, 175, 177, 189, 190, 192, 194], "summary": {"covered_lines": 25, "num_statements": 26, "percent_covered": 96.15384615384616, "percent_covered_display": "96", "missing_lines": 1, "excluded_lines": 0}, "missing_lines": [144], "excluded_lines": []}, "RelationExtractionService._calculate_relation_confidence": {"executed_lines": [207, 214, 216, 217, 218, 221, 222, 225], "summary": {"covered_lines": 8, "num_statements": 8, "percent_covered": 100.0, "percent_covered_display": "100", "missing_lines": 0, "excluded_lines": 0}, "missing_lines": [], "excluded_lines": []}, "RelationExtractionService._extract_temporal_info": {"executed_lines": [236, 239, 240, 241, 243], "summary": {"covered_lines": 5, "num_statements": 5, "percent_covered": 100.0, "percent_covered_display": "100", "missing_lines": 0, "excluded_lines": 0}, "missing_lines": [], "excluded_lines": []}, "RelationExtractionService._store_relation": {"executed_lines": [251, 269, 279, 280, 284, 286], "summary": {"covered_lines": 6, "num_statements": 6, "percent_covered": 100.0, "percent_covered_display": "100", "missing_lines": 0, "excluded_lines": 0}, "missing_lines": [], "excluded_lines": []}, "RelationExtractionService.batch_extract_relations": {"executed_lines": [297, 299, 300, 301, 303], "summary": {"covered_lines": 5, "num_statements": 5, "percent_covered": 100.0, "percent_covered_display": "100", "missing_lines": 0, "excluded_lines": 0}, "missing_lines": [], "excluded_lines": []}, "": {"executed_lines": [1, 7, 8, 9, 10, 12, 15, 16, 18, 51, 95, 117, 196, 227, 245, 288], "summary": {"covered_lines": 14, "num_statements": 14, "percent_covered": 100.0, "percent_covered_display": "100", "missing_lines": 0, "excluded_lines": 0}, "missing_lines": [], "excluded_lines": []}}, "classes": {"RelationExtractionService": {"executed_lines": [24, 27, 28, 36, 61, 62, 65, 66, 68, 70, 73, 76, 79, 80, 81, 83, 86, 87, 90, 91, 93, 104, 114, 115, 139, 142, 143, 146, 147, 150, 151, 153, 154, 155, 158, 159, 161, 162, 165, 167, 168, 170, 172, 175, 177, 189, 190, 192, 194, 207, 214, 216, 217, 218, 221, 222, 225, 236, 239, 240, 241, 243, 251, 269, 279, 280, 284, 286, 297, 299, 300, 301, 303], "summary": {"covered_lines": 73, "num_statements": 79, "percent_covered": 92.40506329113924, "percent_covered_display": "92", "missing_lines": 6, "excluded_lines": 0}, "missing_lines": [29, 31, 32, 33, 63, 144], "excluded_lines": []}, "": {"executed_lines": [1, 7, 8, 9, 10, 12, 15, 16, 18, 51, 95, 117, 196, 227, 245, 288], "summary": {"covered_lines": 14, "num_statements": 14, "percent_covered": 100.0, "percent_covered_display": "100", "missing_lines": 0, "excluded_lines": 0}, "missing_lines": [], "excluded_lines": []}}}, "app/services/search_service.py": {"executed_lines": [1, 6, 7, 9, 11, 14, 15, 29, 50, 51, 52, 53, 54, 55, 56, 58, 75, 76, 77, 80, 81, 82, 83, 89, 90, 94, 95, 104, 105, 107, 108, 109, 115, 116, 119, 120, 131, 137, 139, 159, 169, 172, 173, 174, 179, 180, 183, 185, 190, 200, 205, 206, 207, 209, 217, 227, 231, 238, 239], "summary": {"covered_lines": 57, "num_statements": 70, "percent_covered": 81.42857142857143, "percent_covered_display": "81", "missing_lines": 13, "excluded_lines": 0}, "missing_lines": [85, 86, 100, 101, 111, 112, 132, 133, 134, 160, 161, 202, 228], "excluded_lines": [], "functions": {"SearchService.__init__": {"executed_lines": [50, 51, 52, 53, 54, 55, 56], "summary": {"covered_lines": 7, "num_statements": 7, "percent_covered": 100.0, "percent_covered_display": "100", "missing_lines": 0, "excluded_lines": 0}, "missing_lines": [], "excluded_lines": []}, "SearchService.search": {"executed_lines": [75, 76, 77, 80, 81, 82, 83, 89, 90, 94, 95, 104, 105, 107, 108, 109, 115, 116, 119, 120, 131, 137], "summary": {"covered_lines": 22, "num_statements": 31, "percent_covered": 70.96774193548387, "percent_covered_display": "71", "missing_lines": 9, "excluded_lines": 0}, "missing_lines": [85, 86, 100, 101, 111, 112, 132, 133, 134], "excluded_lines": []}, "SearchService.query_with_citations": {"executed_lines": [159, 169, 172, 173, 174, 179, 180, 183, 185, 190, 200, 205, 206, 207, 209], "summary": {"covered_lines": 15, "num_statements": 18, "percent_covered": 83.33333333333333, "percent_covered_display": "83", "missing_lines": 3, "excluded_lines": 0}, "missing_lines": [160, 161, 202], "excluded_lines": []}, "SearchService._get_relevant_chunks": {"executed_lines": [227, 231, 238, 239], "summary": {"covered_lines": 4, "num_statements": 5, "percent_covered": 80.0, "percent_covered_display": "80", "missing_lines": 1, "excluded_lines": 0}, "missing_lines": [228], "excluded_lines": []}, "": {"executed_lines": [1, 6, 7, 9, 11, 14, 15, 29, 58, 139, 217], "summary": {"covered_lines": 9, "num_statements": 9, "percent_covered": 100.0, "percent_covered_display": "100", "missing_lines": 0, "excluded_lines": 0}, "missing_lines": [], "excluded_lines": []}}, "classes": {"SearchService": {"executed_lines": [50, 51, 52, 53, 54, 55, 56, 75, 76, 77, 80, 81, 82, 83, 89, 90, 94, 95, 104, 105, 107, 108, 109, 115, 116, 119, 120, 131, 137, 159, 169, 172, 173, 174, 179, 180, 183, 185, 190, 200, 205, 206, 207, 209, 227, 231, 238, 239], "summary": {"covered_lines": 48, "num_statements": 61, "percent_covered": 78.68852459016394, "percent_covered_display": "79", "missing_lines": 13, "excluded_lines": 0}, "missing_lines": [85, 86, 100, 101, 111, 112, 132, 133, 134, 160, 161, 202, 228], "excluded_lines": []}, "": {"executed_lines": [1, 6, 7, 9, 11, 14, 15, 29, 58, 139, 217], "summary": {"covered_lines": 9, "num_statements": 9, "percent_covered": 100.0, "percent_covered_display": "100", "missing_lines": 0, "excluded_lines": 0}, "missing_lines": [], "excluded_lines": []}}}, "app/workers/__init__.py": {"executed_lines": [], "summary": {"covered_lines": 0, "num_statements": 0, "percent_covered": 100.0, "percent_covered_display": "100", "missing_lines": 0, "excluded_lines": 0}, "missing_lines": [], "excluded_lines": [], "functions": {"": {"executed_lines": [], "summary": {"covered_lines": 0, "num_statements": 0, "percent_covered": 100.0, "percent_covered_display": "100", "missing_lines": 0, "excluded_lines": 0}, "missing_lines": [], "excluded_lines": []}}, "classes": {"": {"executed_lines": [], "summary": {"covered_lines": 0, "num_statements": 0, "percent_covered": 100.0, "percent_covered_display": "100", "missing_lines": 0, "excluded_lines": 0}, "missing_lines": [], "excluded_lines": []}}}}, "totals": {"covered_lines": 2809, "num_statements": 3165, "percent_covered": 88.75197472353871, "percent_covered_display": "89", "missing_lines": 356, "excluded_lines": 296}}